2025-03-21 22:49:03,805 - make_task_list.py[line:106] - INFO: 任务是school-year-month形
2025-03-21 22:49:04,988 - make_task_list.py[line:106] - INFO: 任务是school-year-month形
2025-03-21 22:49:04,989 - crawl.py[line:81] - INFO: downloads\4111010001_北京大学\2022\January文件夹已经建立
2025-03-21 22:49:09,366 - crawl.py[line:189] - INFO: Click the search btn succeed
2025-03-21 22:49:16,111 - crawl.py[line:267] - INFO: 1022 records found, divided into 21 pages
2025-03-21 22:49:21,439 - crawl.py[line:299] - INFO: SHGC202201028已经爬过啦！
2025-03-21 22:49:21,487 - crawl.py[line:299] - INFO: SHGC202201019已经爬过啦！
2025-03-21 22:49:21,500 - crawl.py[line:299] - INFO: SHGC202201026已经爬过啦！
2025-03-21 22:49:21,572 - crawl.py[line:299] - INFO: JYJY202201019已经爬过啦！
2025-03-21 22:49:21,644 - crawl.py[line:299] - INFO: JIYJ202201002已经爬过啦！
2025-03-21 22:49:21,715 - crawl.py[line:299] - INFO: DMSJ202201004已经爬过啦！
2025-03-21 22:49:21,760 - crawl.py[line:299] - INFO: MBDH202201010已经爬过啦！
2025-03-21 22:49:21,773 - crawl.py[line:299] - INFO: MZBL202202048已经爬过啦！
2025-03-21 22:49:21,788 - crawl.py[line:299] - INFO: MZBL202202018已经爬过啦！
2025-03-21 22:49:21,817 - crawl.py[line:332] - ERROR: 不是期刊
2025-03-21 22:49:21,920 - crawl.py[line:332] - ERROR: 不是期刊
2025-03-21 22:49:21,974 - crawl.py[line:332] - ERROR: 不是期刊
2025-03-21 22:49:21,999 - crawl.py[line:332] - ERROR: 不是期刊
2025-03-21 22:49:22,082 - crawl.py[line:332] - ERROR: 不是期刊
2025-03-21 22:49:22,132 - crawl.py[line:332] - ERROR: 不是期刊
2025-03-21 22:49:22,187 - crawl.py[line:332] - ERROR: 不是期刊
2025-03-21 22:49:22,282 - crawl.py[line:332] - ERROR: 不是期刊
2025-03-21 22:49:22,408 - crawl.py[line:332] - ERROR: 不是期刊
2025-03-21 22:49:22,542 - crawl.py[line:332] - ERROR: 不是期刊
2025-03-21 22:49:22,617 - crawl.py[line:332] - ERROR: 不是期刊
2025-03-21 22:49:22,641 - crawl.py[line:332] - ERROR: 不是期刊
2025-03-21 22:49:22,662 - crawl.py[line:332] - ERROR: 不是期刊
2025-03-21 22:49:22,771 - crawl.py[line:332] - ERROR: 不是期刊
2025-03-21 22:49:22,825 - crawl.py[line:332] - ERROR: 不是期刊
2025-03-21 22:49:22,847 - crawl.py[line:332] - ERROR: 不是期刊
2025-03-21 22:49:23,090 - crawl.py[line:332] - ERROR: 不是期刊
2025-03-21 22:49:23,130 - crawl.py[line:332] - ERROR: 不是期刊
2025-03-21 22:49:23,168 - crawl.py[line:332] - ERROR: 不是期刊
2025-03-21 22:49:23,282 - crawl.py[line:299] - INFO: ZLCY202201017已经爬过啦！
2025-03-21 22:49:23,342 - crawl.py[line:299] - INFO: QBLL202203003已经爬过啦！
2025-03-21 22:49:23,432 - crawl.py[line:299] - INFO: ZLCY202201005已经爬过啦！
2025-03-21 22:49:23,503 - crawl.py[line:299] - INFO: GDYB202205004已经爬过啦！
2025-03-21 22:49:23,600 - crawl.py[line:299] - INFO: HNZX202202014已经爬过啦！
2025-03-21 22:49:23,682 - crawl.py[line:299] - INFO: TWSZ202206012已经爬过啦！
2025-03-21 22:49:23,722 - crawl.py[line:299] - INFO: CSGH202201004已经爬过啦！
2025-03-21 22:49:23,737 - crawl.py[line:299] - INFO: STXZ202208004已经爬过啦！
2025-03-21 22:49:23,753 - crawl.py[line:299] - INFO: QKYX202208012已经爬过啦！
2025-03-21 22:49:23,767 - crawl.py[line:299] - INFO: HJGC202208001已经爬过啦！
2025-03-21 22:49:23,785 - crawl.py[line:299] - INFO: QKYX202208009已经爬过啦！
2025-03-21 22:49:23,855 - crawl.py[line:299] - INFO: DLKX202201009已经爬过啦！
2025-03-21 22:49:23,941 - crawl.py[line:299] - INFO: KXTB202203001已经爬过啦！
2025-03-21 22:49:24,102 - crawl.py[line:299] - INFO: RMLT202202010已经爬过啦！
2025-03-21 22:49:24,241 - crawl.py[line:299] - INFO: YYPF202201013已经爬过啦！
2025-03-21 22:49:24,320 - crawl.py[line:299] - INFO: ZLZD202201002已经爬过啦！
2025-03-21 22:49:24,453 - crawl.py[line:299] - INFO: ZLZD202201003已经爬过啦！
2025-03-21 22:49:24,505 - crawl.py[line:299] - INFO: ZLZD202201004已经爬过啦！
2025-03-21 22:49:24,530 - crawl.py[line:299] - INFO: ZLZD202201005已经爬过啦！
2025-03-21 22:49:24,552 - crawl.py[line:299] - INFO: ZGWK202202021已经爬过啦！
2025-03-21 22:49:24,576 - crawl.py[line:299] - INFO: ZGZL202202010已经爬过啦！
2025-03-21 22:49:24,594 - crawl.py[line:299] - INFO: ZLZD202201008已经爬过啦！
2025-03-21 22:49:29,614 - crawl.py[line:299] - INFO: ZLZD202201010已经爬过啦！
2025-03-21 22:49:29,698 - crawl.py[line:299] - INFO: ZLZD202201011已经爬过啦！
2025-03-21 22:49:29,717 - crawl.py[line:299] - INFO: ZLZD202201015已经爬过啦！
2025-03-21 22:49:29,729 - crawl.py[line:299] - INFO: ZLZD202201017已经爬过啦！
2025-03-21 22:49:29,745 - crawl.py[line:299] - INFO: ZLZD202201018已经爬过啦！
2025-03-21 22:49:29,770 - crawl.py[line:299] - INFO: JPXB202201020已经爬过啦！
2025-03-21 22:49:29,831 - crawl.py[line:299] - INFO: JPXB202201016已经爬过啦！
2025-03-21 22:49:29,898 - crawl.py[line:299] - INFO: YYPF202201017已经爬过啦！
2025-03-21 22:49:29,977 - crawl.py[line:299] - INFO: YYPF202201023已经爬过啦！
2025-03-21 22:49:30,054 - crawl.py[line:299] - INFO: YYPF202201026已经爬过啦！
2025-03-21 22:49:30,080 - crawl.py[line:299] - INFO: WSYJ202201017已经爬过啦！
2025-03-21 22:49:30,094 - crawl.py[line:299] - INFO: GCDQ202201008已经爬过啦！
2025-03-21 22:49:30,108 - crawl.py[line:299] - INFO: NXDX202201011已经爬过啦！
2025-03-21 22:49:30,121 - crawl.py[line:299] - INFO: NXDX202201018已经爬过啦！
2025-03-21 22:49:33,882 - crawl.py[line:379] - INFO: 论文：(ZCRY202202014) 子页面信息提取完成！
2025-03-21 22:49:33,967 - crawl.py[line:472] - INFO: 论文：(ZCRY202202014) 子页面信息处理全部结束！
2025-03-21 22:49:36,813 - crawl.py[line:604] - INFO: 论文：XCYS202203027无基金资助！
2025-03-21 22:49:36,960 - crawl.py[line:379] - INFO: 论文：(XCYS202203027) 子页面信息提取完成！
2025-03-21 22:49:37,070 - crawl.py[line:472] - INFO: 论文：(XCYS202203027) 子页面信息处理全部结束！
2025-03-21 22:49:40,383 - crawl.py[line:604] - INFO: 论文：ZFSJ202201012无基金资助！
2025-03-21 22:49:40,539 - crawl.py[line:379] - INFO: 论文：(ZFSJ202201012) 子页面信息提取完成！
2025-03-21 22:49:40,577 - crawl.py[line:472] - INFO: 论文：(ZFSJ202201012) 子页面信息处理全部结束！
2025-03-21 22:49:43,335 - crawl.py[line:379] - INFO: 论文：(ZFSJ202201002) 子页面信息提取完成！
2025-03-21 22:49:43,415 - crawl.py[line:472] - INFO: 论文：(ZFSJ202201002) 子页面信息处理全部结束！
2025-03-21 22:49:46,486 - crawl.py[line:379] - INFO: 论文：(XCSZ202201005) 子页面信息提取完成！
2025-03-21 22:49:46,540 - crawl.py[line:472] - INFO: 论文：(XCSZ202201005) 子页面信息处理全部结束！
2025-03-21 22:49:48,967 - crawl.py[line:379] - INFO: 论文：(GSZF202201007) 子页面信息提取完成！
2025-03-21 22:49:49,029 - crawl.py[line:472] - INFO: 论文：(GSZF202201007) 子页面信息处理全部结束！
2025-03-21 22:49:51,884 - crawl.py[line:379] - INFO: 论文：(ZYYF202201004) 子页面信息提取完成！
2025-03-21 22:49:51,952 - crawl.py[line:472] - INFO: 论文：(ZYYF202201004) 子页面信息处理全部结束！
2025-03-21 22:49:54,177 - crawl.py[line:604] - INFO: 论文：GSZF202201010无基金资助！
2025-03-21 22:49:54,336 - crawl.py[line:379] - INFO: 论文：(GSZF202201010) 子页面信息提取完成！
2025-03-21 22:49:54,404 - crawl.py[line:472] - INFO: 论文：(GSZF202201010) 子页面信息处理全部结束！
2025-03-21 22:49:57,081 - crawl.py[line:379] - INFO: 论文：(LZZB202201016) 子页面信息提取完成！
2025-03-21 22:49:57,175 - crawl.py[line:472] - INFO: 论文：(LZZB202201016) 子页面信息处理全部结束！
2025-03-21 22:50:00,591 - crawl.py[line:379] - INFO: 论文：(ZSPZ202201019) 子页面信息提取完成！
2025-03-21 22:50:00,677 - crawl.py[line:472] - INFO: 论文：(ZSPZ202201019) 子页面信息处理全部结束！
2025-03-21 22:50:03,404 - crawl.py[line:592] - INFO: 论文：DYPJ202202001无关键词！
2025-03-21 22:50:03,529 - crawl.py[line:379] - INFO: 论文：(DYPJ202202001) 子页面信息提取完成！
2025-03-21 22:50:03,686 - crawl.py[line:472] - INFO: 论文：(DYPJ202202001) 子页面信息处理全部结束！
2025-03-21 22:50:05,601 - crawl.py[line:592] - INFO: 论文：DYPJ202202002无关键词！
2025-03-21 22:50:05,691 - crawl.py[line:379] - INFO: 论文：(DYPJ202202002) 子页面信息提取完成！
2025-03-21 22:50:05,762 - crawl.py[line:472] - INFO: 论文：(DYPJ202202002) 子页面信息处理全部结束！
2025-03-21 22:50:07,874 - crawl.py[line:604] - INFO: 论文：HJBI202201006无基金资助！
2025-03-21 22:50:08,347 - crawl.py[line:379] - INFO: 论文：(HJBI202201006) 子页面信息提取完成！
2025-03-21 22:50:08,420 - crawl.py[line:472] - INFO: 论文：(HJBI202201006) 子页面信息处理全部结束！
2025-03-21 22:50:11,486 - crawl.py[line:379] - INFO: 论文：(HJBI202201002) 子页面信息提取完成！
2025-03-21 22:50:11,550 - crawl.py[line:472] - INFO: 论文：(HJBI202201002) 子页面信息处理全部结束！
2025-03-21 22:50:11,581 - crawl.py[line:332] - ERROR: 不是期刊
2025-03-21 22:50:11,610 - crawl.py[line:332] - ERROR: 不是期刊
2025-03-21 22:50:11,637 - crawl.py[line:332] - ERROR: 不是期刊
2025-03-21 22:50:14,284 - crawl.py[line:379] - INFO: 论文：(ZLCY202201048) 子页面信息提取完成！
2025-03-21 22:50:14,326 - crawl.py[line:472] - INFO: 论文：(ZLCY202201048) 子页面信息处理全部结束！
