2025-03-24 22:37:59,501 - make_task_list.py[line:106] - INFO: 任务是school-year-month形
2025-03-24 22:37:59,698 - make_task_list.py[line:106] - INFO: 任务是school-year-month形
2025-03-24 22:37:59,713 - crawl.py[line:81] - INFO: downloads\4111010006_北京航空航天大学\2022\February文件夹已经建立
2025-03-24 22:37:59,713 - crawl.py[line:81] - INFO: downloads\4111010006_北京航空航天大学\2022\January文件夹已经建立
2025-03-24 22:37:59,713 - crawl.py[line:81] - INFO: downloads\4111010006_北京航空航天大学\2022\March文件夹已经建立
2025-03-24 22:37:59,713 - crawl.py[line:81] - INFO: downloads\4111010006_北京航空航天大学\2022\April文件夹已经建立
2025-03-24 22:37:59,714 - crawl.py[line:85] - INFO: downloads\4111010006_北京航空航天大学\2022\January已经全部完成，无需再次进行！
2025-03-24 22:37:59,714 - crawl.py[line:85] - INFO: downloads\4111010006_北京航空航天大学\2022\February已经全部完成，无需再次进行！
2025-03-24 22:37:59,714 - crawl.py[line:85] - INFO: downloads\4111010006_北京航空航天大学\2022\March已经全部完成，无需再次进行！
2025-03-24 22:37:59,716 - crawl.py[line:81] - INFO: downloads\4111010006_北京航空航天大学\2022\May文件夹已经建立
2025-03-24 22:37:59,716 - crawl.py[line:85] - INFO: downloads\4111010006_北京航空航天大学\2022\April已经全部完成，无需再次进行！
2025-03-24 22:37:59,716 - crawl.py[line:81] - INFO: downloads\4111010006_北京航空航天大学\2022\June文件夹已经建立
2025-03-24 22:37:59,717 - crawl.py[line:85] - INFO: downloads\4111010006_北京航空航天大学\2022\May已经全部完成，无需再次进行！
2025-03-24 22:37:59,717 - crawl.py[line:85] - INFO: downloads\4111010006_北京航空航天大学\2022\June已经全部完成，无需再次进行！
2025-03-24 22:37:59,717 - crawl.py[line:81] - INFO: downloads\4111010006_北京航空航天大学\2022\July文件夹已经建立
2025-03-24 22:37:59,718 - crawl.py[line:81] - INFO: downloads\4111010006_北京航空航天大学\2022\August文件夹已经建立
2025-03-24 22:37:59,719 - crawl.py[line:81] - INFO: downloads\4111010006_北京航空航天大学\2022\September文件夹已经建立
2025-03-24 22:37:59,719 - crawl.py[line:85] - INFO: downloads\4111010006_北京航空航天大学\2022\July已经全部完成，无需再次进行！
2025-03-24 22:37:59,719 - crawl.py[line:85] - INFO: downloads\4111010006_北京航空航天大学\2022\September已经全部完成，无需再次进行！
2025-03-24 22:37:59,720 - crawl.py[line:81] - INFO: downloads\4111010006_北京航空航天大学\2022\October文件夹已经建立
2025-03-24 22:37:59,720 - crawl.py[line:81] - INFO: downloads\4111010006_北京航空航天大学\2022\December文件夹已经建立
2025-03-24 22:37:59,720 - crawl.py[line:81] - INFO: downloads\4111010006_北京航空航天大学\2022\November文件夹已经建立
2025-03-24 22:37:59,721 - crawl.py[line:85] - INFO: downloads\4111010006_北京航空航天大学\2022\December已经全部完成，无需再次进行！
2025-03-24 22:37:59,720 - crawl.py[line:81] - INFO: downloads\4111010006_北京航空航天大学\2023\February文件夹已经建立
2025-03-24 22:37:59,720 - crawl.py[line:85] - INFO: downloads\4111010006_北京航空航天大学\2022\August已经全部完成，无需再次进行！
2025-03-24 22:37:59,799 - crawl.py[line:85] - INFO: downloads\4111010006_北京航空航天大学\2023\February已经全部完成，无需再次进行！
2025-03-24 22:37:59,720 - crawl.py[line:81] - INFO: downloads\4111010006_北京航空航天大学\2023\March文件夹已经建立
2025-03-24 22:37:59,720 - crawl.py[line:81] - INFO: downloads\4111010006_北京航空航天大学\2023\January文件夹已经建立
2025-03-24 22:37:59,721 - crawl.py[line:85] - INFO: downloads\4111010006_北京航空航天大学\2022\November已经全部完成，无需再次进行！
2025-03-24 22:37:59,721 - crawl.py[line:81] - INFO: downloads\4111010006_北京航空航天大学\2023\April文件夹已经建立
2025-03-24 22:37:59,734 - crawl.py[line:81] - INFO: downloads\4111010006_北京航空航天大学\2023\May文件夹已经建立
2025-03-24 22:37:59,766 - crawl.py[line:81] - INFO: downloads\4111010006_北京航空航天大学\2023\June文件夹已经建立
2025-03-24 22:37:59,766 - crawl.py[line:81] - INFO: downloads\4111010006_北京航空航天大学\2023\July文件夹已经建立
2025-03-24 22:37:59,721 - crawl.py[line:85] - INFO: downloads\4111010006_北京航空航天大学\2022\October已经全部完成，无需再次进行！
2025-03-24 22:37:59,799 - crawl.py[line:81] - INFO: downloads\4111010006_北京航空航天大学\2023\August文件夹已经建立
2025-03-24 22:37:59,812 - crawl.py[line:85] - INFO: downloads\4111010006_北京航空航天大学\2023\March已经全部完成，无需再次进行！
2025-03-24 22:37:59,812 - crawl.py[line:81] - INFO: downloads\4111010006_北京航空航天大学\2023\September文件夹已经建立
2025-03-24 22:37:59,828 - crawl.py[line:85] - INFO: downloads\4111010006_北京航空航天大学\2023\January已经全部完成，无需再次进行！
2025-03-24 22:37:59,844 - crawl.py[line:81] - INFO: downloads\4111010006_北京航空航天大学\2023\October文件夹已经建立
2025-03-24 22:37:59,849 - crawl.py[line:85] - INFO: downloads\4111010006_北京航空航天大学\2023\July已经全部完成，无需再次进行！
2025-03-24 22:37:59,865 - crawl.py[line:85] - INFO: downloads\4111010006_北京航空航天大学\2023\June已经全部完成，无需再次进行！
2025-03-24 22:37:59,871 - crawl.py[line:81] - INFO: downloads\4111010006_北京航空航天大学\2023\November文件夹已经建立
2025-03-24 22:37:59,962 - crawl.py[line:81] - INFO: downloads\4111010006_北京航空航天大学\2024\March文件夹已经建立
2025-03-24 22:37:59,892 - crawl.py[line:85] - INFO: downloads\4111010006_北京航空航天大学\2023\April已经全部完成，无需再次进行！
2025-03-24 22:37:59,921 - crawl.py[line:81] - INFO: downloads\4111010006_北京航空航天大学\2024\January文件夹已经建立
2025-03-24 22:37:59,930 - crawl.py[line:85] - INFO: downloads\4111010006_北京航空航天大学\2023\September已经全部完成，无需再次进行！
2025-03-24 22:37:59,935 - crawl.py[line:85] - INFO: downloads\4111010006_北京航空航天大学\2023\August已经全部完成，无需再次进行！
2025-03-24 22:37:59,961 - crawl.py[line:81] - INFO: downloads\4111010006_北京航空航天大学\2024\February文件夹已经建立
2025-03-24 22:37:59,891 - crawl.py[line:81] - INFO: downloads\4111010006_北京航空航天大学\2023\December文件夹已经建立
2025-03-24 22:37:59,963 - crawl.py[line:85] - INFO: downloads\4111010006_北京航空航天大学\2023\November已经全部完成，无需再次进行！
2025-03-24 22:38:00,019 - crawl.py[line:81] - INFO: downloads\4111010006_北京航空航天大学\2024\April文件夹已经建立
2025-03-24 22:38:00,019 - crawl.py[line:81] - INFO: downloads\4111010006_北京航空航天大学\2024\May文件夹已经建立
2025-03-24 22:38:00,033 - crawl.py[line:81] - INFO: downloads\4111010006_北京航空航天大学\2024\June文件夹已经建立
2025-03-24 22:38:00,092 - crawl.py[line:81] - INFO: downloads\4111010006_北京航空航天大学\2024\July文件夹已经建立
2025-03-24 22:39:08,542 - crawl.py[line:81] - INFO: downloads\4111010006_北京航空航天大学\2024\August文件夹已经建立
2025-03-24 22:39:08,561 - crawl.py[line:81] - INFO: downloads\4111010006_北京航空航天大学\2024\September文件夹已经建立
2025-03-24 22:39:09,780 - crawl.py[line:81] - INFO: downloads\4111010006_北京航空航天大学\2024\October文件夹已经建立
2025-03-24 22:39:10,133 - crawl.py[line:81] - INFO: downloads\4111010006_北京航空航天大学\2024\November文件夹已经建立
2025-03-24 22:39:10,151 - crawl.py[line:81] - INFO: downloads\4111010006_北京航空航天大学\2024\December文件夹已经建立
2025-03-24 22:39:10,240 - crawl.py[line:81] - INFO: downloads\4111010007_北京理工大学\2022\January文件夹已经建立
2025-03-24 22:39:10,255 - crawl.py[line:81] - INFO: downloads\4111010007_北京理工大学\2022\March文件夹已经建立
2025-03-24 22:39:10,255 - crawl.py[line:81] - INFO: downloads\4111010007_北京理工大学\2022\February文件夹已经建立
2025-03-24 22:39:10,304 - crawl.py[line:81] - INFO: downloads\4111010007_北京理工大学\2022\April文件夹已经建立
2025-03-24 22:39:11,291 - crawl.py[line:81] - INFO: downloads\4111010007_北京理工大学\2022\May文件夹已经建立
2025-03-24 22:39:45,132 - crawl.py[line:81] - INFO: downloads\4111010007_北京理工大学\2022\June文件夹已经建立
2025-03-24 22:39:45,160 - crawl.py[line:81] - INFO: downloads\4111010007_北京理工大学\2022\August文件夹已经建立
2025-03-24 22:39:45,161 - crawl.py[line:81] - INFO: downloads\4111010007_北京理工大学\2022\July文件夹已经建立
2025-03-24 22:39:45,161 - crawl.py[line:81] - INFO: downloads\4111010007_北京理工大学\2022\September文件夹已经建立
2025-03-24 22:39:45,161 - crawl.py[line:81] - INFO: downloads\4111010007_北京理工大学\2022\October文件夹已经建立
2025-03-24 22:39:45,547 - crawl.py[line:81] - INFO: downloads\4111010007_北京理工大学\2022\November文件夹已经建立
2025-03-24 22:39:45,547 - crawl.py[line:81] - INFO: downloads\4111010007_北京理工大学\2023\February文件夹已经建立
2025-03-24 22:39:45,549 - crawl.py[line:81] - INFO: downloads\4111010007_北京理工大学\2022\December文件夹已经建立
2025-03-24 22:39:45,549 - crawl.py[line:81] - INFO: downloads\4111010007_北京理工大学\2023\January文件夹已经建立
