2025-03-27 03:07:27,728 - make_task_list.py[line:106] - INFO: 任务是school-year-month形
2025-03-27 03:07:27,917 - make_task_list.py[line:106] - INFO: 任务是school-year-month形
2025-03-27 03:07:27,925 - crawl.py[line:43] - INFO: downloads\4111010006_北京航空航天大学\2022\January文件夹已经建立
2025-03-27 03:07:27,926 - crawl.py[line:43] - INFO: downloads\4111010006_北京航空航天大学\2022\February文件夹已经建立
2025-03-27 03:07:27,926 - crawl.py[line:47] - INFO: downloads\4111010006_北京航空航天大学\2022\February已经全部完成，无需再次进行！
2025-03-27 03:07:27,927 - crawl.py[line:47] - INFO: downloads\4111010006_北京航空航天大学\2022\January已经全部完成，无需再次进行！
2025-03-27 03:07:27,927 - crawl.py[line:43] - INFO: downloads\4111010006_北京航空航天大学\2022\April文件夹已经建立
2025-03-27 03:07:27,927 - crawl.py[line:43] - INFO: downloads\4111010006_北京航空航天大学\2022\May文件夹已经建立
2025-03-27 03:07:27,927 - crawl.py[line:43] - INFO: downloads\4111010006_北京航空航天大学\2022\March文件夹已经建立
2025-03-27 03:07:28,051 - crawl.py[line:43] - INFO: downloads\4111010006_北京航空航天大学\2022\July文件夹已经建立
2025-03-27 03:07:28,050 - crawl.py[line:43] - INFO: downloads\4111010006_北京航空航天大学\2022\June文件夹已经建立
2025-03-27 03:07:28,051 - crawl.py[line:47] - INFO: downloads\4111010006_北京航空航天大学\2022\May已经全部完成，无需再次进行！
2025-03-27 03:07:28,066 - crawl.py[line:47] - INFO: downloads\4111010006_北京航空航天大学\2022\March已经全部完成，无需再次进行！
2025-03-27 03:07:28,066 - crawl.py[line:47] - INFO: downloads\4111010006_北京航空航天大学\2022\April已经全部完成，无需再次进行！
2025-03-27 03:07:28,067 - crawl.py[line:47] - INFO: downloads\4111010006_北京航空航天大学\2022\June已经全部完成，无需再次进行！
2025-03-27 03:07:28,158 - crawl.py[line:47] - INFO: downloads\4111010006_北京航空航天大学\2022\July已经全部完成，无需再次进行！
2025-03-27 03:07:28,158 - crawl.py[line:43] - INFO: downloads\4111010006_北京航空航天大学\2022\September文件夹已经建立
2025-03-27 03:07:28,158 - crawl.py[line:43] - INFO: downloads\4111010006_北京航空航天大学\2022\August文件夹已经建立
2025-03-27 03:07:28,159 - crawl.py[line:47] - INFO: downloads\4111010006_北京航空航天大学\2022\September已经全部完成，无需再次进行！
2025-03-27 03:07:28,159 - crawl.py[line:43] - INFO: downloads\4111010006_北京航空航天大学\2023\January文件夹已经建立
2025-03-27 03:07:28,160 - crawl.py[line:47] - INFO: downloads\4111010006_北京航空航天大学\2022\August已经全部完成，无需再次进行！
2025-03-27 03:07:28,160 - crawl.py[line:47] - INFO: downloads\4111010006_北京航空航天大学\2023\January已经全部完成，无需再次进行！
2025-03-27 03:07:28,160 - crawl.py[line:43] - INFO: downloads\4111010006_北京航空航天大学\2022\November文件夹已经建立
2025-03-27 03:07:28,160 - crawl.py[line:43] - INFO: downloads\4111010006_北京航空航天大学\2022\October文件夹已经建立
2025-03-27 03:07:28,160 - crawl.py[line:47] - INFO: downloads\4111010006_北京航空航天大学\2022\November已经全部完成，无需再次进行！
2025-03-27 03:07:28,160 - crawl.py[line:43] - INFO: downloads\4111010006_北京航空航天大学\2022\December文件夹已经建立
2025-03-27 03:07:28,161 - crawl.py[line:47] - INFO: downloads\4111010006_北京航空航天大学\2022\October已经全部完成，无需再次进行！
2025-03-27 03:07:28,161 - crawl.py[line:47] - INFO: downloads\4111010006_北京航空航天大学\2022\December已经全部完成，无需再次进行！
2025-03-27 03:07:28,161 - crawl.py[line:43] - INFO: downloads\4111010006_北京航空航天大学\2023\February文件夹已经建立
2025-03-27 03:07:28,161 - crawl.py[line:43] - INFO: downloads\4111010006_北京航空航天大学\2023\March文件夹已经建立
2025-03-27 03:07:28,162 - crawl.py[line:47] - INFO: downloads\4111010006_北京航空航天大学\2023\February已经全部完成，无需再次进行！
2025-03-27 03:07:28,162 - crawl.py[line:43] - INFO: downloads\4111010006_北京航空航天大学\2023\May文件夹已经建立
2025-03-27 03:07:28,162 - crawl.py[line:47] - INFO: downloads\4111010006_北京航空航天大学\2023\March已经全部完成，无需再次进行！
2025-03-27 03:07:28,162 - crawl.py[line:43] - INFO: downloads\4111010006_北京航空航天大学\2023\June文件夹已经建立
2025-03-27 03:07:28,162 - crawl.py[line:43] - INFO: downloads\4111010006_北京航空航天大学\2023\April文件夹已经建立
2025-03-27 03:07:28,162 - crawl.py[line:47] - INFO: downloads\4111010006_北京航空航天大学\2023\May已经全部完成，无需再次进行！
2025-03-27 03:07:28,164 - crawl.py[line:47] - INFO: downloads\4111010006_北京航空航天大学\2023\June已经全部完成，无需再次进行！
2025-03-27 03:07:28,164 - crawl.py[line:43] - INFO: downloads\4111010006_北京航空航天大学\2023\July文件夹已经建立
2025-03-27 03:07:28,164 - crawl.py[line:47] - INFO: downloads\4111010006_北京航空航天大学\2023\April已经全部完成，无需再次进行！
2025-03-27 03:07:28,164 - crawl.py[line:43] - INFO: downloads\4111010006_北京航空航天大学\2023\August文件夹已经建立
2025-03-27 03:07:28,164 - crawl.py[line:47] - INFO: downloads\4111010006_北京航空航天大学\2023\July已经全部完成，无需再次进行！
2025-03-27 03:07:28,165 - crawl.py[line:47] - INFO: downloads\4111010006_北京航空航天大学\2023\August已经全部完成，无需再次进行！
2025-03-27 03:07:28,165 - crawl.py[line:43] - INFO: downloads\4111010006_北京航空航天大学\2023\September文件夹已经建立
2025-03-27 03:07:28,165 - crawl.py[line:43] - INFO: downloads\4111010006_北京航空航天大学\2024\January文件夹已经建立
2025-03-27 03:07:28,165 - crawl.py[line:43] - INFO: downloads\4111010006_北京航空航天大学\2023\October文件夹已经建立
2025-03-27 03:07:28,165 - crawl.py[line:47] - INFO: downloads\4111010006_北京航空航天大学\2024\January已经全部完成，无需再次进行！
2025-03-27 03:07:28,165 - crawl.py[line:43] - INFO: downloads\4111010006_北京航空航天大学\2024\February文件夹已经建立
2025-03-27 03:07:28,165 - crawl.py[line:43] - INFO: downloads\4111010006_北京航空航天大学\2023\November文件夹已经建立
2025-03-27 03:07:28,166 - crawl.py[line:47] - INFO: downloads\4111010006_北京航空航天大学\2024\February已经全部完成，无需再次进行！
2025-03-27 03:07:28,166 - crawl.py[line:47] - INFO: downloads\4111010006_北京航空航天大学\2023\September已经全部完成，无需再次进行！
2025-03-27 03:07:28,166 - crawl.py[line:47] - INFO: downloads\4111010006_北京航空航天大学\2023\October已经全部完成，无需再次进行！
2025-03-27 03:07:28,166 - crawl.py[line:47] - INFO: downloads\4111010006_北京航空航天大学\2023\November已经全部完成，无需再次进行！
2025-03-27 03:07:28,166 - crawl.py[line:43] - INFO: downloads\4111010006_北京航空航天大学\2023\December文件夹已经建立
2025-03-27 03:07:28,167 - crawl.py[line:47] - INFO: downloads\4111010006_北京航空航天大学\2023\December已经全部完成，无需再次进行！
2025-03-27 03:07:28,167 - crawl.py[line:43] - INFO: downloads\4111010006_北京航空航天大学\2024\April文件夹已经建立
2025-03-27 03:07:28,167 - crawl.py[line:43] - INFO: downloads\4111010006_北京航空航天大学\2024\May文件夹已经建立
2025-03-27 03:07:28,167 - crawl.py[line:43] - INFO: downloads\4111010006_北京航空航天大学\2024\March文件夹已经建立
2025-03-27 03:07:28,167 - crawl.py[line:43] - INFO: downloads\4111010006_北京航空航天大学\2024\June文件夹已经建立
2025-03-27 03:07:28,167 - crawl.py[line:47] - INFO: downloads\4111010006_北京航空航天大学\2024\April已经全部完成，无需再次进行！
2025-03-27 03:07:28,167 - crawl.py[line:43] - INFO: downloads\4111010006_北京航空航天大学\2024\July文件夹已经建立
2025-03-27 03:07:28,169 - crawl.py[line:47] - INFO: downloads\4111010006_北京航空航天大学\2024\June已经全部完成，无需再次进行！
2025-03-27 03:07:28,170 - crawl.py[line:47] - INFO: downloads\4111010006_北京航空航天大学\2024\May已经全部完成，无需再次进行！
2025-03-27 03:07:28,190 - crawl.py[line:43] - INFO: downloads\4111010006_北京航空航天大学\2024\August文件夹已经建立
2025-03-27 03:07:28,216 - crawl.py[line:43] - INFO: downloads\4111010006_北京航空航天大学\2024\October文件夹已经建立
2025-03-27 03:07:28,221 - crawl.py[line:47] - INFO: downloads\4111010006_北京航空航天大学\2024\October已经全部完成，无需再次进行！
2025-03-27 03:07:28,236 - crawl.py[line:47] - INFO: downloads\4111010006_北京航空航天大学\2024\August已经全部完成，无需再次进行！
2025-03-27 03:07:28,239 - crawl.py[line:43] - INFO: downloads\4111010006_北京航空航天大学\2024\September文件夹已经建立
2025-03-27 03:07:28,242 - crawl.py[line:43] - INFO: downloads\4111010006_北京航空航天大学\2024\December文件夹已经建立
2025-03-27 03:07:28,243 - crawl.py[line:43] - INFO: downloads\4111010006_北京航空航天大学\2024\November文件夹已经建立
2025-03-27 03:07:28,245 - crawl.py[line:47] - INFO: downloads\4111010006_北京航空航天大学\2024\December已经全部完成，无需再次进行！
2025-03-27 03:07:28,252 - crawl.py[line:43] - INFO: downloads\4111010007_北京理工大学\2022\January文件夹已经建立
2025-03-27 03:07:28,253 - crawl.py[line:47] - INFO: downloads\4111010007_北京理工大学\2022\January已经全部完成，无需再次进行！
2025-03-27 03:07:28,253 - crawl.py[line:43] - INFO: downloads\4111010007_北京理工大学\2022\February文件夹已经建立
2025-03-27 03:07:28,254 - crawl.py[line:47] - INFO: downloads\4111010007_北京理工大学\2022\February已经全部完成，无需再次进行！
2025-03-27 03:07:28,254 - crawl.py[line:43] - INFO: downloads\4111010007_北京理工大学\2022\March文件夹已经建立
2025-03-27 03:07:28,254 - crawl.py[line:47] - INFO: downloads\4111010007_北京理工大学\2022\March已经全部完成，无需再次进行！
2025-03-27 03:07:28,271 - crawl.py[line:43] - INFO: downloads\4111010007_北京理工大学\2022\April文件夹已经建立
2025-03-27 03:07:28,271 - crawl.py[line:47] - INFO: downloads\4111010006_北京航空航天大学\2024\September已经全部完成，无需再次进行！
2025-03-27 03:07:28,288 - crawl.py[line:47] - INFO: downloads\4111010007_北京理工大学\2022\April已经全部完成，无需再次进行！
2025-03-27 03:07:28,320 - crawl.py[line:43] - INFO: downloads\4111010007_北京理工大学\2022\June文件夹已经建立
2025-03-27 03:07:28,320 - crawl.py[line:47] - INFO: downloads\4111010007_北京理工大学\2022\June已经全部完成，无需再次进行！
2025-03-27 03:07:28,320 - crawl.py[line:43] - INFO: downloads\4111010007_北京理工大学\2022\July文件夹已经建立
2025-03-27 03:07:28,347 - crawl.py[line:43] - INFO: downloads\4111010007_北京理工大学\2022\May文件夹已经建立
2025-03-27 03:07:28,355 - crawl.py[line:47] - INFO: downloads\4111010007_北京理工大学\2022\May已经全部完成，无需再次进行！
2025-03-27 03:07:28,355 - crawl.py[line:47] - INFO: downloads\4111010007_北京理工大学\2022\July已经全部完成，无需再次进行！
2025-03-27 03:07:28,407 - crawl.py[line:43] - INFO: downloads\4111010007_北京理工大学\2022\August文件夹已经建立
2025-03-27 03:07:28,425 - crawl.py[line:43] - INFO: downloads\4111010007_北京理工大学\2022\September文件夹已经建立
2025-03-27 03:07:28,441 - crawl.py[line:47] - INFO: downloads\4111010007_北京理工大学\2022\August已经全部完成，无需再次进行！
2025-03-27 03:07:28,488 - crawl.py[line:43] - INFO: downloads\4111010007_北京理工大学\2022\October文件夹已经建立
2025-03-27 03:07:28,489 - crawl.py[line:47] - INFO: downloads\4111010007_北京理工大学\2022\October已经全部完成，无需再次进行！
2025-03-27 03:07:28,502 - crawl.py[line:43] - INFO: downloads\4111010007_北京理工大学\2022\November文件夹已经建立
2025-03-27 03:07:28,597 - crawl.py[line:47] - INFO: downloads\4111010007_北京理工大学\2022\November已经全部完成，无需再次进行！
2025-03-27 03:07:28,613 - crawl.py[line:43] - INFO: downloads\4111010007_北京理工大学\2022\December文件夹已经建立
2025-03-27 03:07:28,613 - crawl.py[line:47] - INFO: downloads\4111010007_北京理工大学\2022\December已经全部完成，无需再次进行！
2025-03-27 03:07:28,693 - crawl.py[line:43] - INFO: downloads\4111010007_北京理工大学\2023\January文件夹已经建立
2025-03-27 03:07:28,693 - crawl.py[line:47] - INFO: downloads\4111010007_北京理工大学\2023\January已经全部完成，无需再次进行！
2025-03-27 03:07:28,709 - crawl.py[line:43] - INFO: downloads\4111010007_北京理工大学\2023\February文件夹已经建立
2025-03-27 03:07:28,827 - crawl.py[line:47] - INFO: downloads\4111010007_北京理工大学\2023\February已经全部完成，无需再次进行！
2025-03-27 03:07:28,920 - crawl.py[line:43] - INFO: downloads\4111010007_北京理工大学\2023\March文件夹已经建立
2025-03-27 03:07:28,989 - crawl.py[line:47] - INFO: downloads\4111010007_北京理工大学\2023\March已经全部完成，无需再次进行！
2025-03-27 03:07:28,989 - crawl.py[line:43] - INFO: downloads\4111010007_北京理工大学\2023\April文件夹已经建立
2025-03-27 03:07:28,989 - crawl.py[line:47] - INFO: downloads\4111010007_北京理工大学\2023\April已经全部完成，无需再次进行！
2025-03-27 03:07:29,059 - crawl.py[line:43] - INFO: downloads\4111010007_北京理工大学\2023\May文件夹已经建立
2025-03-27 03:07:29,223 - crawl.py[line:47] - INFO: downloads\4111010007_北京理工大学\2023\May已经全部完成，无需再次进行！
2025-03-27 03:07:29,223 - crawl.py[line:43] - INFO: downloads\4111010007_北京理工大学\2023\June文件夹已经建立
2025-03-27 03:07:29,223 - crawl.py[line:47] - INFO: downloads\4111010007_北京理工大学\2023\June已经全部完成，无需再次进行！
2025-03-27 03:07:29,296 - crawl.py[line:43] - INFO: downloads\4111010007_北京理工大学\2023\July文件夹已经建立
2025-03-27 03:07:29,296 - crawl.py[line:47] - INFO: downloads\4111010007_北京理工大学\2023\July已经全部完成，无需再次进行！
2025-03-27 03:07:29,317 - crawl.py[line:43] - INFO: downloads\4111010007_北京理工大学\2023\August文件夹已经建立
2025-03-27 03:07:29,317 - crawl.py[line:47] - INFO: downloads\4111010007_北京理工大学\2023\August已经全部完成，无需再次进行！
2025-03-27 03:07:29,317 - crawl.py[line:43] - INFO: downloads\4111010007_北京理工大学\2023\September文件夹已经建立
2025-03-27 03:07:29,317 - crawl.py[line:47] - INFO: downloads\4111010007_北京理工大学\2023\September已经全部完成，无需再次进行！
2025-03-27 03:07:29,378 - crawl.py[line:43] - INFO: downloads\4111010007_北京理工大学\2023\October文件夹已经建立
2025-03-27 03:07:29,568 - crawl.py[line:47] - INFO: downloads\4111010007_北京理工大学\2023\October已经全部完成，无需再次进行！
2025-03-27 03:07:29,569 - crawl.py[line:43] - INFO: downloads\4111010007_北京理工大学\2023\November文件夹已经建立
2025-03-27 03:09:03,100 - crawl.py[line:234] - ERROR: 尝试次数超过设定次数，此次搜索作废，之后再议
2025-03-27 03:09:03,620 - crawl.py[line:234] - ERROR: 尝试次数超过设定次数，此次搜索作废，之后再议
2025-03-27 03:09:04,140 - crawl.py[line:234] - ERROR: 尝试次数超过设定次数，此次搜索作废，之后再议
2025-03-27 03:09:04,582 - crawl.py[line:234] - ERROR: 尝试次数超过设定次数，此次搜索作废，之后再议
2025-03-27 03:09:04,701 - crawl.py[line:234] - ERROR: 尝试次数超过设定次数，此次搜索作废，之后再议
2025-03-27 03:09:15,721 - crawl.py[line:43] - INFO: downloads\4111010007_北京理工大学\2023\December文件夹已经建立
2025-03-27 03:09:15,722 - crawl.py[line:47] - INFO: downloads\4111010007_北京理工大学\2023\December已经全部完成，无需再次进行！
2025-03-27 03:09:15,722 - crawl.py[line:43] - INFO: downloads\4111010007_北京理工大学\2024\January文件夹已经建立
2025-03-27 03:09:15,722 - crawl.py[line:47] - INFO: downloads\4111010007_北京理工大学\2024\January已经全部完成，无需再次进行！
2025-03-27 03:09:15,722 - crawl.py[line:43] - INFO: downloads\4111010007_北京理工大学\2024\February文件夹已经建立
2025-03-27 03:09:15,723 - crawl.py[line:47] - INFO: downloads\4111010007_北京理工大学\2024\February已经全部完成，无需再次进行！
2025-03-27 03:09:15,723 - crawl.py[line:43] - INFO: downloads\4111010007_北京理工大学\2024\March文件夹已经建立
2025-03-27 03:09:15,723 - crawl.py[line:47] - INFO: downloads\4111010007_北京理工大学\2024\March已经全部完成，无需再次进行！
2025-03-27 03:09:15,723 - crawl.py[line:43] - INFO: downloads\4111010007_北京理工大学\2024\April文件夹已经建立
2025-03-27 03:09:16,760 - crawl.py[line:43] - INFO: downloads\4111010007_北京理工大学\2024\May文件夹已经建立
2025-03-27 03:09:16,871 - crawl.py[line:47] - INFO: downloads\4111010007_北京理工大学\2024\May已经全部完成，无需再次进行！
2025-03-27 03:09:17,189 - crawl.py[line:43] - INFO: downloads\4111010007_北京理工大学\2024\June文件夹已经建立
2025-03-27 03:09:17,378 - crawl.py[line:47] - INFO: downloads\4111010007_北京理工大学\2024\June已经全部完成，无需再次进行！
2025-03-27 03:09:17,378 - crawl.py[line:43] - INFO: downloads\4111010007_北京理工大学\2024\July文件夹已经建立
2025-03-27 03:09:17,379 - crawl.py[line:47] - INFO: downloads\4111010007_北京理工大学\2024\July已经全部完成，无需再次进行！
2025-03-27 03:09:17,379 - crawl.py[line:43] - INFO: downloads\4111010007_北京理工大学\2024\August文件夹已经建立
2025-03-27 03:09:17,379 - crawl.py[line:47] - INFO: downloads\4111010007_北京理工大学\2024\August已经全部完成，无需再次进行！
2025-03-27 03:09:17,444 - crawl.py[line:43] - INFO: downloads\4111010007_北京理工大学\2024\September文件夹已经建立
2025-03-27 03:09:17,473 - crawl.py[line:47] - INFO: downloads\4111010007_北京理工大学\2024\September已经全部完成，无需再次进行！
2025-03-27 03:09:17,666 - crawl.py[line:43] - INFO: downloads\4111010007_北京理工大学\2024\October文件夹已经建立
2025-03-27 03:09:17,666 - crawl.py[line:47] - INFO: downloads\4111010007_北京理工大学\2024\October已经全部完成，无需再次进行！
2025-03-27 03:09:17,666 - crawl.py[line:43] - INFO: downloads\4111010007_北京理工大学\2024\November文件夹已经建立
2025-03-27 03:09:17,667 - crawl.py[line:47] - INFO: downloads\4111010007_北京理工大学\2024\November已经全部完成，无需再次进行！
2025-03-27 03:09:17,667 - crawl.py[line:43] - INFO: downloads\4111010007_北京理工大学\2024\December文件夹已经建立
2025-03-27 03:09:17,667 - crawl.py[line:47] - INFO: downloads\4111010007_北京理工大学\2024\December已经全部完成，无需再次进行！
2025-03-27 03:09:17,822 - crawl.py[line:43] - INFO: downloads\4111010009_北方工业大学\2022\January文件夹已经建立
2025-03-27 03:09:17,825 - crawl.py[line:47] - INFO: downloads\4111010009_北方工业大学\2022\January已经全部完成，无需再次进行！
2025-03-27 03:09:17,951 - crawl.py[line:43] - INFO: downloads\4111010009_北方工业大学\2022\March文件夹已经建立
2025-03-27 03:09:17,967 - crawl.py[line:47] - INFO: downloads\4111010009_北方工业大学\2022\March已经全部完成，无需再次进行！
2025-03-27 03:09:17,968 - crawl.py[line:43] - INFO: downloads\4111010009_北方工业大学\2022\February文件夹已经建立
2025-03-27 03:09:17,968 - crawl.py[line:47] - INFO: downloads\4111010009_北方工业大学\2022\February已经全部完成，无需再次进行！
2025-03-27 03:09:17,968 - crawl.py[line:43] - INFO: downloads\4111010009_北方工业大学\2022\April文件夹已经建立
2025-03-27 03:09:17,982 - crawl.py[line:47] - INFO: downloads\4111010009_北方工业大学\2022\April已经全部完成，无需再次进行！
2025-03-27 03:09:17,982 - crawl.py[line:43] - INFO: downloads\4111010009_北方工业大学\2022\May文件夹已经建立
2025-03-27 03:09:17,983 - crawl.py[line:43] - INFO: downloads\4111010009_北方工业大学\2022\June文件夹已经建立
2025-03-27 03:09:17,983 - crawl.py[line:47] - INFO: downloads\4111010009_北方工业大学\2022\June已经全部完成，无需再次进行！
2025-03-27 03:09:18,011 - crawl.py[line:43] - INFO: downloads\4111010009_北方工业大学\2022\July文件夹已经建立
2025-03-27 03:09:18,012 - crawl.py[line:47] - INFO: downloads\4111010009_北方工业大学\2022\July已经全部完成，无需再次进行！
2025-03-27 03:09:18,012 - crawl.py[line:43] - INFO: downloads\4111010009_北方工业大学\2022\August文件夹已经建立
2025-03-27 03:09:18,012 - crawl.py[line:47] - INFO: downloads\4111010009_北方工业大学\2022\August已经全部完成，无需再次进行！
2025-03-27 03:09:18,013 - crawl.py[line:43] - INFO: downloads\4111010009_北方工业大学\2022\September文件夹已经建立
2025-03-27 03:09:18,013 - crawl.py[line:47] - INFO: downloads\4111010009_北方工业大学\2022\September已经全部完成，无需再次进行！
2025-03-27 03:09:18,033 - crawl.py[line:43] - INFO: downloads\4111010009_北方工业大学\2022\October文件夹已经建立
2025-03-27 03:09:18,034 - crawl.py[line:47] - INFO: downloads\4111010009_北方工业大学\2022\October已经全部完成，无需再次进行！
2025-03-27 03:09:18,034 - crawl.py[line:43] - INFO: downloads\4111010009_北方工业大学\2022\November文件夹已经建立
2025-03-27 03:09:18,034 - crawl.py[line:47] - INFO: downloads\4111010009_北方工业大学\2022\November已经全部完成，无需再次进行！
2025-03-27 03:09:18,034 - crawl.py[line:43] - INFO: downloads\4111010009_北方工业大学\2022\December文件夹已经建立
2025-03-27 03:09:18,035 - crawl.py[line:47] - INFO: downloads\4111010009_北方工业大学\2022\December已经全部完成，无需再次进行！
2025-03-27 03:09:18,035 - crawl.py[line:43] - INFO: downloads\4111010009_北方工业大学\2023\January文件夹已经建立
2025-03-27 03:09:18,035 - crawl.py[line:47] - INFO: downloads\4111010009_北方工业大学\2023\January已经全部完成，无需再次进行！
2025-03-27 03:09:18,035 - crawl.py[line:43] - INFO: downloads\4111010009_北方工业大学\2023\February文件夹已经建立
2025-03-27 03:09:18,036 - crawl.py[line:47] - INFO: downloads\4111010009_北方工业大学\2023\February已经全部完成，无需再次进行！
2025-03-27 03:09:18,036 - crawl.py[line:43] - INFO: downloads\4111010009_北方工业大学\2023\March文件夹已经建立
2025-03-27 03:09:18,036 - crawl.py[line:47] - INFO: downloads\4111010009_北方工业大学\2023\March已经全部完成，无需再次进行！
2025-03-27 03:09:18,036 - crawl.py[line:43] - INFO: downloads\4111010009_北方工业大学\2023\April文件夹已经建立
2025-03-27 03:09:18,101 - crawl.py[line:43] - INFO: downloads\4111010009_北方工业大学\2023\May文件夹已经建立
2025-03-27 03:09:18,184 - crawl.py[line:47] - INFO: downloads\4111010009_北方工业大学\2023\May已经全部完成，无需再次进行！
2025-03-27 03:09:18,185 - crawl.py[line:43] - INFO: downloads\4111010009_北方工业大学\2023\June文件夹已经建立
2025-03-27 03:09:18,186 - crawl.py[line:43] - INFO: downloads\4111010009_北方工业大学\2023\July文件夹已经建立
2025-03-27 03:09:18,186 - crawl.py[line:47] - INFO: downloads\4111010009_北方工业大学\2023\June已经全部完成，无需再次进行！
2025-03-27 03:09:18,186 - crawl.py[line:47] - INFO: downloads\4111010009_北方工业大学\2023\July已经全部完成，无需再次进行！
2025-03-27 03:09:18,200 - crawl.py[line:43] - INFO: downloads\4111010009_北方工业大学\2023\September文件夹已经建立
2025-03-27 03:09:18,201 - crawl.py[line:47] - INFO: downloads\4111010009_北方工业大学\2023\September已经全部完成，无需再次进行！
2025-03-27 03:09:18,201 - crawl.py[line:43] - INFO: downloads\4111010009_北方工业大学\2023\August文件夹已经建立
2025-03-27 03:09:18,201 - crawl.py[line:47] - INFO: downloads\4111010009_北方工业大学\2023\August已经全部完成，无需再次进行！
2025-03-27 03:09:18,201 - crawl.py[line:43] - INFO: downloads\4111010009_北方工业大学\2023\October文件夹已经建立
2025-03-27 03:09:18,204 - crawl.py[line:47] - INFO: downloads\4111010009_北方工业大学\2023\October已经全部完成，无需再次进行！
2025-03-27 03:09:18,236 - crawl.py[line:43] - INFO: downloads\4111010009_北方工业大学\2023\December文件夹已经建立
2025-03-27 03:09:18,209 - crawl.py[line:43] - INFO: downloads\4111010009_北方工业大学\2023\November文件夹已经建立
2025-03-27 03:09:18,238 - crawl.py[line:47] - INFO: downloads\4111010009_北方工业大学\2023\December已经全部完成，无需再次进行！
2025-03-27 03:09:18,238 - crawl.py[line:47] - INFO: downloads\4111010009_北方工业大学\2023\November已经全部完成，无需再次进行！
2025-03-27 03:09:18,238 - crawl.py[line:43] - INFO: downloads\4111010009_北方工业大学\2024\January文件夹已经建立
2025-03-27 03:09:18,238 - crawl.py[line:47] - INFO: downloads\4111010009_北方工业大学\2024\January已经全部完成，无需再次进行！
2025-03-27 03:09:18,238 - crawl.py[line:43] - INFO: downloads\4111010009_北方工业大学\2024\March文件夹已经建立
2025-03-27 03:09:18,238 - crawl.py[line:47] - INFO: downloads\4111010009_北方工业大学\2024\March已经全部完成，无需再次进行！
2025-03-27 03:09:18,238 - crawl.py[line:43] - INFO: downloads\4111010009_北方工业大学\2024\April文件夹已经建立
2025-03-27 03:09:18,238 - crawl.py[line:47] - INFO: downloads\4111010009_北方工业大学\2024\April已经全部完成，无需再次进行！
2025-03-27 03:09:18,239 - crawl.py[line:43] - INFO: downloads\4111010009_北方工业大学\2024\May文件夹已经建立
2025-03-27 03:09:18,239 - crawl.py[line:47] - INFO: downloads\4111010009_北方工业大学\2024\May已经全部完成，无需再次进行！
2025-03-27 03:09:18,239 - crawl.py[line:43] - INFO: downloads\4111010009_北方工业大学\2024\June文件夹已经建立
2025-03-27 03:09:18,240 - crawl.py[line:43] - INFO: downloads\4111010009_北方工业大学\2024\February文件夹已经建立
2025-03-27 03:09:18,366 - crawl.py[line:47] - INFO: downloads\4111010009_北方工业大学\2024\February已经全部完成，无需再次进行！
2025-03-27 03:09:18,366 - crawl.py[line:43] - INFO: downloads\4111010009_北方工业大学\2024\July文件夹已经建立
2025-03-27 03:09:18,366 - crawl.py[line:47] - INFO: downloads\4111010009_北方工业大学\2024\July已经全部完成，无需再次进行！
2025-03-27 03:09:18,367 - crawl.py[line:43] - INFO: downloads\4111010009_北方工业大学\2024\August文件夹已经建立
2025-03-27 03:09:18,367 - crawl.py[line:47] - INFO: downloads\4111010009_北方工业大学\2024\August已经全部完成，无需再次进行！
2025-03-27 03:09:18,367 - crawl.py[line:43] - INFO: downloads\4111010009_北方工业大学\2024\September文件夹已经建立
2025-03-27 03:09:18,367 - crawl.py[line:47] - INFO: downloads\4111010009_北方工业大学\2024\September已经全部完成，无需再次进行！
2025-03-27 03:09:18,368 - crawl.py[line:43] - INFO: downloads\4111010009_北方工业大学\2024\October文件夹已经建立
2025-03-27 03:09:18,368 - crawl.py[line:47] - INFO: downloads\4111010009_北方工业大学\2024\October已经全部完成，无需再次进行！
2025-03-27 03:09:18,368 - crawl.py[line:43] - INFO: downloads\4111010009_北方工业大学\2024\November文件夹已经建立
2025-03-27 03:09:18,368 - crawl.py[line:47] - INFO: downloads\4111010009_北方工业大学\2024\November已经全部完成，无需再次进行！
2025-03-27 03:09:18,371 - crawl.py[line:43] - INFO: downloads\4111010009_北方工业大学\2024\December文件夹已经建立
2025-03-27 03:09:18,372 - crawl.py[line:47] - INFO: downloads\4111010009_北方工业大学\2024\December已经全部完成，无需再次进行！
2025-03-27 03:09:18,372 - crawl.py[line:43] - INFO: downloads\4111010016_北京建筑大学\2022\January文件夹已经建立
2025-03-27 03:09:18,372 - crawl.py[line:47] - INFO: downloads\4111010016_北京建筑大学\2022\January已经全部完成，无需再次进行！
2025-03-27 03:09:18,373 - crawl.py[line:43] - INFO: downloads\4111010016_北京建筑大学\2022\February文件夹已经建立
2025-03-27 03:09:18,373 - crawl.py[line:47] - INFO: downloads\4111010016_北京建筑大学\2022\February已经全部完成，无需再次进行！
2025-03-27 03:09:18,373 - crawl.py[line:43] - INFO: downloads\4111010016_北京建筑大学\2022\March文件夹已经建立
2025-03-27 03:09:18,373 - crawl.py[line:47] - INFO: downloads\4111010016_北京建筑大学\2022\March已经全部完成，无需再次进行！
2025-03-27 03:09:18,374 - crawl.py[line:43] - INFO: downloads\4111010016_北京建筑大学\2022\April文件夹已经建立
2025-03-27 03:10:50,287 - crawl.py[line:234] - ERROR: 尝试次数超过设定次数，此次搜索作废，之后再议
2025-03-27 03:10:51,157 - crawl.py[line:234] - ERROR: 尝试次数超过设定次数，此次搜索作废，之后再议
2025-03-27 03:10:51,303 - crawl.py[line:234] - ERROR: 尝试次数超过设定次数，此次搜索作废，之后再议
2025-03-27 03:10:51,398 - crawl.py[line:234] - ERROR: 尝试次数超过设定次数，此次搜索作废，之后再议
2025-03-27 03:10:53,057 - crawl.py[line:234] - ERROR: 尝试次数超过设定次数，此次搜索作废，之后再议
2025-03-27 03:11:05,670 - crawl.py[line:43] - INFO: downloads\4111010016_北京建筑大学\2022\May文件夹已经建立
2025-03-27 03:11:05,809 - crawl.py[line:47] - INFO: downloads\4111010016_北京建筑大学\2022\May已经全部完成，无需再次进行！
2025-03-27 03:11:05,865 - crawl.py[line:43] - INFO: downloads\4111010016_北京建筑大学\2022\June文件夹已经建立
2025-03-27 03:11:05,866 - crawl.py[line:47] - INFO: downloads\4111010016_北京建筑大学\2022\June已经全部完成，无需再次进行！
2025-03-27 03:11:05,866 - crawl.py[line:43] - INFO: downloads\4111010016_北京建筑大学\2022\July文件夹已经建立
2025-03-27 03:11:05,866 - crawl.py[line:47] - INFO: downloads\4111010016_北京建筑大学\2022\July已经全部完成，无需再次进行！
2025-03-27 03:11:05,867 - crawl.py[line:43] - INFO: downloads\4111010016_北京建筑大学\2022\August文件夹已经建立
2025-03-27 03:11:05,867 - crawl.py[line:47] - INFO: downloads\4111010016_北京建筑大学\2022\August已经全部完成，无需再次进行！
2025-03-27 03:11:05,867 - crawl.py[line:43] - INFO: downloads\4111010016_北京建筑大学\2022\September文件夹已经建立
2025-03-27 03:11:05,867 - crawl.py[line:47] - INFO: downloads\4111010016_北京建筑大学\2022\September已经全部完成，无需再次进行！
2025-03-27 03:11:05,868 - crawl.py[line:43] - INFO: downloads\4111010016_北京建筑大学\2022\October文件夹已经建立
2025-03-27 03:11:05,868 - crawl.py[line:47] - INFO: downloads\4111010016_北京建筑大学\2022\October已经全部完成，无需再次进行！
2025-03-27 03:11:05,868 - crawl.py[line:43] - INFO: downloads\4111010016_北京建筑大学\2022\November文件夹已经建立
2025-03-27 03:11:05,868 - crawl.py[line:47] - INFO: downloads\4111010016_北京建筑大学\2022\November已经全部完成，无需再次进行！
2025-03-27 03:11:05,869 - crawl.py[line:43] - INFO: downloads\4111010016_北京建筑大学\2022\December文件夹已经建立
2025-03-27 03:11:05,869 - crawl.py[line:47] - INFO: downloads\4111010016_北京建筑大学\2022\December已经全部完成，无需再次进行！
2025-03-27 03:11:05,869 - crawl.py[line:43] - INFO: downloads\4111010016_北京建筑大学\2023\January文件夹已经建立
2025-03-27 03:11:05,869 - crawl.py[line:47] - INFO: downloads\4111010016_北京建筑大学\2023\January已经全部完成，无需再次进行！
2025-03-27 03:11:05,870 - crawl.py[line:43] - INFO: downloads\4111010016_北京建筑大学\2023\February文件夹已经建立
2025-03-27 03:11:05,870 - crawl.py[line:47] - INFO: downloads\4111010016_北京建筑大学\2023\February已经全部完成，无需再次进行！
2025-03-27 03:11:05,870 - crawl.py[line:43] - INFO: downloads\4111010016_北京建筑大学\2023\March文件夹已经建立
2025-03-27 03:11:05,876 - crawl.py[line:47] - INFO: downloads\4111010016_北京建筑大学\2023\March已经全部完成，无需再次进行！
2025-03-27 03:11:05,888 - crawl.py[line:43] - INFO: downloads\4111010016_北京建筑大学\2023\April文件夹已经建立
2025-03-27 03:11:05,898 - crawl.py[line:47] - INFO: downloads\4111010016_北京建筑大学\2023\April已经全部完成，无需再次进行！
2025-03-27 03:11:05,904 - crawl.py[line:43] - INFO: downloads\4111010016_北京建筑大学\2023\May文件夹已经建立
2025-03-27 03:11:06,022 - crawl.py[line:47] - INFO: downloads\4111010016_北京建筑大学\2023\May已经全部完成，无需再次进行！
2025-03-27 03:11:06,022 - crawl.py[line:43] - INFO: downloads\4111010016_北京建筑大学\2023\June文件夹已经建立
2025-03-27 03:11:06,045 - crawl.py[line:47] - INFO: downloads\4111010016_北京建筑大学\2023\June已经全部完成，无需再次进行！
2025-03-27 03:11:06,084 - crawl.py[line:43] - INFO: downloads\4111010016_北京建筑大学\2023\July文件夹已经建立
2025-03-27 03:11:06,084 - crawl.py[line:47] - INFO: downloads\4111010016_北京建筑大学\2023\July已经全部完成，无需再次进行！
2025-03-27 03:11:06,085 - crawl.py[line:43] - INFO: downloads\4111010016_北京建筑大学\2023\August文件夹已经建立
2025-03-27 03:11:06,085 - crawl.py[line:47] - INFO: downloads\4111010016_北京建筑大学\2023\August已经全部完成，无需再次进行！
2025-03-27 03:11:06,085 - crawl.py[line:43] - INFO: downloads\4111010016_北京建筑大学\2023\September文件夹已经建立
2025-03-27 03:11:06,085 - crawl.py[line:47] - INFO: downloads\4111010016_北京建筑大学\2023\September已经全部完成，无需再次进行！
2025-03-27 03:11:06,085 - crawl.py[line:43] - INFO: downloads\4111010016_北京建筑大学\2023\October文件夹已经建立
2025-03-27 03:11:06,085 - crawl.py[line:47] - INFO: downloads\4111010016_北京建筑大学\2023\October已经全部完成，无需再次进行！
2025-03-27 03:11:06,085 - crawl.py[line:43] - INFO: downloads\4111010016_北京建筑大学\2023\November文件夹已经建立
2025-03-27 03:11:06,086 - crawl.py[line:47] - INFO: downloads\4111010016_北京建筑大学\2023\November已经全部完成，无需再次进行！
2025-03-27 03:11:06,086 - crawl.py[line:43] - INFO: downloads\4111010016_北京建筑大学\2023\December文件夹已经建立
2025-03-27 03:11:06,086 - crawl.py[line:47] - INFO: downloads\4111010016_北京建筑大学\2023\December已经全部完成，无需再次进行！
2025-03-27 03:11:06,086 - crawl.py[line:43] - INFO: downloads\4111010016_北京建筑大学\2024\January文件夹已经建立
2025-03-27 03:11:06,086 - crawl.py[line:47] - INFO: downloads\4111010016_北京建筑大学\2024\January已经全部完成，无需再次进行！
2025-03-27 03:11:06,087 - crawl.py[line:43] - INFO: downloads\4111010016_北京建筑大学\2024\February文件夹已经建立
2025-03-27 03:11:06,087 - crawl.py[line:47] - INFO: downloads\4111010016_北京建筑大学\2024\February已经全部完成，无需再次进行！
2025-03-27 03:11:06,087 - crawl.py[line:43] - INFO: downloads\4111010016_北京建筑大学\2024\March文件夹已经建立
2025-03-27 03:11:06,087 - crawl.py[line:47] - INFO: downloads\4111010016_北京建筑大学\2024\March已经全部完成，无需再次进行！
2025-03-27 03:11:06,087 - crawl.py[line:43] - INFO: downloads\4111010016_北京建筑大学\2024\April文件夹已经建立
2025-03-27 03:11:06,912 - crawl.py[line:43] - INFO: downloads\4111010016_北京建筑大学\2024\May文件夹已经建立
2025-03-27 03:11:06,960 - crawl.py[line:47] - INFO: downloads\4111010016_北京建筑大学\2024\May已经全部完成，无需再次进行！
2025-03-27 03:11:06,960 - crawl.py[line:43] - INFO: downloads\4111010016_北京建筑大学\2024\June文件夹已经建立
2025-03-27 03:11:06,960 - crawl.py[line:47] - INFO: downloads\4111010016_北京建筑大学\2024\June已经全部完成，无需再次进行！
2025-03-27 03:11:06,963 - crawl.py[line:43] - INFO: downloads\4111010016_北京建筑大学\2024\July文件夹已经建立
2025-03-27 03:11:06,985 - crawl.py[line:47] - INFO: downloads\4111010016_北京建筑大学\2024\July已经全部完成，无需再次进行！
2025-03-27 03:11:06,986 - crawl.py[line:43] - INFO: downloads\4111010016_北京建筑大学\2024\August文件夹已经建立
2025-03-27 03:11:07,143 - crawl.py[line:43] - INFO: downloads\4111010016_北京建筑大学\2024\September文件夹已经建立
2025-03-27 03:11:07,168 - crawl.py[line:43] - INFO: downloads\4111010016_北京建筑大学\2024\October文件夹已经建立
2025-03-27 03:11:07,374 - crawl.py[line:43] - INFO: downloads\4111010016_北京建筑大学\2024\November文件夹已经建立
2025-03-27 03:11:10,370 - crawl.py[line:156] - ERROR: 无法打开此网页，请检查是否网络出错或被封锁！
2025-03-27 03:11:14,211 - crawl.py[line:43] - INFO: downloads\4111010016_北京建筑大学\2024\December文件夹已经建立
2025-03-27 03:12:39,364 - crawl.py[line:234] - ERROR: 尝试次数超过设定次数，此次搜索作废，之后再议
2025-03-27 03:12:40,482 - crawl.py[line:234] - ERROR: 尝试次数超过设定次数，此次搜索作废，之后再议
2025-03-27 03:12:40,718 - crawl.py[line:234] - ERROR: 尝试次数超过设定次数，此次搜索作废，之后再议
2025-03-27 03:12:42,315 - crawl.py[line:234] - ERROR: 尝试次数超过设定次数，此次搜索作废，之后再议
2025-03-27 03:12:48,024 - crawl.py[line:234] - ERROR: 尝试次数超过设定次数，此次搜索作废，之后再议
2025-03-27 03:12:53,048 - crawl.py[line:43] - INFO: downloads\4111010025_首都医科大学\2022\January文件夹已经建立
2025-03-27 03:12:53,959 - crawl.py[line:43] - INFO: downloads\4111010025_首都医科大学\2022\February文件夹已经建立
2025-03-27 03:12:53,994 - crawl.py[line:43] - INFO: downloads\4111010025_首都医科大学\2022\March文件夹已经建立
2025-03-27 03:12:54,846 - crawl.py[line:43] - INFO: downloads\4111010025_首都医科大学\2022\April文件夹已经建立
2025-03-27 03:12:56,421 - crawl.py[line:156] - ERROR: 无法打开此网页，请检查是否网络出错或被封锁！
2025-03-27 03:13:00,701 - crawl.py[line:43] - INFO: downloads\4111010025_首都医科大学\2022\May文件夹已经建立
2025-03-27 03:13:00,870 - crawl.py[line:156] - ERROR: 无法打开此网页，请检查是否网络出错或被封锁！
2025-03-27 03:13:01,818 - crawl.py[line:43] - INFO: downloads\4111010025_首都医科大学\2022\June文件夹已经建立
2025-03-27 03:13:07,225 - crawl.py[line:156] - ERROR: 无法打开此网页，请检查是否网络出错或被封锁！
2025-03-27 03:13:14,569 - crawl.py[line:43] - INFO: downloads\4111010025_首都医科大学\2022\July文件夹已经建立
2025-03-27 03:13:22,569 - crawl.py[line:43] - INFO: downloads\4111010025_首都医科大学\2022\August文件夹已经建立
2025-03-27 03:14:28,400 - crawl.py[line:234] - ERROR: 尝试次数超过设定次数，此次搜索作废，之后再议
2025-03-27 03:14:35,280 - crawl.py[line:234] - ERROR: 尝试次数超过设定次数，此次搜索作废，之后再议
2025-03-27 03:14:39,405 - crawl.py[line:234] - ERROR: 尝试次数超过设定次数，此次搜索作废，之后再议
2025-03-27 03:14:41,297 - crawl.py[line:43] - INFO: downloads\4111010025_首都医科大学\2022\September文件夹已经建立
2025-03-27 03:14:47,644 - crawl.py[line:234] - ERROR: 尝试次数超过设定次数，此次搜索作废，之后再议
2025-03-27 03:14:48,143 - crawl.py[line:156] - ERROR: 无法打开此网页，请检查是否网络出错或被封锁！
2025-03-27 03:14:48,187 - crawl.py[line:43] - INFO: downloads\4111010025_首都医科大学\2022\October文件夹已经建立
2025-03-27 03:14:51,908 - crawl.py[line:43] - INFO: downloads\4111010025_首都医科大学\2022\November文件夹已经建立
2025-03-27 03:14:54,937 - crawl.py[line:156] - ERROR: 无法打开此网页，请检查是否网络出错或被封锁！
2025-03-27 03:14:55,151 - crawl.py[line:234] - ERROR: 尝试次数超过设定次数，此次搜索作废，之后再议
2025-03-27 03:15:01,951 - crawl.py[line:43] - INFO: downloads\4111010025_首都医科大学\2022\December文件夹已经建立
2025-03-27 03:15:01,951 - crawl.py[line:43] - INFO: downloads\4111010025_首都医科大学\2023\January文件夹已经建立
2025-03-27 03:15:05,201 - crawl.py[line:43] - INFO: downloads\4111010025_首都医科大学\2023\February文件夹已经建立
2025-03-27 03:15:14,539 - crawl.py[line:43] - INFO: downloads\4111010025_首都医科大学\2023\March文件夹已经建立
2025-03-27 03:16:22,651 - crawl.py[line:234] - ERROR: 尝试次数超过设定次数，此次搜索作废，之后再议
2025-03-27 03:16:35,278 - crawl.py[line:234] - ERROR: 尝试次数超过设定次数，此次搜索作废，之后再议
2025-03-27 03:16:35,294 - crawl.py[line:43] - INFO: downloads\4111010025_首都医科大学\2023\April文件夹已经建立
2025-03-27 03:16:36,104 - crawl.py[line:234] - ERROR: 尝试次数超过设定次数，此次搜索作废，之后再议
2025-03-27 03:16:39,171 - crawl.py[line:234] - ERROR: 尝试次数超过设定次数，此次搜索作废，之后再议
2025-03-27 03:16:47,753 - crawl.py[line:234] - ERROR: 尝试次数超过设定次数，此次搜索作废，之后再议
2025-03-27 03:16:49,420 - crawl.py[line:43] - INFO: downloads\4111010025_首都医科大学\2023\May文件夹已经建立
2025-03-27 03:16:50,153 - crawl.py[line:43] - INFO: downloads\4111010025_首都医科大学\2023\June文件夹已经建立
2025-03-27 03:16:51,854 - crawl.py[line:43] - INFO: downloads\4111010025_首都医科大学\2023\July文件夹已经建立
2025-03-27 03:16:53,622 - crawl.py[line:156] - ERROR: 无法打开此网页，请检查是否网络出错或被封锁！
2025-03-27 03:17:02,792 - crawl.py[line:43] - INFO: downloads\4111010025_首都医科大学\2023\August文件夹已经建立
2025-03-27 03:17:06,293 - crawl.py[line:43] - INFO: downloads\4111010025_首都医科大学\2023\September文件夹已经建立
2025-03-27 03:17:09,496 - crawl.py[line:156] - ERROR: 无法打开此网页，请检查是否网络出错或被封锁！
2025-03-27 03:17:23,811 - crawl.py[line:43] - INFO: downloads\4111010025_首都医科大学\2023\October文件夹已经建立
2025-03-27 03:18:09,462 - crawl.py[line:234] - ERROR: 尝试次数超过设定次数，此次搜索作废，之后再议
2025-03-27 03:18:16,828 - crawl.py[line:234] - ERROR: 尝试次数超过设定次数，此次搜索作废，之后再议
2025-03-27 03:18:22,470 - crawl.py[line:43] - INFO: downloads\4111010025_首都医科大学\2023\November文件夹已经建立
2025-03-27 03:18:22,872 - crawl.py[line:234] - ERROR: 尝试次数超过设定次数，此次搜索作废，之后再议
2025-03-27 03:18:28,859 - crawl.py[line:43] - INFO: downloads\4111010025_首都医科大学\2023\December文件夹已经建立
2025-03-27 03:18:32,428 - crawl.py[line:156] - ERROR: 无法打开此网页，请检查是否网络出错或被封锁！
2025-03-27 03:18:35,915 - crawl.py[line:43] - INFO: downloads\4111010025_首都医科大学\2024\January文件夹已经建立
2025-03-27 03:18:40,242 - crawl.py[line:234] - ERROR: 尝试次数超过设定次数，此次搜索作废，之后再议
2025-03-27 03:18:43,426 - crawl.py[line:43] - INFO: downloads\4111010025_首都医科大学\2024\February文件夹已经建立
2025-03-27 03:18:53,586 - crawl.py[line:43] - INFO: downloads\4111010025_首都医科大学\2024\March文件夹已经建立
2025-03-27 03:19:01,387 - crawl.py[line:234] - ERROR: 尝试次数超过设定次数，此次搜索作废，之后再议
