2025-03-27 03:44:07,448 - make_task_list.py[line:106] - INFO: 任务是school-year-month形
2025-03-27 03:44:07,562 - make_task_list.py[line:106] - INFO: 任务是school-year-month形
2025-03-27 03:44:07,569 - crawl.py[line:43] - INFO: downloads\4111010006_北京航空航天大学\2022\January文件夹已经建立
2025-03-27 03:44:07,569 - crawl.py[line:43] - INFO: downloads\4111010006_北京航空航天大学\2022\February文件夹已经建立
2025-03-27 03:44:07,570 - crawl.py[line:43] - INFO: downloads\4111010006_北京航空航天大学\2022\March文件夹已经建立
2025-03-27 03:44:07,570 - crawl.py[line:47] - INFO: downloads\4111010006_北京航空航天大学\2022\February已经全部完成，无需再次进行！
2025-03-27 03:44:07,570 - crawl.py[line:47] - INFO: downloads\4111010006_北京航空航天大学\2022\January已经全部完成，无需再次进行！
2025-03-27 03:44:07,571 - crawl.py[line:47] - INFO: downloads\4111010006_北京航空航天大学\2022\March已经全部完成，无需再次进行！
2025-03-27 03:44:07,571 - crawl.py[line:43] - INFO: downloads\4111010006_北京航空航天大学\2022\April文件夹已经建立
2025-03-27 03:44:07,610 - crawl.py[line:43] - INFO: downloads\4111010006_北京航空航天大学\2022\May文件夹已经建立
2025-03-27 03:44:07,657 - crawl.py[line:43] - INFO: downloads\4111010006_北京航空航天大学\2022\July文件夹已经建立
2025-03-27 03:44:07,732 - crawl.py[line:43] - INFO: downloads\4111010006_北京航空航天大学\2022\June文件夹已经建立
2025-03-27 03:44:07,757 - crawl.py[line:47] - INFO: downloads\4111010006_北京航空航天大学\2022\April已经全部完成，无需再次进行！
2025-03-27 03:44:07,757 - crawl.py[line:47] - INFO: downloads\4111010006_北京航空航天大学\2022\July已经全部完成，无需再次进行！
2025-03-27 03:44:07,860 - crawl.py[line:43] - INFO: downloads\4111010006_北京航空航天大学\2022\October文件夹已经建立
2025-03-27 03:44:07,860 - crawl.py[line:47] - INFO: downloads\4111010006_北京航空航天大学\2022\October已经全部完成，无需再次进行！
2025-03-27 03:44:07,860 - crawl.py[line:43] - INFO: downloads\4111010006_北京航空航天大学\2022\November文件夹已经建立
2025-03-27 03:44:07,861 - crawl.py[line:47] - INFO: downloads\4111010006_北京航空航天大学\2022\November已经全部完成，无需再次进行！
2025-03-27 03:44:07,861 - crawl.py[line:43] - INFO: downloads\4111010006_北京航空航天大学\2022\December文件夹已经建立
2025-03-27 03:44:07,757 - crawl.py[line:43] - INFO: downloads\4111010006_北京航空航天大学\2022\August文件夹已经建立
2025-03-27 03:44:07,783 - crawl.py[line:47] - INFO: downloads\4111010006_北京航空航天大学\2022\May已经全部完成，无需再次进行！
2025-03-27 03:44:07,799 - crawl.py[line:47] - INFO: downloads\4111010006_北京航空航天大学\2022\June已经全部完成，无需再次进行！
2025-03-27 03:44:07,893 - crawl.py[line:43] - INFO: downloads\4111010006_北京航空航天大学\2023\February文件夹已经建立
2025-03-27 03:44:07,861 - crawl.py[line:47] - INFO: downloads\4111010006_北京航空航天大学\2022\December已经全部完成，无需再次进行！
2025-03-27 03:44:08,004 - crawl.py[line:43] - INFO: downloads\4111010006_北京航空航天大学\2023\March文件夹已经建立
2025-03-27 03:44:08,004 - crawl.py[line:47] - INFO: downloads\4111010006_北京航空航天大学\2023\March已经全部完成，无需再次进行！
2025-03-27 03:44:08,005 - crawl.py[line:43] - INFO: downloads\4111010006_北京航空航天大学\2023\April文件夹已经建立
2025-03-27 03:44:08,005 - crawl.py[line:47] - INFO: downloads\4111010006_北京航空航天大学\2023\April已经全部完成，无需再次进行！
2025-03-27 03:44:07,799 - crawl.py[line:43] - INFO: downloads\4111010006_北京航空航天大学\2022\September文件夹已经建立
2025-03-27 03:44:07,895 - crawl.py[line:47] - INFO: downloads\4111010006_北京航空航天大学\2022\August已经全部完成，无需再次进行！
2025-03-27 03:44:07,895 - crawl.py[line:43] - INFO: downloads\4111010006_北京航空航天大学\2023\January文件夹已经建立
2025-03-27 03:44:07,899 - crawl.py[line:47] - INFO: downloads\4111010006_北京航空航天大学\2023\February已经全部完成，无需再次进行！
2025-03-27 03:44:08,005 - crawl.py[line:43] - INFO: downloads\4111010006_北京航空航天大学\2023\May文件夹已经建立
2025-03-27 03:44:08,005 - crawl.py[line:47] - INFO: downloads\4111010006_北京航空航天大学\2022\September已经全部完成，无需再次进行！
2025-03-27 03:44:08,006 - crawl.py[line:47] - INFO: downloads\4111010006_北京航空航天大学\2023\January已经全部完成，无需再次进行！
2025-03-27 03:44:08,006 - crawl.py[line:43] - INFO: downloads\4111010006_北京航空航天大学\2023\June文件夹已经建立
2025-03-27 03:44:08,006 - crawl.py[line:47] - INFO: downloads\4111010006_北京航空航天大学\2023\May已经全部完成，无需再次进行！
2025-03-27 03:44:08,006 - crawl.py[line:43] - INFO: downloads\4111010006_北京航空航天大学\2023\July文件夹已经建立
2025-03-27 03:44:08,006 - crawl.py[line:47] - INFO: downloads\4111010006_北京航空航天大学\2023\June已经全部完成，无需再次进行！
2025-03-27 03:44:08,006 - crawl.py[line:43] - INFO: downloads\4111010006_北京航空航天大学\2023\August文件夹已经建立
2025-03-27 03:44:08,006 - crawl.py[line:43] - INFO: downloads\4111010006_北京航空航天大学\2023\September文件夹已经建立
2025-03-27 03:44:08,007 - crawl.py[line:47] - INFO: downloads\4111010006_北京航空航天大学\2023\September已经全部完成，无需再次进行！
2025-03-27 03:44:08,007 - crawl.py[line:43] - INFO: downloads\4111010006_北京航空航天大学\2023\October文件夹已经建立
2025-03-27 03:44:08,007 - crawl.py[line:47] - INFO: downloads\4111010006_北京航空航天大学\2023\July已经全部完成，无需再次进行！
2025-03-27 03:44:08,007 - crawl.py[line:43] - INFO: downloads\4111010006_北京航空航天大学\2023\December文件夹已经建立
2025-03-27 03:44:08,007 - crawl.py[line:47] - INFO: downloads\4111010006_北京航空航天大学\2023\October已经全部完成，无需再次进行！
2025-03-27 03:44:08,008 - crawl.py[line:43] - INFO: downloads\4111010006_北京航空航天大学\2024\January文件夹已经建立
2025-03-27 03:44:08,008 - crawl.py[line:43] - INFO: downloads\4111010006_北京航空航天大学\2024\February文件夹已经建立
2025-03-27 03:44:08,008 - crawl.py[line:43] - INFO: downloads\4111010006_北京航空航天大学\2023\November文件夹已经建立
2025-03-27 03:44:08,008 - crawl.py[line:47] - INFO: downloads\4111010006_北京航空航天大学\2023\December已经全部完成，无需再次进行！
2025-03-27 03:44:08,008 - crawl.py[line:47] - INFO: downloads\4111010006_北京航空航天大学\2023\November已经全部完成，无需再次进行！
2025-03-27 03:44:08,008 - crawl.py[line:47] - INFO: downloads\4111010006_北京航空航天大学\2023\August已经全部完成，无需再次进行！
2025-03-27 03:44:08,008 - crawl.py[line:47] - INFO: downloads\4111010006_北京航空航天大学\2024\February已经全部完成，无需再次进行！
2025-03-27 03:44:08,008 - crawl.py[line:47] - INFO: downloads\4111010006_北京航空航天大学\2024\January已经全部完成，无需再次进行！
2025-03-27 03:44:08,009 - crawl.py[line:43] - INFO: downloads\4111010006_北京航空航天大学\2024\April文件夹已经建立
2025-03-27 03:44:08,009 - crawl.py[line:43] - INFO: downloads\4111010006_北京航空航天大学\2024\March文件夹已经建立
2025-03-27 03:44:08,009 - crawl.py[line:43] - INFO: downloads\4111010006_北京航空航天大学\2024\May文件夹已经建立
2025-03-27 03:44:08,009 - crawl.py[line:47] - INFO: downloads\4111010006_北京航空航天大学\2024\April已经全部完成，无需再次进行！
2025-03-27 03:44:08,029 - crawl.py[line:43] - INFO: downloads\4111010006_北京航空航天大学\2024\June文件夹已经建立
2025-03-27 03:44:08,029 - crawl.py[line:47] - INFO: downloads\4111010006_北京航空航天大学\2024\June已经全部完成，无需再次进行！
2025-03-27 03:44:08,032 - crawl.py[line:43] - INFO: downloads\4111010006_北京航空航天大学\2024\September文件夹已经建立
2025-03-27 03:44:08,064 - crawl.py[line:47] - INFO: downloads\4111010006_北京航空航天大学\2024\September已经全部完成，无需再次进行！
2025-03-27 03:44:08,065 - crawl.py[line:43] - INFO: downloads\4111010006_北京航空航天大学\2024\October文件夹已经建立
2025-03-27 03:44:08,065 - crawl.py[line:47] - INFO: downloads\4111010006_北京航空航天大学\2024\October已经全部完成，无需再次进行！
2025-03-27 03:44:08,032 - crawl.py[line:43] - INFO: downloads\4111010006_北京航空航天大学\2024\July文件夹已经建立
2025-03-27 03:44:08,032 - crawl.py[line:43] - INFO: downloads\4111010006_北京航空航天大学\2024\August文件夹已经建立
2025-03-27 03:44:08,079 - crawl.py[line:47] - INFO: downloads\4111010006_北京航空航天大学\2024\August已经全部完成，无需再次进行！
2025-03-27 03:44:08,064 - crawl.py[line:47] - INFO: downloads\4111010006_北京航空航天大学\2024\May已经全部完成，无需再次进行！
2025-03-27 03:44:08,066 - crawl.py[line:43] - INFO: downloads\4111010006_北京航空航天大学\2024\November文件夹已经建立
2025-03-27 03:44:08,095 - crawl.py[line:43] - INFO: downloads\4111010006_北京航空航天大学\2024\December文件夹已经建立
2025-03-27 03:44:08,172 - crawl.py[line:47] - INFO: downloads\4111010006_北京航空航天大学\2024\December已经全部完成，无需再次进行！
2025-03-27 03:44:08,130 - crawl.py[line:43] - INFO: downloads\4111010007_北京理工大学\2022\January文件夹已经建立
2025-03-27 03:44:08,173 - crawl.py[line:43] - INFO: downloads\4111010007_北京理工大学\2022\February文件夹已经建立
2025-03-27 03:44:08,191 - crawl.py[line:47] - INFO: downloads\4111010007_北京理工大学\2022\February已经全部完成，无需再次进行！
2025-03-27 03:44:08,191 - crawl.py[line:47] - INFO: downloads\4111010007_北京理工大学\2022\January已经全部完成，无需再次进行！
2025-03-27 03:44:08,192 - crawl.py[line:43] - INFO: downloads\4111010007_北京理工大学\2022\March文件夹已经建立
2025-03-27 03:44:08,242 - crawl.py[line:43] - INFO: downloads\4111010007_北京理工大学\2022\April文件夹已经建立
2025-03-27 03:44:08,245 - crawl.py[line:47] - INFO: downloads\4111010007_北京理工大学\2022\March已经全部完成，无需再次进行！
2025-03-27 03:44:08,245 - crawl.py[line:47] - INFO: downloads\4111010007_北京理工大学\2022\April已经全部完成，无需再次进行！
2025-03-27 03:44:08,268 - crawl.py[line:43] - INFO: downloads\4111010007_北京理工大学\2022\May文件夹已经建立
2025-03-27 03:44:08,289 - crawl.py[line:43] - INFO: downloads\4111010007_北京理工大学\2022\June文件夹已经建立
2025-03-27 03:44:08,319 - crawl.py[line:47] - INFO: downloads\4111010007_北京理工大学\2022\May已经全部完成，无需再次进行！
2025-03-27 03:44:08,403 - crawl.py[line:43] - INFO: downloads\4111010007_北京理工大学\2022\July文件夹已经建立
2025-03-27 03:44:08,403 - crawl.py[line:47] - INFO: downloads\4111010007_北京理工大学\2022\July已经全部完成，无需再次进行！
2025-03-27 03:44:08,403 - crawl.py[line:43] - INFO: downloads\4111010007_北京理工大学\2022\August文件夹已经建立
2025-03-27 03:44:08,403 - crawl.py[line:47] - INFO: downloads\4111010007_北京理工大学\2022\August已经全部完成，无需再次进行！
2025-03-27 03:44:08,404 - crawl.py[line:43] - INFO: downloads\4111010007_北京理工大学\2022\September文件夹已经建立
2025-03-27 03:44:08,319 - crawl.py[line:47] - INFO: downloads\4111010007_北京理工大学\2022\June已经全部完成，无需再次进行！
2025-03-27 03:44:08,444 - crawl.py[line:43] - INFO: downloads\4111010007_北京理工大学\2022\October文件夹已经建立
2025-03-27 03:44:08,445 - crawl.py[line:47] - INFO: downloads\4111010007_北京理工大学\2022\October已经全部完成，无需再次进行！
2025-03-27 03:44:08,445 - crawl.py[line:43] - INFO: downloads\4111010007_北京理工大学\2022\November文件夹已经建立
2025-03-27 03:44:08,445 - crawl.py[line:47] - INFO: downloads\4111010007_北京理工大学\2022\November已经全部完成，无需再次进行！
2025-03-27 03:44:08,445 - crawl.py[line:43] - INFO: downloads\4111010007_北京理工大学\2022\December文件夹已经建立
2025-03-27 03:44:08,446 - crawl.py[line:47] - INFO: downloads\4111010007_北京理工大学\2022\December已经全部完成，无需再次进行！
2025-03-27 03:44:08,446 - crawl.py[line:43] - INFO: downloads\4111010007_北京理工大学\2023\January文件夹已经建立
2025-03-27 03:44:08,459 - crawl.py[line:47] - INFO: downloads\4111010007_北京理工大学\2023\January已经全部完成，无需再次进行！
2025-03-27 03:44:08,469 - crawl.py[line:43] - INFO: downloads\4111010007_北京理工大学\2023\February文件夹已经建立
2025-03-27 03:44:08,469 - crawl.py[line:47] - INFO: downloads\4111010007_北京理工大学\2023\February已经全部完成，无需再次进行！
2025-03-27 03:44:08,469 - crawl.py[line:43] - INFO: downloads\4111010007_北京理工大学\2023\March文件夹已经建立
2025-03-27 03:44:08,470 - crawl.py[line:47] - INFO: downloads\4111010007_北京理工大学\2023\March已经全部完成，无需再次进行！
2025-03-27 03:44:08,470 - crawl.py[line:43] - INFO: downloads\4111010007_北京理工大学\2023\April文件夹已经建立
2025-03-27 03:44:08,470 - crawl.py[line:47] - INFO: downloads\4111010007_北京理工大学\2023\April已经全部完成，无需再次进行！
2025-03-27 03:44:08,470 - crawl.py[line:43] - INFO: downloads\4111010007_北京理工大学\2023\May文件夹已经建立
2025-03-27 03:44:08,471 - crawl.py[line:47] - INFO: downloads\4111010007_北京理工大学\2023\May已经全部完成，无需再次进行！
2025-03-27 03:44:08,471 - crawl.py[line:43] - INFO: downloads\4111010007_北京理工大学\2023\June文件夹已经建立
2025-03-27 03:44:08,471 - crawl.py[line:47] - INFO: downloads\4111010007_北京理工大学\2023\June已经全部完成，无需再次进行！
2025-03-27 03:44:08,471 - crawl.py[line:43] - INFO: downloads\4111010007_北京理工大学\2023\July文件夹已经建立
2025-03-27 03:44:08,472 - crawl.py[line:47] - INFO: downloads\4111010007_北京理工大学\2023\July已经全部完成，无需再次进行！
2025-03-27 03:44:08,472 - crawl.py[line:43] - INFO: downloads\4111010007_北京理工大学\2023\August文件夹已经建立
2025-03-27 03:44:08,472 - crawl.py[line:47] - INFO: downloads\4111010007_北京理工大学\2023\August已经全部完成，无需再次进行！
2025-03-27 03:44:08,472 - crawl.py[line:43] - INFO: downloads\4111010007_北京理工大学\2023\September文件夹已经建立
2025-03-27 03:44:08,472 - crawl.py[line:47] - INFO: downloads\4111010007_北京理工大学\2023\September已经全部完成，无需再次进行！
2025-03-27 03:44:08,473 - crawl.py[line:43] - INFO: downloads\4111010007_北京理工大学\2023\October文件夹已经建立
2025-03-27 03:44:08,473 - crawl.py[line:47] - INFO: downloads\4111010007_北京理工大学\2023\October已经全部完成，无需再次进行！
2025-03-27 03:44:08,474 - crawl.py[line:43] - INFO: downloads\4111010007_北京理工大学\2023\November文件夹已经建立
2025-03-27 03:44:13,137 - crawl.py[line:156] - ERROR: 无法打开此网页，请检查是否网络出错或被封锁！
2025-03-27 03:44:13,139 - crawl.py[line:156] - ERROR: 无法打开此网页，请检查是否网络出错或被封锁！
2025-03-27 03:44:13,466 - crawl.py[line:156] - ERROR: 无法打开此网页，请检查是否网络出错或被封锁！
2025-03-27 03:44:15,707 - crawl.py[line:43] - INFO: downloads\4111010007_北京理工大学\2023\December文件夹已经建立
2025-03-27 03:44:15,708 - crawl.py[line:47] - INFO: downloads\4111010007_北京理工大学\2023\December已经全部完成，无需再次进行！
2025-03-27 03:44:15,709 - crawl.py[line:43] - INFO: downloads\4111010007_北京理工大学\2024\February文件夹已经建立
2025-03-27 03:44:15,709 - crawl.py[line:47] - INFO: downloads\4111010007_北京理工大学\2024\February已经全部完成，无需再次进行！
2025-03-27 03:44:15,709 - crawl.py[line:43] - INFO: downloads\4111010007_北京理工大学\2024\March文件夹已经建立
2025-03-27 03:44:15,709 - crawl.py[line:47] - INFO: downloads\4111010007_北京理工大学\2024\March已经全部完成，无需再次进行！
2025-03-27 03:44:15,710 - crawl.py[line:43] - INFO: downloads\4111010007_北京理工大学\2024\April文件夹已经建立
2025-03-27 03:44:15,710 - crawl.py[line:43] - INFO: downloads\4111010007_北京理工大学\2024\January文件夹已经建立
2025-03-27 03:44:15,711 - crawl.py[line:47] - INFO: downloads\4111010007_北京理工大学\2024\January已经全部完成，无需再次进行！
2025-03-27 03:44:15,737 - crawl.py[line:43] - INFO: downloads\4111010007_北京理工大学\2024\May文件夹已经建立
2025-03-27 03:44:15,737 - crawl.py[line:47] - INFO: downloads\4111010007_北京理工大学\2024\May已经全部完成，无需再次进行！
2025-03-27 03:44:15,738 - crawl.py[line:43] - INFO: downloads\4111010007_北京理工大学\2024\June文件夹已经建立
2025-03-27 03:44:15,738 - crawl.py[line:47] - INFO: downloads\4111010007_北京理工大学\2024\June已经全部完成，无需再次进行！
2025-03-27 03:44:15,739 - crawl.py[line:43] - INFO: downloads\4111010007_北京理工大学\2024\July文件夹已经建立
2025-03-27 03:44:15,740 - crawl.py[line:47] - INFO: downloads\4111010007_北京理工大学\2024\July已经全部完成，无需再次进行！
2025-03-27 03:44:15,740 - crawl.py[line:43] - INFO: downloads\4111010007_北京理工大学\2024\August文件夹已经建立
2025-03-27 03:44:15,741 - crawl.py[line:47] - INFO: downloads\4111010007_北京理工大学\2024\August已经全部完成，无需再次进行！
2025-03-27 03:44:15,741 - crawl.py[line:43] - INFO: downloads\4111010007_北京理工大学\2024\September文件夹已经建立
2025-03-27 03:44:15,741 - crawl.py[line:47] - INFO: downloads\4111010007_北京理工大学\2024\September已经全部完成，无需再次进行！
2025-03-27 03:44:15,741 - crawl.py[line:43] - INFO: downloads\4111010007_北京理工大学\2024\October文件夹已经建立
2025-03-27 03:44:15,741 - crawl.py[line:47] - INFO: downloads\4111010007_北京理工大学\2024\October已经全部完成，无需再次进行！
2025-03-27 03:44:15,742 - crawl.py[line:43] - INFO: downloads\4111010007_北京理工大学\2024\November文件夹已经建立
2025-03-27 03:44:15,742 - crawl.py[line:47] - INFO: downloads\4111010007_北京理工大学\2024\November已经全部完成，无需再次进行！
2025-03-27 03:44:15,742 - crawl.py[line:43] - INFO: downloads\4111010007_北京理工大学\2024\December文件夹已经建立
2025-03-27 03:44:15,742 - crawl.py[line:47] - INFO: downloads\4111010007_北京理工大学\2024\December已经全部完成，无需再次进行！
2025-03-27 03:44:15,743 - crawl.py[line:43] - INFO: downloads\4111010009_北方工业大学\2022\January文件夹已经建立
2025-03-27 03:44:15,743 - crawl.py[line:47] - INFO: downloads\4111010009_北方工业大学\2022\January已经全部完成，无需再次进行！
2025-03-27 03:44:15,743 - crawl.py[line:43] - INFO: downloads\4111010009_北方工业大学\2022\February文件夹已经建立
2025-03-27 03:44:15,743 - crawl.py[line:47] - INFO: downloads\4111010009_北方工业大学\2022\February已经全部完成，无需再次进行！
2025-03-27 03:44:15,743 - crawl.py[line:43] - INFO: downloads\4111010009_北方工业大学\2022\March文件夹已经建立
2025-03-27 03:44:15,744 - crawl.py[line:47] - INFO: downloads\4111010009_北方工业大学\2022\March已经全部完成，无需再次进行！
2025-03-27 03:44:15,744 - crawl.py[line:43] - INFO: downloads\4111010009_北方工业大学\2022\April文件夹已经建立
2025-03-27 03:44:15,744 - crawl.py[line:47] - INFO: downloads\4111010009_北方工业大学\2022\April已经全部完成，无需再次进行！
2025-03-27 03:44:15,744 - crawl.py[line:43] - INFO: downloads\4111010009_北方工业大学\2022\May文件夹已经建立
2025-03-27 03:44:15,772 - crawl.py[line:156] - ERROR: 无法打开此网页，请检查是否网络出错或被封锁！
2025-03-27 03:44:15,945 - crawl.py[line:43] - INFO: downloads\4111010009_北方工业大学\2022\June文件夹已经建立
2025-03-27 03:44:15,945 - crawl.py[line:47] - INFO: downloads\4111010009_北方工业大学\2022\June已经全部完成，无需再次进行！
2025-03-27 03:44:15,947 - crawl.py[line:43] - INFO: downloads\4111010009_北方工业大学\2022\July文件夹已经建立
2025-03-27 03:44:15,947 - crawl.py[line:47] - INFO: downloads\4111010009_北方工业大学\2022\July已经全部完成，无需再次进行！
2025-03-27 03:44:15,947 - crawl.py[line:43] - INFO: downloads\4111010009_北方工业大学\2022\August文件夹已经建立
2025-03-27 03:44:15,947 - crawl.py[line:47] - INFO: downloads\4111010009_北方工业大学\2022\August已经全部完成，无需再次进行！
2025-03-27 03:44:15,947 - crawl.py[line:43] - INFO: downloads\4111010009_北方工业大学\2022\September文件夹已经建立
2025-03-27 03:44:15,947 - crawl.py[line:47] - INFO: downloads\4111010009_北方工业大学\2022\September已经全部完成，无需再次进行！
2025-03-27 03:44:15,947 - crawl.py[line:43] - INFO: downloads\4111010009_北方工业大学\2022\October文件夹已经建立
2025-03-27 03:44:15,949 - crawl.py[line:47] - INFO: downloads\4111010009_北方工业大学\2022\October已经全部完成，无需再次进行！
2025-03-27 03:44:15,949 - crawl.py[line:43] - INFO: downloads\4111010009_北方工业大学\2022\November文件夹已经建立
2025-03-27 03:44:15,949 - crawl.py[line:47] - INFO: downloads\4111010009_北方工业大学\2022\November已经全部完成，无需再次进行！
2025-03-27 03:44:15,949 - crawl.py[line:43] - INFO: downloads\4111010009_北方工业大学\2022\December文件夹已经建立
2025-03-27 03:44:15,949 - crawl.py[line:47] - INFO: downloads\4111010009_北方工业大学\2022\December已经全部完成，无需再次进行！
2025-03-27 03:44:15,949 - crawl.py[line:43] - INFO: downloads\4111010009_北方工业大学\2023\January文件夹已经建立
2025-03-27 03:44:15,949 - crawl.py[line:47] - INFO: downloads\4111010009_北方工业大学\2023\January已经全部完成，无需再次进行！
2025-03-27 03:44:15,949 - crawl.py[line:43] - INFO: downloads\4111010009_北方工业大学\2023\February文件夹已经建立
2025-03-27 03:44:15,949 - crawl.py[line:47] - INFO: downloads\4111010009_北方工业大学\2023\February已经全部完成，无需再次进行！
2025-03-27 03:44:15,951 - crawl.py[line:43] - INFO: downloads\4111010009_北方工业大学\2023\March文件夹已经建立
2025-03-27 03:44:15,951 - crawl.py[line:47] - INFO: downloads\4111010009_北方工业大学\2023\March已经全部完成，无需再次进行！
2025-03-27 03:44:15,951 - crawl.py[line:43] - INFO: downloads\4111010009_北方工业大学\2023\April文件夹已经建立
2025-03-27 03:44:18,283 - crawl.py[line:43] - INFO: downloads\4111010009_北方工业大学\2023\May文件夹已经建立
2025-03-27 03:44:18,340 - crawl.py[line:47] - INFO: downloads\4111010009_北方工业大学\2023\May已经全部完成，无需再次进行！
2025-03-27 03:44:18,342 - crawl.py[line:43] - INFO: downloads\4111010009_北方工业大学\2023\June文件夹已经建立
2025-03-27 03:44:18,371 - crawl.py[line:47] - INFO: downloads\4111010009_北方工业大学\2023\June已经全部完成，无需再次进行！
2025-03-27 03:44:18,437 - crawl.py[line:43] - INFO: downloads\4111010009_北方工业大学\2023\July文件夹已经建立
2025-03-27 03:44:18,508 - crawl.py[line:47] - INFO: downloads\4111010009_北方工业大学\2023\July已经全部完成，无需再次进行！
2025-03-27 03:44:18,508 - crawl.py[line:43] - INFO: downloads\4111010009_北方工业大学\2023\August文件夹已经建立
2025-03-27 03:44:18,508 - crawl.py[line:47] - INFO: downloads\4111010009_北方工业大学\2023\August已经全部完成，无需再次进行！
2025-03-27 03:44:18,508 - crawl.py[line:43] - INFO: downloads\4111010009_北方工业大学\2023\September文件夹已经建立
2025-03-27 03:44:18,508 - crawl.py[line:47] - INFO: downloads\4111010009_北方工业大学\2023\September已经全部完成，无需再次进行！
2025-03-27 03:44:18,508 - crawl.py[line:43] - INFO: downloads\4111010009_北方工业大学\2023\October文件夹已经建立
2025-03-27 03:44:18,508 - crawl.py[line:47] - INFO: downloads\4111010009_北方工业大学\2023\October已经全部完成，无需再次进行！
2025-03-27 03:44:18,508 - crawl.py[line:43] - INFO: downloads\4111010009_北方工业大学\2023\November文件夹已经建立
2025-03-27 03:44:18,508 - crawl.py[line:47] - INFO: downloads\4111010009_北方工业大学\2023\November已经全部完成，无需再次进行！
2025-03-27 03:44:18,508 - crawl.py[line:43] - INFO: downloads\4111010009_北方工业大学\2023\December文件夹已经建立
2025-03-27 03:44:18,508 - crawl.py[line:47] - INFO: downloads\4111010009_北方工业大学\2023\December已经全部完成，无需再次进行！
2025-03-27 03:44:18,508 - crawl.py[line:43] - INFO: downloads\4111010009_北方工业大学\2024\January文件夹已经建立
2025-03-27 03:44:18,508 - crawl.py[line:47] - INFO: downloads\4111010009_北方工业大学\2024\January已经全部完成，无需再次进行！
2025-03-27 03:44:18,508 - crawl.py[line:43] - INFO: downloads\4111010009_北方工业大学\2024\February文件夹已经建立
2025-03-27 03:44:18,508 - crawl.py[line:47] - INFO: downloads\4111010009_北方工业大学\2024\February已经全部完成，无需再次进行！
2025-03-27 03:44:18,508 - crawl.py[line:43] - INFO: downloads\4111010009_北方工业大学\2024\March文件夹已经建立
2025-03-27 03:44:18,523 - crawl.py[line:47] - INFO: downloads\4111010009_北方工业大学\2024\March已经全部完成，无需再次进行！
2025-03-27 03:44:18,524 - crawl.py[line:43] - INFO: downloads\4111010009_北方工业大学\2024\April文件夹已经建立
2025-03-27 03:44:18,525 - crawl.py[line:47] - INFO: downloads\4111010009_北方工业大学\2024\April已经全部完成，无需再次进行！
2025-03-27 03:44:18,525 - crawl.py[line:43] - INFO: downloads\4111010009_北方工业大学\2024\May文件夹已经建立
2025-03-27 03:44:18,525 - crawl.py[line:47] - INFO: downloads\4111010009_北方工业大学\2024\May已经全部完成，无需再次进行！
2025-03-27 03:44:18,525 - crawl.py[line:43] - INFO: downloads\4111010009_北方工业大学\2024\June文件夹已经建立
2025-03-27 03:44:18,710 - crawl.py[line:156] - ERROR: 无法打开此网页，请检查是否网络出错或被封锁！
2025-03-27 03:44:19,882 - crawl.py[line:156] - ERROR: 无法打开此网页，请检查是否网络出错或被封锁！
2025-03-27 03:44:20,620 - crawl.py[line:156] - ERROR: 无法打开此网页，请检查是否网络出错或被封锁！
2025-03-27 03:44:20,621 - crawl.py[line:156] - ERROR: 无法打开此网页，请检查是否网络出错或被封锁！
2025-03-27 03:44:22,834 - crawl.py[line:43] - INFO: downloads\4111010009_北方工业大学\2024\July文件夹已经建立
2025-03-27 03:44:22,834 - crawl.py[line:47] - INFO: downloads\4111010009_北方工业大学\2024\July已经全部完成，无需再次进行！
2025-03-27 03:44:22,839 - crawl.py[line:43] - INFO: downloads\4111010009_北方工业大学\2024\August文件夹已经建立
2025-03-27 03:44:22,840 - crawl.py[line:47] - INFO: downloads\4111010009_北方工业大学\2024\August已经全部完成，无需再次进行！
2025-03-27 03:44:22,841 - crawl.py[line:43] - INFO: downloads\4111010009_北方工业大学\2024\September文件夹已经建立
2025-03-27 03:44:22,841 - crawl.py[line:47] - INFO: downloads\4111010009_北方工业大学\2024\September已经全部完成，无需再次进行！
2025-03-27 03:44:22,841 - crawl.py[line:43] - INFO: downloads\4111010009_北方工业大学\2024\October文件夹已经建立
2025-03-27 03:44:22,841 - crawl.py[line:47] - INFO: downloads\4111010009_北方工业大学\2024\October已经全部完成，无需再次进行！
2025-03-27 03:44:22,849 - crawl.py[line:43] - INFO: downloads\4111010009_北方工业大学\2024\November文件夹已经建立
2025-03-27 03:44:22,849 - crawl.py[line:47] - INFO: downloads\4111010009_北方工业大学\2024\November已经全部完成，无需再次进行！
2025-03-27 03:44:22,850 - crawl.py[line:43] - INFO: downloads\4111010009_北方工业大学\2024\December文件夹已经建立
2025-03-27 03:44:22,862 - crawl.py[line:47] - INFO: downloads\4111010009_北方工业大学\2024\December已经全部完成，无需再次进行！
2025-03-27 03:44:22,862 - crawl.py[line:43] - INFO: downloads\4111010016_北京建筑大学\2022\January文件夹已经建立
2025-03-27 03:44:22,862 - crawl.py[line:47] - INFO: downloads\4111010016_北京建筑大学\2022\January已经全部完成，无需再次进行！
2025-03-27 03:44:22,873 - crawl.py[line:43] - INFO: downloads\4111010016_北京建筑大学\2022\February文件夹已经建立
2025-03-27 03:44:22,875 - crawl.py[line:47] - INFO: downloads\4111010016_北京建筑大学\2022\February已经全部完成，无需再次进行！
2025-03-27 03:44:22,875 - crawl.py[line:43] - INFO: downloads\4111010016_北京建筑大学\2022\March文件夹已经建立
2025-03-27 03:44:22,875 - crawl.py[line:47] - INFO: downloads\4111010016_北京建筑大学\2022\March已经全部完成，无需再次进行！
2025-03-27 03:44:22,875 - crawl.py[line:43] - INFO: downloads\4111010016_北京建筑大学\2022\April文件夹已经建立
2025-03-27 03:44:23,009 - crawl.py[line:43] - INFO: downloads\4111010016_北京建筑大学\2022\May文件夹已经建立
2025-03-27 03:44:23,009 - crawl.py[line:47] - INFO: downloads\4111010016_北京建筑大学\2022\May已经全部完成，无需再次进行！
2025-03-27 03:44:23,009 - crawl.py[line:43] - INFO: downloads\4111010016_北京建筑大学\2022\June文件夹已经建立
2025-03-27 03:44:23,009 - crawl.py[line:47] - INFO: downloads\4111010016_北京建筑大学\2022\June已经全部完成，无需再次进行！
2025-03-27 03:44:23,009 - crawl.py[line:43] - INFO: downloads\4111010016_北京建筑大学\2022\July文件夹已经建立
2025-03-27 03:44:23,009 - crawl.py[line:47] - INFO: downloads\4111010016_北京建筑大学\2022\July已经全部完成，无需再次进行！
2025-03-27 03:44:23,009 - crawl.py[line:43] - INFO: downloads\4111010016_北京建筑大学\2022\August文件夹已经建立
2025-03-27 03:44:23,009 - crawl.py[line:47] - INFO: downloads\4111010016_北京建筑大学\2022\August已经全部完成，无需再次进行！
2025-03-27 03:44:23,009 - crawl.py[line:43] - INFO: downloads\4111010016_北京建筑大学\2022\September文件夹已经建立
2025-03-27 03:44:23,009 - crawl.py[line:47] - INFO: downloads\4111010016_北京建筑大学\2022\September已经全部完成，无需再次进行！
2025-03-27 03:44:23,009 - crawl.py[line:43] - INFO: downloads\4111010016_北京建筑大学\2022\October文件夹已经建立
2025-03-27 03:44:23,009 - crawl.py[line:47] - INFO: downloads\4111010016_北京建筑大学\2022\October已经全部完成，无需再次进行！
2025-03-27 03:44:23,017 - crawl.py[line:43] - INFO: downloads\4111010016_北京建筑大学\2022\November文件夹已经建立
2025-03-27 03:44:23,017 - crawl.py[line:47] - INFO: downloads\4111010016_北京建筑大学\2022\November已经全部完成，无需再次进行！
2025-03-27 03:44:23,017 - crawl.py[line:43] - INFO: downloads\4111010016_北京建筑大学\2022\December文件夹已经建立
2025-03-27 03:44:23,017 - crawl.py[line:47] - INFO: downloads\4111010016_北京建筑大学\2022\December已经全部完成，无需再次进行！
2025-03-27 03:44:23,017 - crawl.py[line:43] - INFO: downloads\4111010016_北京建筑大学\2023\January文件夹已经建立
2025-03-27 03:44:23,017 - crawl.py[line:47] - INFO: downloads\4111010016_北京建筑大学\2023\January已经全部完成，无需再次进行！
2025-03-27 03:44:23,017 - crawl.py[line:43] - INFO: downloads\4111010016_北京建筑大学\2023\February文件夹已经建立
2025-03-27 03:44:23,017 - crawl.py[line:47] - INFO: downloads\4111010016_北京建筑大学\2023\February已经全部完成，无需再次进行！
2025-03-27 03:44:23,017 - crawl.py[line:43] - INFO: downloads\4111010016_北京建筑大学\2023\March文件夹已经建立
2025-03-27 03:44:23,017 - crawl.py[line:47] - INFO: downloads\4111010016_北京建筑大学\2023\March已经全部完成，无需再次进行！
2025-03-27 03:44:23,017 - crawl.py[line:43] - INFO: downloads\4111010016_北京建筑大学\2023\April文件夹已经建立
2025-03-27 03:44:23,017 - crawl.py[line:47] - INFO: downloads\4111010016_北京建筑大学\2023\April已经全部完成，无需再次进行！
2025-03-27 03:44:23,017 - crawl.py[line:43] - INFO: downloads\4111010016_北京建筑大学\2023\May文件夹已经建立
2025-03-27 03:44:23,017 - crawl.py[line:47] - INFO: downloads\4111010016_北京建筑大学\2023\May已经全部完成，无需再次进行！
2025-03-27 03:44:23,017 - crawl.py[line:43] - INFO: downloads\4111010016_北京建筑大学\2023\June文件夹已经建立
2025-03-27 03:44:23,017 - crawl.py[line:47] - INFO: downloads\4111010016_北京建筑大学\2023\June已经全部完成，无需再次进行！
2025-03-27 03:44:23,017 - crawl.py[line:43] - INFO: downloads\4111010016_北京建筑大学\2023\July文件夹已经建立
2025-03-27 03:44:23,034 - crawl.py[line:47] - INFO: downloads\4111010016_北京建筑大学\2023\July已经全部完成，无需再次进行！
2025-03-27 03:44:23,035 - crawl.py[line:43] - INFO: downloads\4111010016_北京建筑大学\2023\August文件夹已经建立
2025-03-27 03:44:23,035 - crawl.py[line:47] - INFO: downloads\4111010016_北京建筑大学\2023\August已经全部完成，无需再次进行！
2025-03-27 03:44:23,035 - crawl.py[line:43] - INFO: downloads\4111010016_北京建筑大学\2023\September文件夹已经建立
2025-03-27 03:44:23,035 - crawl.py[line:47] - INFO: downloads\4111010016_北京建筑大学\2023\September已经全部完成，无需再次进行！
2025-03-27 03:44:23,036 - crawl.py[line:43] - INFO: downloads\4111010016_北京建筑大学\2023\October文件夹已经建立
2025-03-27 03:44:23,036 - crawl.py[line:47] - INFO: downloads\4111010016_北京建筑大学\2023\October已经全部完成，无需再次进行！
2025-03-27 03:44:23,039 - crawl.py[line:43] - INFO: downloads\4111010016_北京建筑大学\2023\November文件夹已经建立
2025-03-27 03:44:23,040 - crawl.py[line:47] - INFO: downloads\4111010016_北京建筑大学\2023\November已经全部完成，无需再次进行！
2025-03-27 03:44:23,040 - crawl.py[line:43] - INFO: downloads\4111010016_北京建筑大学\2023\December文件夹已经建立
2025-03-27 03:44:23,040 - crawl.py[line:47] - INFO: downloads\4111010016_北京建筑大学\2023\December已经全部完成，无需再次进行！
2025-03-27 03:44:23,040 - crawl.py[line:43] - INFO: downloads\4111010016_北京建筑大学\2024\January文件夹已经建立
2025-03-27 03:44:23,040 - crawl.py[line:47] - INFO: downloads\4111010016_北京建筑大学\2024\January已经全部完成，无需再次进行！
2025-03-27 03:44:23,041 - crawl.py[line:43] - INFO: downloads\4111010016_北京建筑大学\2024\February文件夹已经建立
2025-03-27 03:44:23,041 - crawl.py[line:47] - INFO: downloads\4111010016_北京建筑大学\2024\February已经全部完成，无需再次进行！
2025-03-27 03:44:23,050 - crawl.py[line:43] - INFO: downloads\4111010016_北京建筑大学\2024\March文件夹已经建立
2025-03-27 03:44:23,050 - crawl.py[line:47] - INFO: downloads\4111010016_北京建筑大学\2024\March已经全部完成，无需再次进行！
2025-03-27 03:44:23,050 - crawl.py[line:43] - INFO: downloads\4111010016_北京建筑大学\2024\April文件夹已经建立
2025-03-27 03:44:23,123 - crawl.py[line:43] - INFO: downloads\4111010016_北京建筑大学\2024\May文件夹已经建立
2025-03-27 03:44:23,123 - crawl.py[line:47] - INFO: downloads\4111010016_北京建筑大学\2024\May已经全部完成，无需再次进行！
2025-03-27 03:44:23,123 - crawl.py[line:43] - INFO: downloads\4111010016_北京建筑大学\2024\June文件夹已经建立
2025-03-27 03:44:23,123 - crawl.py[line:47] - INFO: downloads\4111010016_北京建筑大学\2024\June已经全部完成，无需再次进行！
2025-03-27 03:44:23,123 - crawl.py[line:43] - INFO: downloads\4111010016_北京建筑大学\2024\July文件夹已经建立
2025-03-27 03:44:23,123 - crawl.py[line:47] - INFO: downloads\4111010016_北京建筑大学\2024\July已经全部完成，无需再次进行！
2025-03-27 03:44:23,123 - crawl.py[line:43] - INFO: downloads\4111010016_北京建筑大学\2024\August文件夹已经建立
2025-03-27 03:44:23,141 - crawl.py[line:43] - INFO: downloads\4111010016_北京建筑大学\2024\September文件夹已经建立
2025-03-27 03:44:23,287 - crawl.py[line:156] - ERROR: 无法打开此网页，请检查是否网络出错或被封锁！
2025-03-27 03:44:27,370 - crawl.py[line:43] - INFO: downloads\4111010016_北京建筑大学\2024\October文件夹已经建立
2025-03-27 03:44:27,402 - crawl.py[line:156] - ERROR: 无法打开此网页，请检查是否网络出错或被封锁！
2025-03-27 03:44:27,562 - crawl.py[line:156] - ERROR: 无法打开此网页，请检查是否网络出错或被封锁！
2025-03-27 03:44:29,871 - crawl.py[line:43] - INFO: downloads\4111010016_北京建筑大学\2024\November文件夹已经建立
2025-03-27 03:44:29,946 - crawl.py[line:43] - INFO: downloads\4111010016_北京建筑大学\2024\December文件夹已经建立
2025-03-27 03:44:30,689 - crawl.py[line:156] - ERROR: 无法打开此网页，请检查是否网络出错或被封锁！
2025-03-27 03:44:30,771 - crawl.py[line:156] - ERROR: 无法打开此网页，请检查是否网络出错或被封锁！
2025-03-27 03:44:31,542 - crawl.py[line:156] - ERROR: 无法打开此网页，请检查是否网络出错或被封锁！
2025-03-27 03:44:33,171 - crawl.py[line:43] - INFO: downloads\4111010025_首都医科大学\2022\January文件夹已经建立
2025-03-27 03:44:33,241 - crawl.py[line:43] - INFO: downloads\4111010025_首都医科大学\2022\February文件夹已经建立
2025-03-27 03:44:33,962 - crawl.py[line:43] - INFO: downloads\4111010025_首都医科大学\2022\March文件夹已经建立
2025-03-27 03:44:34,676 - crawl.py[line:156] - ERROR: 无法打开此网页，请检查是否网络出错或被封锁！
2025-03-27 03:44:34,899 - crawl.py[line:156] - ERROR: 无法打开此网页，请检查是否网络出错或被封锁！
2025-03-27 03:44:37,445 - crawl.py[line:43] - INFO: downloads\4111010025_首都医科大学\2022\April文件夹已经建立
2025-03-27 03:44:37,445 - crawl.py[line:43] - INFO: downloads\4111010025_首都医科大学\2022\May文件夹已经建立
2025-03-27 03:44:40,614 - crawl.py[line:156] - ERROR: 无法打开此网页，请检查是否网络出错或被封锁！
2025-03-27 03:44:41,498 - crawl.py[line:156] - ERROR: 无法打开此网页，请检查是否网络出错或被封锁！
2025-03-27 03:44:43,025 - crawl.py[line:43] - INFO: downloads\4111010025_首都医科大学\2022\June文件夹已经建立
2025-03-27 03:44:43,333 - crawl.py[line:156] - ERROR: 无法打开此网页，请检查是否网络出错或被封锁！
2025-03-27 03:44:43,943 - crawl.py[line:43] - INFO: downloads\4111010025_首都医科大学\2022\July文件夹已经建立
2025-03-27 03:44:45,404 - crawl.py[line:156] - ERROR: 无法打开此网页，请检查是否网络出错或被封锁！
2025-03-27 03:44:47,079 - crawl.py[line:43] - INFO: downloads\4111010025_首都医科大学\2022\August文件夹已经建立
2025-03-27 03:44:47,547 - crawl.py[line:156] - ERROR: 无法打开此网页，请检查是否网络出错或被封锁！
2025-03-27 03:44:47,969 - crawl.py[line:43] - INFO: downloads\4111010025_首都医科大学\2022\September文件夹已经建立
2025-03-27 03:44:48,755 - crawl.py[line:156] - ERROR: 无法打开此网页，请检查是否网络出错或被封锁！
2025-03-27 03:44:50,291 - crawl.py[line:156] - ERROR: 无法打开此网页，请检查是否网络出错或被封锁！
2025-03-27 03:44:51,764 - crawl.py[line:156] - ERROR: 无法打开此网页，请检查是否网络出错或被封锁！
2025-03-27 03:44:51,879 - crawl.py[line:43] - INFO: downloads\4111010025_首都医科大学\2022\October文件夹已经建立
2025-03-27 03:44:52,039 - crawl.py[line:43] - INFO: downloads\4111010025_首都医科大学\2022\November文件夹已经建立
2025-03-27 03:44:55,299 - crawl.py[line:43] - INFO: downloads\4111010025_首都医科大学\2022\December文件夹已经建立
2025-03-27 03:44:55,301 - crawl.py[line:43] - INFO: downloads\4111010025_首都医科大学\2023\January文件夹已经建立
2025-03-27 03:44:56,686 - crawl.py[line:156] - ERROR: 无法打开此网页，请检查是否网络出错或被封锁！
2025-03-27 03:44:56,862 - crawl.py[line:156] - ERROR: 无法打开此网页，请检查是否网络出错或被封锁！
2025-03-27 03:44:57,709 - crawl.py[line:156] - ERROR: 无法打开此网页，请检查是否网络出错或被封锁！
2025-03-27 03:44:57,713 - crawl.py[line:156] - ERROR: 无法打开此网页，请检查是否网络出错或被封锁！
2025-03-27 03:44:57,714 - crawl.py[line:156] - ERROR: 无法打开此网页，请检查是否网络出错或被封锁！
