2025-03-27 00:12:37,153 - make_task_list.py[line:106] - INFO: 任务是school-year-month形
2025-03-27 00:12:37,318 - make_task_list.py[line:106] - INFO: 任务是school-year-month形
2025-03-27 00:12:37,330 - crawl.py[line:98] - INFO: downloads\4111010006_北京航空航天大学\2022\January文件夹已经建立
2025-03-27 00:12:37,330 - crawl.py[line:98] - INFO: downloads\4111010006_北京航空航天大学\2022\February文件夹已经建立
2025-03-27 00:12:37,330 - crawl.py[line:98] - INFO: downloads\4111010006_北京航空航天大学\2022\March文件夹已经建立
2025-03-27 00:12:37,331 - crawl.py[line:102] - INFO: downloads\4111010006_北京航空航天大学\2022\January已经全部完成，无需再次进行！
2025-03-27 00:12:37,331 - crawl.py[line:98] - INFO: downloads\4111010006_北京航空航天大学\2022\April文件夹已经建立
2025-03-27 00:12:37,332 - crawl.py[line:102] - INFO: downloads\4111010006_北京航空航天大学\2022\February已经全部完成，无需再次进行！
2025-03-27 00:12:37,362 - crawl.py[line:102] - INFO: downloads\4111010006_北京航空航天大学\2022\March已经全部完成，无需再次进行！
2025-03-27 00:12:37,362 - crawl.py[line:98] - INFO: downloads\4111010006_北京航空航天大学\2022\May文件夹已经建立
2025-03-27 00:12:37,394 - crawl.py[line:98] - INFO: downloads\4111010006_北京航空航天大学\2022\July文件夹已经建立
2025-03-27 00:12:37,406 - crawl.py[line:102] - INFO: downloads\4111010006_北京航空航天大学\2022\April已经全部完成，无需再次进行！
2025-03-27 00:12:37,406 - crawl.py[line:98] - INFO: downloads\4111010006_北京航空航天大学\2022\June文件夹已经建立
2025-03-27 00:12:37,406 - crawl.py[line:98] - INFO: downloads\4111010006_北京航空航天大学\2022\August文件夹已经建立
2025-03-27 00:12:37,473 - crawl.py[line:102] - INFO: downloads\4111010006_北京航空航天大学\2022\July已经全部完成，无需再次进行！
2025-03-27 00:12:37,520 - crawl.py[line:102] - INFO: downloads\4111010006_北京航空航天大学\2022\June已经全部完成，无需再次进行！
2025-03-27 00:12:37,520 - crawl.py[line:98] - INFO: downloads\4111010006_北京航空航天大学\2022\September文件夹已经建立
2025-03-27 00:12:37,526 - crawl.py[line:102] - INFO: downloads\4111010006_北京航空航天大学\2022\May已经全部完成，无需再次进行！
2025-03-27 00:12:37,533 - crawl.py[line:102] - INFO: downloads\4111010006_北京航空航天大学\2022\August已经全部完成，无需再次进行！
2025-03-27 00:12:37,567 - crawl.py[line:102] - INFO: downloads\4111010006_北京航空航天大学\2022\September已经全部完成，无需再次进行！
2025-03-27 00:12:37,567 - crawl.py[line:98] - INFO: downloads\4111010006_北京航空航天大学\2022\October文件夹已经建立
2025-03-27 00:12:37,570 - crawl.py[line:98] - INFO: downloads\4111010006_北京航空航天大学\2022\November文件夹已经建立
2025-03-27 00:12:37,614 - crawl.py[line:98] - INFO: downloads\4111010006_北京航空航天大学\2022\December文件夹已经建立
2025-03-27 00:12:37,614 - crawl.py[line:98] - INFO: downloads\4111010006_北京航空航天大学\2023\January文件夹已经建立
2025-03-27 00:12:37,630 - crawl.py[line:98] - INFO: downloads\4111010006_北京航空航天大学\2023\February文件夹已经建立
2025-03-27 00:12:37,630 - crawl.py[line:102] - INFO: downloads\4111010006_北京航空航天大学\2022\October已经全部完成，无需再次进行！
2025-03-27 00:12:37,634 - crawl.py[line:102] - INFO: downloads\4111010006_北京航空航天大学\2023\February已经全部完成，无需再次进行！
2025-03-27 00:12:37,634 - crawl.py[line:102] - INFO: downloads\4111010006_北京航空航天大学\2023\January已经全部完成，无需再次进行！
2025-03-27 00:12:37,634 - crawl.py[line:98] - INFO: downloads\4111010006_北京航空航天大学\2023\March文件夹已经建立
2025-03-27 00:12:37,640 - crawl.py[line:102] - INFO: downloads\4111010006_北京航空航天大学\2022\November已经全部完成，无需再次进行！
2025-03-27 00:12:37,662 - crawl.py[line:102] - INFO: downloads\4111010006_北京航空航天大学\2022\December已经全部完成，无需再次进行！
2025-03-27 00:12:37,676 - crawl.py[line:98] - INFO: downloads\4111010006_北京航空航天大学\2023\May文件夹已经建立
2025-03-27 00:12:37,676 - crawl.py[line:98] - INFO: downloads\4111010006_北京航空航天大学\2023\April文件夹已经建立
2025-03-27 00:12:37,676 - crawl.py[line:102] - INFO: downloads\4111010006_北京航空航天大学\2023\May已经全部完成，无需再次进行！
2025-03-27 00:12:37,676 - crawl.py[line:102] - INFO: downloads\4111010006_北京航空航天大学\2023\March已经全部完成，无需再次进行！
2025-03-27 00:12:37,693 - crawl.py[line:98] - INFO: downloads\4111010006_北京航空航天大学\2023\July文件夹已经建立
2025-03-27 00:12:37,693 - crawl.py[line:98] - INFO: downloads\4111010006_北京航空航天大学\2023\August文件夹已经建立
2025-03-27 00:12:37,702 - crawl.py[line:102] - INFO: downloads\4111010006_北京航空航天大学\2023\April已经全部完成，无需再次进行！
2025-03-27 00:12:37,702 - crawl.py[line:98] - INFO: downloads\4111010006_北京航空航天大学\2023\June文件夹已经建立
2025-03-27 00:12:37,724 - crawl.py[line:98] - INFO: downloads\4111010006_北京航空航天大学\2023\September文件夹已经建立
2025-03-27 00:12:37,787 - crawl.py[line:102] - INFO: downloads\4111010006_北京航空航天大学\2023\August已经全部完成，无需再次进行！
2025-03-27 00:12:37,787 - crawl.py[line:98] - INFO: downloads\4111010006_北京航空航天大学\2023\October文件夹已经建立
2025-03-27 00:12:37,787 - crawl.py[line:102] - INFO: downloads\4111010006_北京航空航天大学\2023\July已经全部完成，无需再次进行！
2025-03-27 00:12:37,788 - crawl.py[line:98] - INFO: downloads\4111010006_北京航空航天大学\2023\November文件夹已经建立
2025-03-27 00:12:37,788 - crawl.py[line:102] - INFO: downloads\4111010006_北京航空航天大学\2023\September已经全部完成，无需再次进行！
2025-03-27 00:12:37,803 - crawl.py[line:102] - INFO: downloads\4111010006_北京航空航天大学\2023\June已经全部完成，无需再次进行！
2025-03-27 00:12:37,804 - crawl.py[line:102] - INFO: downloads\4111010006_北京航空航天大学\2023\October已经全部完成，无需再次进行！
2025-03-27 00:12:37,804 - crawl.py[line:98] - INFO: downloads\4111010006_北京航空航天大学\2023\December文件夹已经建立
2025-03-27 00:12:37,819 - crawl.py[line:102] - INFO: downloads\4111010006_北京航空航天大学\2023\November已经全部完成，无需再次进行！
2025-03-27 00:12:37,834 - crawl.py[line:98] - INFO: downloads\4111010006_北京航空航天大学\2024\January文件夹已经建立
2025-03-27 00:12:37,850 - crawl.py[line:98] - INFO: downloads\4111010006_北京航空航天大学\2024\February文件夹已经建立
2025-03-27 00:12:37,871 - crawl.py[line:98] - INFO: downloads\4111010006_北京航空航天大学\2024\March文件夹已经建立
2025-03-27 00:12:37,898 - crawl.py[line:102] - INFO: downloads\4111010006_北京航空航天大学\2023\December已经全部完成，无需再次进行！
2025-03-27 00:12:37,898 - crawl.py[line:102] - INFO: downloads\4111010006_北京航空航天大学\2024\January已经全部完成，无需再次进行！
2025-03-27 00:12:37,913 - crawl.py[line:98] - INFO: downloads\4111010006_北京航空航天大学\2024\April文件夹已经建立
2025-03-27 00:12:37,962 - crawl.py[line:102] - INFO: downloads\4111010006_北京航空航天大学\2024\February已经全部完成，无需再次进行！
2025-03-27 00:12:37,968 - crawl.py[line:98] - INFO: downloads\4111010006_北京航空航天大学\2024\May文件夹已经建立
2025-03-27 00:12:37,973 - crawl.py[line:102] - INFO: downloads\4111010006_北京航空航天大学\2024\April已经全部完成，无需再次进行！
2025-03-27 00:12:37,973 - crawl.py[line:102] - INFO: downloads\4111010006_北京航空航天大学\2024\May已经全部完成，无需再次进行！
2025-03-27 00:12:37,983 - crawl.py[line:98] - INFO: downloads\4111010006_北京航空航天大学\2024\June文件夹已经建立
2025-03-27 00:12:37,983 - crawl.py[line:98] - INFO: downloads\4111010006_北京航空航天大学\2024\July文件夹已经建立
2025-03-27 00:12:37,993 - crawl.py[line:98] - INFO: downloads\4111010006_北京航空航天大学\2024\August文件夹已经建立
2025-03-27 00:12:38,064 - crawl.py[line:98] - INFO: downloads\4111010006_北京航空航天大学\2024\September文件夹已经建立
2025-03-27 00:12:38,116 - crawl.py[line:102] - INFO: downloads\4111010006_北京航空航天大学\2024\June已经全部完成，无需再次进行！
2025-03-27 00:12:38,117 - crawl.py[line:102] - INFO: downloads\4111010006_北京航空航天大学\2024\August已经全部完成，无需再次进行！
2025-03-27 00:12:38,175 - crawl.py[line:102] - INFO: downloads\4111010006_北京航空航天大学\2024\September已经全部完成，无需再次进行！
2025-03-27 00:12:38,175 - crawl.py[line:98] - INFO: downloads\4111010006_北京航空航天大学\2024\October文件夹已经建立
2025-03-27 00:12:38,187 - crawl.py[line:98] - INFO: downloads\4111010006_北京航空航天大学\2024\November文件夹已经建立
2025-03-27 00:12:38,187 - crawl.py[line:102] - INFO: downloads\4111010006_北京航空航天大学\2024\October已经全部完成，无需再次进行！
2025-03-27 00:12:38,213 - crawl.py[line:98] - INFO: downloads\4111010007_北京理工大学\2022\January文件夹已经建立
2025-03-27 00:12:38,213 - crawl.py[line:98] - INFO: downloads\4111010006_北京航空航天大学\2024\December文件夹已经建立
2025-03-27 00:12:38,230 - crawl.py[line:102] - INFO: downloads\4111010007_北京理工大学\2022\January已经全部完成，无需再次进行！
2025-03-27 00:12:38,240 - crawl.py[line:102] - INFO: downloads\4111010006_北京航空航天大学\2024\December已经全部完成，无需再次进行！
2025-03-27 00:12:38,269 - crawl.py[line:98] - INFO: downloads\4111010007_北京理工大学\2022\February文件夹已经建立
2025-03-27 00:12:38,270 - crawl.py[line:98] - INFO: downloads\4111010007_北京理工大学\2022\March文件夹已经建立
2025-03-27 00:12:38,349 - crawl.py[line:102] - INFO: downloads\4111010007_北京理工大学\2022\February已经全部完成，无需再次进行！
2025-03-27 00:12:38,350 - crawl.py[line:98] - INFO: downloads\4111010007_北京理工大学\2022\April文件夹已经建立
2025-03-27 00:12:38,356 - crawl.py[line:102] - INFO: downloads\4111010007_北京理工大学\2022\April已经全部完成，无需再次进行！
2025-03-27 00:12:38,378 - crawl.py[line:98] - INFO: downloads\4111010007_北京理工大学\2022\May文件夹已经建立
2025-03-27 00:12:38,431 - crawl.py[line:102] - INFO: downloads\4111010007_北京理工大学\2022\March已经全部完成，无需再次进行！
2025-03-27 00:12:38,433 - crawl.py[line:102] - INFO: downloads\4111010007_北京理工大学\2022\May已经全部完成，无需再次进行！
2025-03-27 00:12:38,450 - crawl.py[line:98] - INFO: downloads\4111010007_北京理工大学\2022\July文件夹已经建立
2025-03-27 00:12:38,451 - crawl.py[line:102] - INFO: downloads\4111010007_北京理工大学\2022\July已经全部完成，无需再次进行！
2025-03-27 00:12:38,452 - crawl.py[line:98] - INFO: downloads\4111010007_北京理工大学\2022\June文件夹已经建立
2025-03-27 00:12:38,471 - crawl.py[line:98] - INFO: downloads\4111010007_北京理工大学\2022\August文件夹已经建立
2025-03-27 00:12:38,471 - crawl.py[line:102] - INFO: downloads\4111010007_北京理工大学\2022\June已经全部完成，无需再次进行！
2025-03-27 00:12:38,589 - crawl.py[line:102] - INFO: downloads\4111010007_北京理工大学\2022\August已经全部完成，无需再次进行！
2025-03-27 00:12:38,589 - crawl.py[line:98] - INFO: downloads\4111010007_北京理工大学\2022\September文件夹已经建立
2025-03-27 00:12:38,652 - crawl.py[line:98] - INFO: downloads\4111010007_北京理工大学\2022\October文件夹已经建立
2025-03-27 00:12:38,708 - crawl.py[line:102] - INFO: downloads\4111010007_北京理工大学\2022\October已经全部完成，无需再次进行！
2025-03-27 00:12:38,718 - crawl.py[line:98] - INFO: downloads\4111010007_北京理工大学\2022\November文件夹已经建立
2025-03-27 00:12:38,746 - crawl.py[line:102] - INFO: downloads\4111010007_北京理工大学\2022\November已经全部完成，无需再次进行！
2025-03-27 00:12:38,792 - crawl.py[line:98] - INFO: downloads\4111010007_北京理工大学\2022\December文件夹已经建立
2025-03-27 00:12:38,876 - crawl.py[line:102] - INFO: downloads\4111010007_北京理工大学\2022\December已经全部完成，无需再次进行！
2025-03-27 00:12:38,896 - crawl.py[line:98] - INFO: downloads\4111010007_北京理工大学\2023\January文件夹已经建立
2025-03-27 00:12:38,897 - crawl.py[line:102] - INFO: downloads\4111010007_北京理工大学\2023\January已经全部完成，无需再次进行！
2025-03-27 00:12:38,933 - crawl.py[line:98] - INFO: downloads\4111010007_北京理工大学\2023\February文件夹已经建立
2025-03-27 00:12:38,942 - crawl.py[line:102] - INFO: downloads\4111010007_北京理工大学\2023\February已经全部完成，无需再次进行！
2025-03-27 00:12:38,964 - crawl.py[line:98] - INFO: downloads\4111010007_北京理工大学\2023\March文件夹已经建立
2025-03-27 00:12:39,036 - crawl.py[line:102] - INFO: downloads\4111010007_北京理工大学\2023\March已经全部完成，无需再次进行！
2025-03-27 00:12:39,057 - crawl.py[line:98] - INFO: downloads\4111010007_北京理工大学\2023\April文件夹已经建立
2025-03-27 00:12:39,119 - crawl.py[line:102] - INFO: downloads\4111010007_北京理工大学\2023\April已经全部完成，无需再次进行！
2025-03-27 00:12:39,148 - crawl.py[line:98] - INFO: downloads\4111010007_北京理工大学\2023\May文件夹已经建立
2025-03-27 00:12:39,201 - crawl.py[line:102] - INFO: downloads\4111010007_北京理工大学\2023\May已经全部完成，无需再次进行！
2025-03-27 00:12:39,221 - crawl.py[line:98] - INFO: downloads\4111010007_北京理工大学\2023\June文件夹已经建立
2025-03-27 00:12:39,258 - crawl.py[line:102] - INFO: downloads\4111010007_北京理工大学\2023\June已经全部完成，无需再次进行！
2025-03-27 00:12:39,295 - crawl.py[line:98] - INFO: downloads\4111010007_北京理工大学\2023\July文件夹已经建立
2025-03-27 00:12:39,326 - crawl.py[line:102] - INFO: downloads\4111010007_北京理工大学\2023\July已经全部完成，无需再次进行！
2025-03-27 00:12:39,369 - crawl.py[line:98] - INFO: downloads\4111010007_北京理工大学\2023\August文件夹已经建立
2025-03-27 00:12:39,383 - crawl.py[line:102] - INFO: downloads\4111010007_北京理工大学\2023\August已经全部完成，无需再次进行！
2025-03-27 00:12:39,426 - crawl.py[line:98] - INFO: downloads\4111010007_北京理工大学\2023\September文件夹已经建立
2025-03-27 00:12:39,495 - crawl.py[line:102] - INFO: downloads\4111010007_北京理工大学\2023\September已经全部完成，无需再次进行！
2025-03-27 00:12:39,511 - crawl.py[line:98] - INFO: downloads\4111010007_北京理工大学\2023\October文件夹已经建立
2025-03-27 00:12:39,588 - crawl.py[line:102] - INFO: downloads\4111010007_北京理工大学\2023\October已经全部完成，无需再次进行！
2025-03-27 00:12:39,620 - crawl.py[line:98] - INFO: downloads\4111010007_北京理工大学\2023\November文件夹已经建立
2025-03-27 00:12:42,572 - crawl.py[line:98] - INFO: downloads\4111010007_北京理工大学\2023\December文件夹已经建立
2025-03-27 00:12:42,572 - crawl.py[line:102] - INFO: downloads\4111010007_北京理工大学\2023\December已经全部完成，无需再次进行！
2025-03-27 00:12:42,573 - crawl.py[line:98] - INFO: downloads\4111010007_北京理工大学\2024\January文件夹已经建立
2025-03-27 00:12:42,574 - crawl.py[line:102] - INFO: downloads\4111010007_北京理工大学\2024\January已经全部完成，无需再次进行！
2025-03-27 00:12:42,575 - crawl.py[line:98] - INFO: downloads\4111010007_北京理工大学\2024\February文件夹已经建立
2025-03-27 00:12:42,575 - crawl.py[line:102] - INFO: downloads\4111010007_北京理工大学\2024\February已经全部完成，无需再次进行！
2025-03-27 00:12:42,576 - crawl.py[line:98] - INFO: downloads\4111010007_北京理工大学\2024\March文件夹已经建立
2025-03-27 00:12:42,576 - crawl.py[line:102] - INFO: downloads\4111010007_北京理工大学\2024\March已经全部完成，无需再次进行！
2025-03-27 00:12:42,577 - crawl.py[line:98] - INFO: downloads\4111010007_北京理工大学\2024\April文件夹已经建立
