2025-03-27 00:11:43,438 - make_task_list.py[line:106] - INFO: 任务是school-year-month形
2025-03-27 00:11:43,626 - make_task_list.py[line:106] - INFO: 任务是school-year-month形
2025-03-27 00:11:43,639 - crawl.py[line:98] - INFO: downloads\4111010006_北京航空航天大学\2022\January文件夹已经建立
2025-03-27 00:11:43,639 - crawl.py[line:102] - INFO: downloads\4111010006_北京航空航天大学\2022\January已经全部完成，无需再次进行！
2025-03-27 00:11:43,640 - crawl.py[line:98] - INFO: downloads\4111010006_北京航空航天大学\2022\February文件夹已经建立
2025-03-27 00:11:43,640 - crawl.py[line:98] - INFO: downloads\4111010006_北京航空航天大学\2022\March文件夹已经建立
2025-03-27 00:11:43,640 - crawl.py[line:102] - INFO: downloads\4111010006_北京航空航天大学\2022\February已经全部完成，无需再次进行！
2025-03-27 00:11:43,641 - crawl.py[line:98] - INFO: downloads\4111010006_北京航空航天大学\2022\April文件夹已经建立
2025-03-27 00:11:43,642 - crawl.py[line:98] - INFO: downloads\4111010006_北京航空航天大学\2022\May文件夹已经建立
2025-03-27 00:11:43,743 - crawl.py[line:102] - INFO: downloads\4111010006_北京航空航天大学\2022\April已经全部完成，无需再次进行！
2025-03-27 00:11:43,680 - crawl.py[line:98] - INFO: downloads\4111010006_北京航空航天大学\2022\June文件夹已经建立
2025-03-27 00:11:43,743 - crawl.py[line:102] - INFO: downloads\4111010006_北京航空航天大学\2022\May已经全部完成，无需再次进行！
2025-03-27 00:11:43,715 - crawl.py[line:102] - INFO: downloads\4111010006_北京航空航天大学\2022\March已经全部完成，无需再次进行！
2025-03-27 00:11:43,725 - crawl.py[line:98] - INFO: downloads\4111010006_北京航空航天大学\2022\July文件夹已经建立
2025-03-27 00:11:43,744 - crawl.py[line:98] - INFO: downloads\4111010006_北京航空航天大学\2022\August文件夹已经建立
2025-03-27 00:11:43,744 - crawl.py[line:102] - INFO: downloads\4111010006_北京航空航天大学\2022\June已经全部完成，无需再次进行！
2025-03-27 00:11:43,790 - crawl.py[line:98] - INFO: downloads\4111010006_北京航空航天大学\2022\September文件夹已经建立
2025-03-27 00:11:43,821 - crawl.py[line:98] - INFO: downloads\4111010006_北京航空航天大学\2022\October文件夹已经建立
2025-03-27 00:11:43,843 - crawl.py[line:102] - INFO: downloads\4111010006_北京航空航天大学\2022\September已经全部完成，无需再次进行！
2025-03-27 00:11:43,842 - crawl.py[line:102] - INFO: downloads\4111010006_北京航空航天大学\2022\July已经全部完成，无需再次进行！
2025-03-27 00:11:43,842 - crawl.py[line:102] - INFO: downloads\4111010006_北京航空航天大学\2022\August已经全部完成，无需再次进行！
2025-03-27 00:11:43,843 - crawl.py[line:102] - INFO: downloads\4111010006_北京航空航天大学\2022\October已经全部完成，无需再次进行！
2025-03-27 00:11:43,844 - crawl.py[line:98] - INFO: downloads\4111010006_北京航空航天大学\2022\December文件夹已经建立
2025-03-27 00:11:43,848 - crawl.py[line:98] - INFO: downloads\4111010006_北京航空航天大学\2023\January文件夹已经建立
2025-03-27 00:11:43,848 - crawl.py[line:98] - INFO: downloads\4111010006_北京航空航天大学\2022\November文件夹已经建立
2025-03-27 00:11:43,931 - crawl.py[line:98] - INFO: downloads\4111010006_北京航空航天大学\2023\February文件夹已经建立
2025-03-27 00:11:43,961 - crawl.py[line:98] - INFO: downloads\4111010006_北京航空航天大学\2023\March文件夹已经建立
2025-03-27 00:11:43,961 - crawl.py[line:102] - INFO: downloads\4111010006_北京航空航天大学\2022\December已经全部完成，无需再次进行！
2025-03-27 00:11:44,041 - crawl.py[line:102] - INFO: downloads\4111010006_北京航空航天大学\2023\January已经全部完成，无需再次进行！
2025-03-27 00:11:44,073 - crawl.py[line:102] - INFO: downloads\4111010006_北京航空航天大学\2023\February已经全部完成，无需再次进行！
2025-03-27 00:11:44,073 - crawl.py[line:102] - INFO: downloads\4111010006_北京航空航天大学\2022\November已经全部完成，无需再次进行！
2025-03-27 00:11:44,106 - crawl.py[line:98] - INFO: downloads\4111010006_北京航空航天大学\2023\May文件夹已经建立
2025-03-27 00:11:44,106 - crawl.py[line:102] - INFO: downloads\4111010006_北京航空航天大学\2023\March已经全部完成，无需再次进行！
2025-03-27 00:11:44,106 - crawl.py[line:98] - INFO: downloads\4111010006_北京航空航天大学\2023\April文件夹已经建立
2025-03-27 00:11:44,121 - crawl.py[line:98] - INFO: downloads\4111010006_北京航空航天大学\2023\July文件夹已经建立
2025-03-27 00:11:44,137 - crawl.py[line:98] - INFO: downloads\4111010006_北京航空航天大学\2023\June文件夹已经建立
2025-03-27 00:11:44,171 - crawl.py[line:102] - INFO: downloads\4111010006_北京航空航天大学\2023\May已经全部完成，无需再次进行！
2025-03-27 00:11:44,172 - crawl.py[line:102] - INFO: downloads\4111010006_北京航空航天大学\2023\June已经全部完成，无需再次进行！
2025-03-27 00:11:44,172 - crawl.py[line:98] - INFO: downloads\4111010006_北京航空航天大学\2023\October文件夹已经建立
2025-03-27 00:11:44,172 - crawl.py[line:102] - INFO: downloads\4111010006_北京航空航天大学\2023\October已经全部完成，无需再次进行！
2025-03-27 00:11:44,173 - crawl.py[line:102] - INFO: downloads\4111010006_北京航空航天大学\2023\April已经全部完成，无需再次进行！
2025-03-27 00:11:44,173 - crawl.py[line:102] - INFO: downloads\4111010006_北京航空航天大学\2023\July已经全部完成，无需再次进行！
2025-03-27 00:11:44,173 - crawl.py[line:98] - INFO: downloads\4111010006_北京航空航天大学\2023\November文件夹已经建立
2025-03-27 00:11:44,174 - crawl.py[line:98] - INFO: downloads\4111010006_北京航空航天大学\2024\January文件夹已经建立
2025-03-27 00:11:44,174 - crawl.py[line:98] - INFO: downloads\4111010006_北京航空航天大学\2023\September文件夹已经建立
2025-03-27 00:11:44,174 - crawl.py[line:102] - INFO: downloads\4111010006_北京航空航天大学\2024\January已经全部完成，无需再次进行！
2025-03-27 00:11:44,174 - crawl.py[line:102] - INFO: downloads\4111010006_北京航空航天大学\2023\November已经全部完成，无需再次进行！
2025-03-27 00:11:44,175 - crawl.py[line:98] - INFO: downloads\4111010006_北京航空航天大学\2024\February文件夹已经建立
2025-03-27 00:11:44,175 - crawl.py[line:98] - INFO: downloads\4111010006_北京航空航天大学\2024\March文件夹已经建立
2025-03-27 00:11:44,175 - crawl.py[line:102] - INFO: downloads\4111010006_北京航空航天大学\2024\February已经全部完成，无需再次进行！
2025-03-27 00:11:44,176 - crawl.py[line:98] - INFO: downloads\4111010006_北京航空航天大学\2023\December文件夹已经建立
2025-03-27 00:11:44,176 - crawl.py[line:98] - INFO: downloads\4111010006_北京航空航天大学\2023\August文件夹已经建立
2025-03-27 00:11:44,184 - crawl.py[line:98] - INFO: downloads\4111010006_北京航空航天大学\2024\April文件夹已经建立
2025-03-27 00:11:44,194 - crawl.py[line:102] - INFO: downloads\4111010006_北京航空航天大学\2023\August已经全部完成，无需再次进行！
2025-03-27 00:11:44,194 - crawl.py[line:102] - INFO: downloads\4111010006_北京航空航天大学\2024\April已经全部完成，无需再次进行！
2025-03-27 00:11:44,195 - crawl.py[line:102] - INFO: downloads\4111010006_北京航空航天大学\2023\December已经全部完成，无需再次进行！
2025-03-27 00:11:44,195 - crawl.py[line:98] - INFO: downloads\4111010006_北京航空航天大学\2024\May文件夹已经建立
2025-03-27 00:11:44,196 - crawl.py[line:98] - INFO: downloads\4111010006_北京航空航天大学\2024\July文件夹已经建立
2025-03-27 00:11:44,196 - crawl.py[line:102] - INFO: downloads\4111010006_北京航空航天大学\2024\May已经全部完成，无需再次进行！
2025-03-27 00:11:44,197 - crawl.py[line:98] - INFO: downloads\4111010006_北京航空航天大学\2024\August文件夹已经建立
2025-03-27 00:11:44,198 - crawl.py[line:102] - INFO: downloads\4111010006_北京航空航天大学\2023\September已经全部完成，无需再次进行！
2025-03-27 00:11:44,198 - crawl.py[line:102] - INFO: downloads\4111010006_北京航空航天大学\2024\August已经全部完成，无需再次进行！
2025-03-27 00:11:44,231 - crawl.py[line:98] - INFO: downloads\4111010006_北京航空航天大学\2024\September文件夹已经建立
2025-03-27 00:11:44,231 - crawl.py[line:98] - INFO: downloads\4111010006_北京航空航天大学\2024\June文件夹已经建立
2025-03-27 00:11:44,359 - crawl.py[line:102] - INFO: downloads\4111010006_北京航空航天大学\2024\September已经全部完成，无需再次进行！
2025-03-27 00:11:44,373 - crawl.py[line:98] - INFO: downloads\4111010006_北京航空航天大学\2024\November文件夹已经建立
2025-03-27 00:11:44,373 - crawl.py[line:98] - INFO: downloads\4111010006_北京航空航天大学\2024\October文件夹已经建立
2025-03-27 00:11:44,380 - crawl.py[line:102] - INFO: downloads\4111010006_北京航空航天大学\2024\June已经全部完成，无需再次进行！
2025-03-27 00:11:44,450 - crawl.py[line:98] - INFO: downloads\4111010006_北京航空航天大学\2024\December文件夹已经建立
2025-03-27 00:11:44,450 - crawl.py[line:98] - INFO: downloads\4111010007_北京理工大学\2022\January文件夹已经建立
2025-03-27 00:11:44,450 - crawl.py[line:102] - INFO: downloads\4111010006_北京航空航天大学\2024\December已经全部完成，无需再次进行！
2025-03-27 00:11:44,501 - crawl.py[line:98] - INFO: downloads\4111010007_北京理工大学\2022\February文件夹已经建立
2025-03-27 00:11:44,501 - crawl.py[line:102] - INFO: downloads\4111010007_北京理工大学\2022\January已经全部完成，无需再次进行！
2025-03-27 00:11:44,501 - crawl.py[line:98] - INFO: downloads\4111010007_北京理工大学\2022\March文件夹已经建立
2025-03-27 00:11:44,501 - crawl.py[line:102] - INFO: downloads\4111010006_北京航空航天大学\2024\October已经全部完成，无需再次进行！
2025-03-27 00:11:44,563 - crawl.py[line:98] - INFO: downloads\4111010007_北京理工大学\2022\April文件夹已经建立
2025-03-27 00:11:44,612 - crawl.py[line:102] - INFO: downloads\4111010007_北京理工大学\2022\April已经全部完成，无需再次进行！
2025-03-27 00:11:44,611 - crawl.py[line:102] - INFO: downloads\4111010007_北京理工大学\2022\February已经全部完成，无需再次进行！
2025-03-27 00:11:44,620 - crawl.py[line:98] - INFO: downloads\4111010007_北京理工大学\2022\June文件夹已经建立
2025-03-27 00:11:44,672 - crawl.py[line:102] - INFO: downloads\4111010007_北京理工大学\2022\March已经全部完成，无需再次进行！
2025-03-27 00:11:44,628 - crawl.py[line:98] - INFO: downloads\4111010007_北京理工大学\2022\July文件夹已经建立
2025-03-27 00:11:44,676 - crawl.py[line:98] - INFO: downloads\4111010007_北京理工大学\2022\May文件夹已经建立
2025-03-27 00:11:44,683 - crawl.py[line:102] - INFO: downloads\4111010007_北京理工大学\2022\June已经全部完成，无需再次进行！
2025-03-27 00:11:44,703 - crawl.py[line:98] - INFO: downloads\4111010007_北京理工大学\2022\September文件夹已经建立
2025-03-27 00:11:44,710 - crawl.py[line:98] - INFO: downloads\4111010007_北京理工大学\2022\August文件夹已经建立
2025-03-27 00:11:44,719 - crawl.py[line:102] - INFO: downloads\4111010007_北京理工大学\2022\May已经全部完成，无需再次进行！
2025-03-27 00:11:44,739 - crawl.py[line:98] - INFO: downloads\4111010007_北京理工大学\2022\October文件夹已经建立
2025-03-27 00:11:44,745 - crawl.py[line:102] - INFO: downloads\4111010007_北京理工大学\2022\July已经全部完成，无需再次进行！
2025-03-27 00:11:44,778 - crawl.py[line:98] - INFO: downloads\4111010007_北京理工大学\2022\December文件夹已经建立
2025-03-27 00:11:44,751 - crawl.py[line:98] - INFO: downloads\4111010007_北京理工大学\2022\November文件夹已经建立
2025-03-27 00:11:44,779 - crawl.py[line:102] - INFO: downloads\4111010007_北京理工大学\2022\December已经全部完成，无需再次进行！
2025-03-27 00:11:44,779 - crawl.py[line:102] - INFO: downloads\4111010007_北京理工大学\2022\November已经全部完成，无需再次进行！
2025-03-27 00:11:44,779 - crawl.py[line:102] - INFO: downloads\4111010007_北京理工大学\2022\August已经全部完成，无需再次进行！
2025-03-27 00:11:44,798 - crawl.py[line:102] - INFO: downloads\4111010007_北京理工大学\2022\October已经全部完成，无需再次进行！
2025-03-27 00:11:44,798 - crawl.py[line:98] - INFO: downloads\4111010007_北京理工大学\2023\January文件夹已经建立
2025-03-27 00:11:44,804 - crawl.py[line:98] - INFO: downloads\4111010007_北京理工大学\2023\March文件夹已经建立
2025-03-27 00:11:44,809 - crawl.py[line:98] - INFO: downloads\4111010007_北京理工大学\2023\February文件夹已经建立
2025-03-27 00:11:44,831 - crawl.py[line:98] - INFO: downloads\4111010007_北京理工大学\2023\April文件夹已经建立
2025-03-27 00:11:44,856 - crawl.py[line:102] - INFO: downloads\4111010007_北京理工大学\2023\March已经全部完成，无需再次进行！
2025-03-27 00:11:44,876 - crawl.py[line:102] - INFO: downloads\4111010007_北京理工大学\2023\January已经全部完成，无需再次进行！
2025-03-27 00:11:44,876 - crawl.py[line:102] - INFO: downloads\4111010007_北京理工大学\2023\February已经全部完成，无需再次进行！
2025-03-27 00:11:44,907 - crawl.py[line:98] - INFO: downloads\4111010007_北京理工大学\2023\May文件夹已经建立
2025-03-27 00:11:44,908 - crawl.py[line:102] - INFO: downloads\4111010007_北京理工大学\2023\April已经全部完成，无需再次进行！
2025-03-27 00:11:44,912 - crawl.py[line:98] - INFO: downloads\4111010007_北京理工大学\2023\June文件夹已经建立
2025-03-27 00:11:44,939 - crawl.py[line:98] - INFO: downloads\4111010007_北京理工大学\2023\July文件夹已经建立
2025-03-27 00:11:44,959 - crawl.py[line:102] - INFO: downloads\4111010007_北京理工大学\2023\May已经全部完成，无需再次进行！
2025-03-27 00:11:44,960 - crawl.py[line:98] - INFO: downloads\4111010007_北京理工大学\2023\August文件夹已经建立
2025-03-27 00:11:44,971 - crawl.py[line:102] - INFO: downloads\4111010007_北京理工大学\2023\August已经全部完成，无需再次进行！
2025-03-27 00:11:44,971 - crawl.py[line:98] - INFO: downloads\4111010007_北京理工大学\2023\October文件夹已经建立
2025-03-27 00:11:44,960 - crawl.py[line:102] - INFO: downloads\4111010007_北京理工大学\2023\June已经全部完成，无需再次进行！
2025-03-27 00:11:44,960 - crawl.py[line:98] - INFO: downloads\4111010007_北京理工大学\2023\September文件夹已经建立
2025-03-27 00:11:44,986 - crawl.py[line:102] - INFO: downloads\4111010007_北京理工大学\2023\October已经全部完成，无需再次进行！
2025-03-27 00:11:44,970 - crawl.py[line:102] - INFO: downloads\4111010007_北京理工大学\2023\July已经全部完成，无需再次进行！
2025-03-27 00:11:44,987 - crawl.py[line:98] - INFO: downloads\4111010007_北京理工大学\2023\December文件夹已经建立
2025-03-27 00:11:44,987 - crawl.py[line:102] - INFO: downloads\4111010007_北京理工大学\2023\September已经全部完成，无需再次进行！
2025-03-27 00:11:44,989 - crawl.py[line:98] - INFO: downloads\4111010007_北京理工大学\2023\November文件夹已经建立
2025-03-27 00:11:44,989 - crawl.py[line:98] - INFO: downloads\4111010007_北京理工大学\2024\January文件夹已经建立
2025-03-27 00:11:45,018 - crawl.py[line:98] - INFO: downloads\4111010007_北京理工大学\2024\February文件夹已经建立
2025-03-27 00:11:45,018 - crawl.py[line:102] - INFO: downloads\4111010007_北京理工大学\2023\December已经全部完成，无需再次进行！
2025-03-27 00:11:45,038 - crawl.py[line:98] - INFO: downloads\4111010007_北京理工大学\2024\March文件夹已经建立
2025-03-27 00:11:45,082 - crawl.py[line:102] - INFO: downloads\4111010007_北京理工大学\2024\January已经全部完成，无需再次进行！
2025-03-27 00:11:45,098 - crawl.py[line:102] - INFO: downloads\4111010007_北京理工大学\2024\February已经全部完成，无需再次进行！
2025-03-27 00:11:45,099 - crawl.py[line:102] - INFO: downloads\4111010007_北京理工大学\2024\March已经全部完成，无需再次进行！
2025-03-27 00:11:45,114 - crawl.py[line:98] - INFO: downloads\4111010007_北京理工大学\2024\April文件夹已经建立
2025-03-27 00:11:45,257 - crawl.py[line:98] - INFO: downloads\4111010007_北京理工大学\2024\July文件夹已经建立
2025-03-27 00:11:45,257 - crawl.py[line:98] - INFO: downloads\4111010007_北京理工大学\2024\May文件夹已经建立
2025-03-27 00:11:45,273 - crawl.py[line:98] - INFO: downloads\4111010007_北京理工大学\2024\June文件夹已经建立
2025-03-27 00:11:45,337 - crawl.py[line:102] - INFO: downloads\4111010007_北京理工大学\2024\July已经全部完成，无需再次进行！
2025-03-27 00:11:45,337 - crawl.py[line:98] - INFO: downloads\4111010007_北京理工大学\2024\August文件夹已经建立
2025-03-27 00:11:45,337 - crawl.py[line:102] - INFO: downloads\4111010007_北京理工大学\2024\June已经全部完成，无需再次进行！
2025-03-27 00:11:45,353 - crawl.py[line:98] - INFO: downloads\4111010007_北京理工大学\2024\September文件夹已经建立
2025-03-27 00:11:45,354 - crawl.py[line:102] - INFO: downloads\4111010007_北京理工大学\2024\May已经全部完成，无需再次进行！
2025-03-27 00:11:45,388 - crawl.py[line:98] - INFO: downloads\4111010007_北京理工大学\2024\November文件夹已经建立
2025-03-27 00:11:45,368 - crawl.py[line:98] - INFO: downloads\4111010007_北京理工大学\2024\October文件夹已经建立
2025-03-27 00:11:45,387 - crawl.py[line:102] - INFO: downloads\4111010007_北京理工大学\2024\September已经全部完成，无需再次进行！
2025-03-27 00:11:45,368 - crawl.py[line:102] - INFO: downloads\4111010007_北京理工大学\2024\August已经全部完成，无需再次进行！
2025-03-27 00:11:45,493 - crawl.py[line:98] - INFO: downloads\4111010007_北京理工大学\2024\December文件夹已经建立
2025-03-27 00:11:45,493 - crawl.py[line:102] - INFO: downloads\4111010007_北京理工大学\2024\October已经全部完成，无需再次进行！
2025-03-27 00:11:45,508 - crawl.py[line:98] - INFO: downloads\4111010009_北方工业大学\2022\January文件夹已经建立
2025-03-27 00:11:45,508 - crawl.py[line:102] - INFO: downloads\4111010007_北京理工大学\2024\December已经全部完成，无需再次进行！
2025-03-27 00:11:45,508 - crawl.py[line:102] - INFO: downloads\4111010009_北方工业大学\2022\January已经全部完成，无需再次进行！
2025-03-27 00:11:45,509 - crawl.py[line:102] - INFO: downloads\4111010007_北京理工大学\2024\November已经全部完成，无需再次进行！
2025-03-27 00:11:45,524 - crawl.py[line:98] - INFO: downloads\4111010009_北方工业大学\2022\April文件夹已经建立
2025-03-27 00:11:45,540 - crawl.py[line:98] - INFO: downloads\4111010009_北方工业大学\2022\March文件夹已经建立
2025-03-27 00:11:45,540 - crawl.py[line:98] - INFO: downloads\4111010009_北方工业大学\2022\February文件夹已经建立
2025-03-27 00:11:45,563 - crawl.py[line:98] - INFO: downloads\4111010009_北方工业大学\2022\May文件夹已经建立
2025-03-27 00:11:45,571 - crawl.py[line:98] - INFO: downloads\4111010009_北方工业大学\2022\June文件夹已经建立
2025-03-27 00:11:45,634 - crawl.py[line:102] - INFO: downloads\4111010009_北方工业大学\2022\April已经全部完成，无需再次进行！
2025-03-27 00:11:45,644 - crawl.py[line:102] - INFO: downloads\4111010009_北方工业大学\2022\March已经全部完成，无需再次进行！
2025-03-27 00:11:45,645 - crawl.py[line:102] - INFO: downloads\4111010009_北方工业大学\2022\February已经全部完成，无需再次进行！
2025-03-27 00:11:45,681 - crawl.py[line:102] - INFO: downloads\4111010009_北方工业大学\2022\June已经全部完成，无需再次进行！
2025-03-27 00:11:45,719 - crawl.py[line:98] - INFO: downloads\4111010009_北方工业大学\2022\July文件夹已经建立
2025-03-27 00:11:45,719 - crawl.py[line:98] - INFO: downloads\4111010009_北方工业大学\2022\August文件夹已经建立
2025-03-27 00:11:45,787 - crawl.py[line:98] - INFO: downloads\4111010009_北方工业大学\2022\September文件夹已经建立
2025-03-27 00:11:45,788 - crawl.py[line:98] - INFO: downloads\4111010009_北方工业大学\2022\October文件夹已经建立
2025-03-27 00:11:45,819 - crawl.py[line:98] - INFO: downloads\4111010009_北方工业大学\2022\November文件夹已经建立
2025-03-27 00:11:45,840 - crawl.py[line:102] - INFO: downloads\4111010009_北方工业大学\2022\July已经全部完成，无需再次进行！
2025-03-27 00:11:45,882 - crawl.py[line:102] - INFO: downloads\4111010009_北方工业大学\2022\November已经全部完成，无需再次进行！
2025-03-27 00:11:45,872 - crawl.py[line:102] - INFO: downloads\4111010009_北方工业大学\2022\October已经全部完成，无需再次进行！
2025-03-27 00:11:45,883 - crawl.py[line:102] - INFO: downloads\4111010009_北方工业大学\2022\August已经全部完成，无需再次进行！
2025-03-27 00:11:45,903 - crawl.py[line:98] - INFO: downloads\4111010009_北方工业大学\2023\January文件夹已经建立
2025-03-27 00:11:45,919 - crawl.py[line:102] - INFO: downloads\4111010009_北方工业大学\2022\September已经全部完成，无需再次进行！
2025-03-27 00:11:45,933 - crawl.py[line:102] - INFO: downloads\4111010009_北方工业大学\2023\January已经全部完成，无需再次进行！
2025-03-27 00:11:45,934 - crawl.py[line:98] - INFO: downloads\4111010009_北方工业大学\2023\February文件夹已经建立
2025-03-27 00:11:45,950 - crawl.py[line:98] - INFO: downloads\4111010009_北方工业大学\2022\December文件夹已经建立
2025-03-27 00:11:45,954 - crawl.py[line:98] - INFO: downloads\4111010009_北方工业大学\2023\May文件夹已经建立
2025-03-27 00:11:45,954 - crawl.py[line:102] - INFO: downloads\4111010009_北方工业大学\2023\February已经全部完成，无需再次进行！
2025-03-27 00:11:45,954 - crawl.py[line:98] - INFO: downloads\4111010009_北方工业大学\2023\March文件夹已经建立
2025-03-27 00:11:45,954 - crawl.py[line:102] - INFO: downloads\4111010009_北方工业大学\2022\December已经全部完成，无需再次进行！
2025-03-27 00:11:45,966 - crawl.py[line:98] - INFO: downloads\4111010009_北方工业大学\2023\April文件夹已经建立
2025-03-27 00:11:45,982 - crawl.py[line:102] - INFO: downloads\4111010009_北方工业大学\2023\May已经全部完成，无需再次进行！
2025-03-27 00:11:45,998 - crawl.py[line:98] - INFO: downloads\4111010009_北方工业大学\2023\June文件夹已经建立
2025-03-27 00:11:46,022 - crawl.py[line:102] - INFO: downloads\4111010009_北方工业大学\2023\March已经全部完成，无需再次进行！
2025-03-27 00:11:46,027 - crawl.py[line:98] - INFO: downloads\4111010009_北方工业大学\2023\July文件夹已经建立
2025-03-27 00:11:46,034 - crawl.py[line:98] - INFO: downloads\4111010009_北方工业大学\2023\August文件夹已经建立
2025-03-27 00:11:46,034 - crawl.py[line:102] - INFO: downloads\4111010009_北方工业大学\2023\June已经全部完成，无需再次进行！
2025-03-27 00:11:46,049 - crawl.py[line:98] - INFO: downloads\4111010009_北方工业大学\2023\September文件夹已经建立
2025-03-27 00:11:46,068 - crawl.py[line:102] - INFO: downloads\4111010009_北方工业大学\2023\July已经全部完成，无需再次进行！
2025-03-27 00:11:46,068 - crawl.py[line:102] - INFO: downloads\4111010009_北方工业大学\2023\August已经全部完成，无需再次进行！
2025-03-27 00:11:46,162 - crawl.py[line:102] - INFO: downloads\4111010009_北方工业大学\2023\September已经全部完成，无需再次进行！
2025-03-27 00:11:46,147 - crawl.py[line:98] - INFO: downloads\4111010009_北方工业大学\2023\October文件夹已经建立
2025-03-27 00:11:46,163 - crawl.py[line:98] - INFO: downloads\4111010009_北方工业大学\2024\February文件夹已经建立
2025-03-27 00:11:46,162 - crawl.py[line:98] - INFO: downloads\4111010009_北方工业大学\2023\November文件夹已经建立
2025-03-27 00:11:46,163 - crawl.py[line:102] - INFO: downloads\4111010009_北方工业大学\2023\October已经全部完成，无需再次进行！
2025-03-27 00:11:46,172 - crawl.py[line:102] - INFO: downloads\4111010009_北方工业大学\2023\November已经全部完成，无需再次进行！
2025-03-27 00:11:46,163 - crawl.py[line:102] - INFO: downloads\4111010009_北方工业大学\2024\February已经全部完成，无需再次进行！
2025-03-27 00:11:46,172 - crawl.py[line:98] - INFO: downloads\4111010009_北方工业大学\2023\December文件夹已经建立
2025-03-27 00:11:46,172 - crawl.py[line:98] - INFO: downloads\4111010009_北方工业大学\2024\January文件夹已经建立
2025-03-27 00:11:46,191 - crawl.py[line:102] - INFO: downloads\4111010009_北方工业大学\2024\January已经全部完成，无需再次进行！
2025-03-27 00:11:46,191 - crawl.py[line:98] - INFO: downloads\4111010009_北方工业大学\2024\May文件夹已经建立
2025-03-27 00:11:46,184 - crawl.py[line:98] - INFO: downloads\4111010009_北方工业大学\2024\March文件夹已经建立
2025-03-27 00:11:46,190 - crawl.py[line:98] - INFO: downloads\4111010009_北方工业大学\2024\April文件夹已经建立
2025-03-27 00:11:46,190 - crawl.py[line:102] - INFO: downloads\4111010009_北方工业大学\2023\December已经全部完成，无需再次进行！
2025-03-27 00:11:46,200 - crawl.py[line:102] - INFO: downloads\4111010009_北方工业大学\2024\March已经全部完成，无需再次进行！
2025-03-27 00:11:46,223 - crawl.py[line:98] - INFO: downloads\4111010009_北方工业大学\2024\June文件夹已经建立
2025-03-27 00:11:46,222 - crawl.py[line:98] - INFO: downloads\4111010009_北方工业大学\2024\July文件夹已经建立
2025-03-27 00:11:46,222 - crawl.py[line:102] - INFO: downloads\4111010009_北方工业大学\2024\April已经全部完成，无需再次进行！
2025-03-27 00:11:46,222 - crawl.py[line:102] - INFO: downloads\4111010009_北方工业大学\2024\May已经全部完成，无需再次进行！
2025-03-27 00:11:46,224 - crawl.py[line:98] - INFO: downloads\4111010009_北方工业大学\2024\August文件夹已经建立
2025-03-27 00:11:46,224 - crawl.py[line:102] - INFO: downloads\4111010009_北方工业大学\2024\July已经全部完成，无需再次进行！
2025-03-27 00:11:46,264 - crawl.py[line:98] - INFO: downloads\4111010009_北方工业大学\2024\November文件夹已经建立
2025-03-27 00:11:46,264 - crawl.py[line:102] - INFO: downloads\4111010009_北方工业大学\2024\November已经全部完成，无需再次进行！
2025-03-27 00:11:46,235 - crawl.py[line:98] - INFO: downloads\4111010009_北方工业大学\2024\September文件夹已经建立
2025-03-27 00:11:46,263 - crawl.py[line:102] - INFO: downloads\4111010009_北方工业大学\2024\August已经全部完成，无需再次进行！
2025-03-27 00:11:46,263 - crawl.py[line:98] - INFO: downloads\4111010009_北方工业大学\2024\October文件夹已经建立
2025-03-27 00:11:46,280 - crawl.py[line:98] - INFO: downloads\4111010009_北方工业大学\2024\December文件夹已经建立
2025-03-27 00:11:46,319 - crawl.py[line:98] - INFO: downloads\4111010016_北京建筑大学\2022\January文件夹已经建立
2025-03-27 00:11:46,319 - crawl.py[line:102] - INFO: downloads\4111010009_北方工业大学\2024\October已经全部完成，无需再次进行！
2025-03-27 00:11:46,326 - crawl.py[line:102] - INFO: downloads\4111010009_北方工业大学\2024\September已经全部完成，无需再次进行！
2025-03-27 00:11:46,366 - crawl.py[line:102] - INFO: downloads\4111010009_北方工业大学\2024\December已经全部完成，无需再次进行！
2025-03-27 00:11:46,397 - crawl.py[line:98] - INFO: downloads\4111010016_北京建筑大学\2022\February文件夹已经建立
2025-03-27 00:11:46,408 - crawl.py[line:102] - INFO: downloads\4111010016_北京建筑大学\2022\January已经全部完成，无需再次进行！
2025-03-27 00:11:46,409 - crawl.py[line:98] - INFO: downloads\4111010016_北京建筑大学\2022\March文件夹已经建立
2025-03-27 00:11:46,415 - crawl.py[line:98] - INFO: downloads\4111010016_北京建筑大学\2022\April文件夹已经建立
2025-03-27 00:11:46,473 - crawl.py[line:98] - INFO: downloads\4111010016_北京建筑大学\2022\May文件夹已经建立
2025-03-27 00:11:46,480 - crawl.py[line:98] - INFO: downloads\4111010016_北京建筑大学\2022\June文件夹已经建立
2025-03-27 00:11:46,491 - crawl.py[line:102] - INFO: downloads\4111010016_北京建筑大学\2022\March已经全部完成，无需再次进行！
2025-03-27 00:11:46,508 - crawl.py[line:102] - INFO: downloads\4111010016_北京建筑大学\2022\May已经全部完成，无需再次进行！
2025-03-27 00:11:46,509 - crawl.py[line:102] - INFO: downloads\4111010016_北京建筑大学\2022\June已经全部完成，无需再次进行！
2025-03-27 00:11:46,521 - crawl.py[line:102] - INFO: downloads\4111010016_北京建筑大学\2022\February已经全部完成，无需再次进行！
2025-03-27 00:11:46,539 - crawl.py[line:98] - INFO: downloads\4111010016_北京建筑大学\2022\July文件夹已经建立
2025-03-27 00:11:46,551 - crawl.py[line:98] - INFO: downloads\4111010016_北京建筑大学\2022\August文件夹已经建立
2025-03-27 00:11:46,551 - crawl.py[line:98] - INFO: downloads\4111010016_北京建筑大学\2022\September文件夹已经建立
2025-03-27 00:11:46,574 - crawl.py[line:98] - INFO: downloads\4111010016_北京建筑大学\2022\October文件夹已经建立
2025-03-27 00:11:46,574 - crawl.py[line:102] - INFO: downloads\4111010016_北京建筑大学\2022\July已经全部完成，无需再次进行！
2025-03-27 00:11:46,625 - crawl.py[line:102] - INFO: downloads\4111010016_北京建筑大学\2022\August已经全部完成，无需再次进行！
2025-03-27 00:11:46,625 - crawl.py[line:102] - INFO: downloads\4111010016_北京建筑大学\2022\October已经全部完成，无需再次进行！
2025-03-27 00:11:46,662 - crawl.py[line:102] - INFO: downloads\4111010016_北京建筑大学\2022\September已经全部完成，无需再次进行！
2025-03-27 00:11:46,694 - crawl.py[line:98] - INFO: downloads\4111010016_北京建筑大学\2022\December文件夹已经建立
2025-03-27 00:11:46,710 - crawl.py[line:98] - INFO: downloads\4111010016_北京建筑大学\2023\January文件夹已经建立
2025-03-27 00:11:46,710 - crawl.py[line:98] - INFO: downloads\4111010016_北京建筑大学\2022\November文件夹已经建立
2025-03-27 00:11:46,710 - crawl.py[line:98] - INFO: downloads\4111010016_北京建筑大学\2023\February文件夹已经建立
2025-03-27 00:11:46,735 - crawl.py[line:102] - INFO: downloads\4111010016_北京建筑大学\2022\December已经全部完成，无需再次进行！
2025-03-27 00:11:46,741 - crawl.py[line:98] - INFO: downloads\4111010016_北京建筑大学\2023\March文件夹已经建立
2025-03-27 00:11:46,741 - crawl.py[line:102] - INFO: downloads\4111010016_北京建筑大学\2023\January已经全部完成，无需再次进行！
2025-03-27 00:11:46,785 - crawl.py[line:102] - INFO: downloads\4111010016_北京建筑大学\2022\November已经全部完成，无需再次进行！
2025-03-27 00:11:46,786 - crawl.py[line:102] - INFO: downloads\4111010016_北京建筑大学\2023\February已经全部完成，无需再次进行！
2025-03-27 00:11:46,802 - crawl.py[line:98] - INFO: downloads\4111010016_北京建筑大学\2023\April文件夹已经建立
2025-03-27 00:11:46,834 - crawl.py[line:98] - INFO: downloads\4111010016_北京建筑大学\2023\June文件夹已经建立
2025-03-27 00:11:46,849 - crawl.py[line:98] - INFO: downloads\4111010016_北京建筑大学\2023\May文件夹已经建立
2025-03-27 00:11:46,849 - crawl.py[line:102] - INFO: downloads\4111010016_北京建筑大学\2023\March已经全部完成，无需再次进行！
2025-03-27 00:11:46,849 - crawl.py[line:98] - INFO: downloads\4111010016_北京建筑大学\2023\July文件夹已经建立
2025-03-27 00:11:46,870 - crawl.py[line:102] - INFO: downloads\4111010016_北京建筑大学\2023\April已经全部完成，无需再次进行！
2025-03-27 00:11:46,881 - crawl.py[line:102] - INFO: downloads\4111010016_北京建筑大学\2023\May已经全部完成，无需再次进行！
2025-03-27 00:11:46,881 - crawl.py[line:102] - INFO: downloads\4111010016_北京建筑大学\2023\June已经全部完成，无需再次进行！
2025-03-27 00:11:46,897 - crawl.py[line:98] - INFO: downloads\4111010016_北京建筑大学\2023\August文件夹已经建立
2025-03-27 00:11:46,897 - crawl.py[line:102] - INFO: downloads\4111010016_北京建筑大学\2023\July已经全部完成，无需再次进行！
2025-03-27 00:11:46,897 - crawl.py[line:98] - INFO: downloads\4111010016_北京建筑大学\2023\September文件夹已经建立
2025-03-27 00:11:46,914 - crawl.py[line:98] - INFO: downloads\4111010016_北京建筑大学\2023\October文件夹已经建立
2025-03-27 00:11:46,915 - crawl.py[line:98] - INFO: downloads\4111010016_北京建筑大学\2023\November文件夹已经建立
2025-03-27 00:11:46,920 - crawl.py[line:102] - INFO: downloads\4111010016_北京建筑大学\2023\August已经全部完成，无需再次进行！
2025-03-27 00:11:46,925 - crawl.py[line:98] - INFO: downloads\4111010016_北京建筑大学\2023\December文件夹已经建立
2025-03-27 00:11:46,960 - crawl.py[line:102] - INFO: downloads\4111010016_北京建筑大学\2023\October已经全部完成，无需再次进行！
2025-03-27 00:11:46,976 - crawl.py[line:102] - INFO: downloads\4111010016_北京建筑大学\2023\November已经全部完成，无需再次进行！
2025-03-27 00:11:46,992 - crawl.py[line:102] - INFO: downloads\4111010016_北京建筑大学\2023\September已经全部完成，无需再次进行！
2025-03-27 00:11:47,004 - crawl.py[line:98] - INFO: downloads\4111010016_北京建筑大学\2024\April文件夹已经建立
2025-03-27 00:11:47,010 - crawl.py[line:98] - INFO: downloads\4111010016_北京建筑大学\2024\March文件夹已经建立
2025-03-27 00:11:47,010 - crawl.py[line:98] - INFO: downloads\4111010016_北京建筑大学\2024\February文件夹已经建立
2025-03-27 00:11:47,030 - crawl.py[line:98] - INFO: downloads\4111010016_北京建筑大学\2024\January文件夹已经建立
2025-03-27 00:11:47,032 - crawl.py[line:102] - INFO: downloads\4111010016_北京建筑大学\2024\February已经全部完成，无需再次进行！
2025-03-27 00:11:47,044 - crawl.py[line:102] - INFO: downloads\4111010016_北京建筑大学\2024\March已经全部完成，无需再次进行！
2025-03-27 00:11:47,045 - crawl.py[line:98] - INFO: downloads\4111010016_北京建筑大学\2024\May文件夹已经建立
2025-03-27 00:11:47,045 - crawl.py[line:98] - INFO: downloads\4111010016_北京建筑大学\2024\June文件夹已经建立
2025-03-27 00:11:47,045 - crawl.py[line:102] - INFO: downloads\4111010016_北京建筑大学\2024\May已经全部完成，无需再次进行！
2025-03-27 00:11:47,046 - crawl.py[line:102] - INFO: downloads\4111010016_北京建筑大学\2024\January已经全部完成，无需再次进行！
2025-03-27 00:11:47,046 - crawl.py[line:102] - INFO: downloads\4111010016_北京建筑大学\2023\December已经全部完成，无需再次进行！
2025-03-27 00:11:47,053 - crawl.py[line:102] - INFO: downloads\4111010016_北京建筑大学\2024\June已经全部完成，无需再次进行！
2025-03-27 00:11:47,087 - crawl.py[line:98] - INFO: downloads\4111010016_北京建筑大学\2024\August文件夹已经建立
2025-03-27 00:11:47,099 - crawl.py[line:98] - INFO: downloads\4111010016_北京建筑大学\2024\July文件夹已经建立
2025-03-27 00:11:47,107 - crawl.py[line:98] - INFO: downloads\4111010016_北京建筑大学\2024\October文件夹已经建立
2025-03-27 00:11:47,117 - crawl.py[line:98] - INFO: downloads\4111010016_北京建筑大学\2024\September文件夹已经建立
2025-03-27 00:11:47,134 - crawl.py[line:102] - INFO: downloads\4111010016_北京建筑大学\2024\July已经全部完成，无需再次进行！
2025-03-27 00:11:47,138 - crawl.py[line:98] - INFO: downloads\4111010016_北京建筑大学\2024\November文件夹已经建立
2025-03-27 00:11:47,213 - crawl.py[line:98] - INFO: downloads\4111010016_北京建筑大学\2024\December文件夹已经建立
2025-03-27 00:11:47,324 - crawl.py[line:98] - INFO: downloads\4111010025_首都医科大学\2022\February文件夹已经建立
2025-03-27 00:11:47,325 - crawl.py[line:98] - INFO: downloads\4111010025_首都医科大学\2022\January文件夹已经建立
2025-03-27 00:11:47,421 - crawl.py[line:98] - INFO: downloads\4111010025_首都医科大学\2022\March文件夹已经建立
2025-03-27 00:11:47,423 - crawl.py[line:98] - INFO: downloads\4111010025_首都医科大学\2022\April文件夹已经建立
2025-03-27 00:11:47,568 - crawl.py[line:98] - INFO: downloads\4111010025_首都医科大学\2022\May文件夹已经建立
2025-03-27 00:11:47,591 - crawl.py[line:98] - INFO: downloads\4111010025_首都医科大学\2022\June文件夹已经建立
2025-03-27 00:11:47,795 - crawl.py[line:98] - INFO: downloads\4111010025_首都医科大学\2022\July文件夹已经建立
2025-03-27 00:11:47,873 - crawl.py[line:98] - INFO: downloads\4111010025_首都医科大学\2022\August文件夹已经建立
2025-03-27 00:11:47,907 - crawl.py[line:98] - INFO: downloads\4111010025_首都医科大学\2022\October文件夹已经建立
