2025-03-27 03:47:16,413 - make_task_list.py[line:106] - INFO: 任务是school-year-month形
2025-03-27 03:47:16,565 - make_task_list.py[line:106] - INFO: 任务是school-year-month形
2025-03-27 03:47:16,577 - crawl.py[line:43] - INFO: downloads\4111010006_北京航空航天大学\2022\February文件夹已经建立
2025-03-27 03:47:16,577 - crawl.py[line:43] - INFO: downloads\4111010006_北京航空航天大学\2022\January文件夹已经建立
2025-03-27 03:47:16,578 - crawl.py[line:47] - INFO: downloads\4111010006_北京航空航天大学\2022\January已经全部完成，无需再次进行！
2025-03-27 03:47:16,578 - crawl.py[line:47] - INFO: downloads\4111010006_北京航空航天大学\2022\February已经全部完成，无需再次进行！
2025-03-27 03:47:16,578 - crawl.py[line:43] - INFO: downloads\4111010006_北京航空航天大学\2022\March文件夹已经建立
2025-03-27 03:47:16,578 - crawl.py[line:43] - INFO: downloads\4111010006_北京航空航天大学\2022\April文件夹已经建立
2025-03-27 03:47:16,589 - crawl.py[line:43] - INFO: downloads\4111010006_北京航空航天大学\2022\May文件夹已经建立
2025-03-27 03:47:16,683 - crawl.py[line:43] - INFO: downloads\4111010006_北京航空航天大学\2022\July文件夹已经建立
2025-03-27 03:47:16,683 - crawl.py[line:43] - INFO: downloads\4111010006_北京航空航天大学\2022\June文件夹已经建立
2025-03-27 03:47:16,691 - crawl.py[line:47] - INFO: downloads\4111010006_北京航空航天大学\2022\April已经全部完成，无需再次进行！
2025-03-27 03:47:16,699 - crawl.py[line:47] - INFO: downloads\4111010006_北京航空航天大学\2022\March已经全部完成，无需再次进行！
2025-03-27 03:47:16,705 - crawl.py[line:47] - INFO: downloads\4111010006_北京航空航天大学\2022\July已经全部完成，无需再次进行！
2025-03-27 03:47:16,706 - crawl.py[line:47] - INFO: downloads\4111010006_北京航空航天大学\2022\June已经全部完成，无需再次进行！
2025-03-27 03:47:16,729 - crawl.py[line:47] - INFO: downloads\4111010006_北京航空航天大学\2022\May已经全部完成，无需再次进行！
2025-03-27 03:47:16,740 - crawl.py[line:43] - INFO: downloads\4111010006_北京航空航天大学\2022\August文件夹已经建立
2025-03-27 03:47:16,755 - crawl.py[line:43] - INFO: downloads\4111010006_北京航空航天大学\2022\September文件夹已经建立
2025-03-27 03:47:16,755 - crawl.py[line:43] - INFO: downloads\4111010006_北京航空航天大学\2022\October文件夹已经建立
2025-03-27 03:47:16,761 - crawl.py[line:43] - INFO: downloads\4111010006_北京航空航天大学\2022\November文件夹已经建立
2025-03-27 03:47:16,777 - crawl.py[line:43] - INFO: downloads\4111010006_北京航空航天大学\2022\December文件夹已经建立
2025-03-27 03:47:16,778 - crawl.py[line:47] - INFO: downloads\4111010006_北京航空航天大学\2022\August已经全部完成，无需再次进行！
2025-03-27 03:47:16,809 - crawl.py[line:47] - INFO: downloads\4111010006_北京航空航天大学\2022\September已经全部完成，无需再次进行！
2025-03-27 03:47:16,824 - crawl.py[line:47] - INFO: downloads\4111010006_北京航空航天大学\2022\October已经全部完成，无需再次进行！
2025-03-27 03:47:16,825 - crawl.py[line:47] - INFO: downloads\4111010006_北京航空航天大学\2022\December已经全部完成，无需再次进行！
2025-03-27 03:47:16,825 - crawl.py[line:47] - INFO: downloads\4111010006_北京航空航天大学\2022\November已经全部完成，无需再次进行！
2025-03-27 03:47:16,831 - crawl.py[line:43] - INFO: downloads\4111010006_北京航空航天大学\2023\January文件夹已经建立
2025-03-27 03:47:16,856 - crawl.py[line:43] - INFO: downloads\4111010006_北京航空航天大学\2023\February文件夹已经建立
2025-03-27 03:47:16,861 - crawl.py[line:43] - INFO: downloads\4111010006_北京航空航天大学\2023\March文件夹已经建立
2025-03-27 03:47:16,904 - crawl.py[line:43] - INFO: downloads\4111010006_北京航空航天大学\2023\April文件夹已经建立
2025-03-27 03:47:16,916 - crawl.py[line:43] - INFO: downloads\4111010006_北京航空航天大学\2023\May文件夹已经建立
2025-03-27 03:47:16,951 - crawl.py[line:47] - INFO: downloads\4111010006_北京航空航天大学\2023\February已经全部完成，无需再次进行！
2025-03-27 03:47:17,073 - crawl.py[line:47] - INFO: downloads\4111010006_北京航空航天大学\2023\May已经全部完成，无需再次进行！
2025-03-27 03:47:17,073 - crawl.py[line:43] - INFO: downloads\4111010006_北京航空航天大学\2023\June文件夹已经建立
2025-03-27 03:47:17,073 - crawl.py[line:47] - INFO: downloads\4111010006_北京航空航天大学\2023\June已经全部完成，无需再次进行！
2025-03-27 03:47:16,951 - crawl.py[line:47] - INFO: downloads\4111010006_北京航空航天大学\2023\March已经全部完成，无需再次进行！
2025-03-27 03:47:16,966 - crawl.py[line:47] - INFO: downloads\4111010006_北京航空航天大学\2023\January已经全部完成，无需再次进行！
2025-03-27 03:47:17,043 - crawl.py[line:47] - INFO: downloads\4111010006_北京航空航天大学\2023\April已经全部完成，无需再次进行！
2025-03-27 03:47:17,090 - crawl.py[line:43] - INFO: downloads\4111010006_北京航空航天大学\2023\July文件夹已经建立
2025-03-27 03:47:17,090 - crawl.py[line:43] - INFO: downloads\4111010006_北京航空航天大学\2023\August文件夹已经建立
2025-03-27 03:47:17,091 - crawl.py[line:43] - INFO: downloads\4111010006_北京航空航天大学\2023\November文件夹已经建立
2025-03-27 03:47:17,091 - crawl.py[line:47] - INFO: downloads\4111010006_北京航空航天大学\2023\July已经全部完成，无需再次进行！
2025-03-27 03:47:17,091 - crawl.py[line:43] - INFO: downloads\4111010006_北京航空航天大学\2023\September文件夹已经建立
2025-03-27 03:47:17,091 - crawl.py[line:47] - INFO: downloads\4111010006_北京航空航天大学\2023\November已经全部完成，无需再次进行！
2025-03-27 03:47:17,091 - crawl.py[line:43] - INFO: downloads\4111010006_北京航空航天大学\2023\October文件夹已经建立
2025-03-27 03:47:17,092 - crawl.py[line:47] - INFO: downloads\4111010006_北京航空航天大学\2023\September已经全部完成，无需再次进行！
2025-03-27 03:47:17,092 - crawl.py[line:43] - INFO: downloads\4111010006_北京航空航天大学\2024\January文件夹已经建立
2025-03-27 03:47:17,091 - crawl.py[line:47] - INFO: downloads\4111010006_北京航空航天大学\2023\August已经全部完成，无需再次进行！
2025-03-27 03:47:17,092 - crawl.py[line:43] - INFO: downloads\4111010006_北京航空航天大学\2023\December文件夹已经建立
2025-03-27 03:47:17,092 - crawl.py[line:47] - INFO: downloads\4111010006_北京航空航天大学\2023\October已经全部完成，无需再次进行！
2025-03-27 03:47:17,092 - crawl.py[line:43] - INFO: downloads\4111010006_北京航空航天大学\2024\February文件夹已经建立
2025-03-27 03:47:17,092 - crawl.py[line:47] - INFO: downloads\4111010006_北京航空航天大学\2023\December已经全部完成，无需再次进行！
2025-03-27 03:47:17,092 - crawl.py[line:47] - INFO: downloads\4111010006_北京航空航天大学\2024\January已经全部完成，无需再次进行！
2025-03-27 03:47:17,093 - crawl.py[line:47] - INFO: downloads\4111010006_北京航空航天大学\2024\February已经全部完成，无需再次进行！
2025-03-27 03:47:17,093 - crawl.py[line:43] - INFO: downloads\4111010006_北京航空航天大学\2024\March文件夹已经建立
2025-03-27 03:47:17,093 - crawl.py[line:43] - INFO: downloads\4111010006_北京航空航天大学\2024\April文件夹已经建立
2025-03-27 03:47:17,094 - crawl.py[line:43] - INFO: downloads\4111010006_北京航空航天大学\2024\July文件夹已经建立
2025-03-27 03:47:17,113 - crawl.py[line:47] - INFO: downloads\4111010006_北京航空航天大学\2024\April已经全部完成，无需再次进行！
2025-03-27 03:47:17,113 - crawl.py[line:43] - INFO: downloads\4111010006_北京航空航天大学\2024\May文件夹已经建立
2025-03-27 03:47:17,121 - crawl.py[line:43] - INFO: downloads\4111010006_北京航空航天大学\2024\August文件夹已经建立
2025-03-27 03:47:17,121 - crawl.py[line:47] - INFO: downloads\4111010006_北京航空航天大学\2024\August已经全部完成，无需再次进行！
2025-03-27 03:47:17,121 - crawl.py[line:43] - INFO: downloads\4111010006_北京航空航天大学\2024\September文件夹已经建立
2025-03-27 03:47:17,121 - crawl.py[line:47] - INFO: downloads\4111010006_北京航空航天大学\2024\September已经全部完成，无需再次进行！
2025-03-27 03:47:17,121 - crawl.py[line:43] - INFO: downloads\4111010006_北京航空航天大学\2024\June文件夹已经建立
2025-03-27 03:47:17,123 - crawl.py[line:43] - INFO: downloads\4111010006_北京航空航天大学\2024\October文件夹已经建立
2025-03-27 03:47:17,123 - crawl.py[line:47] - INFO: downloads\4111010006_北京航空航天大学\2024\October已经全部完成，无需再次进行！
2025-03-27 03:47:17,128 - crawl.py[line:43] - INFO: downloads\4111010006_北京航空航天大学\2024\November文件夹已经建立
2025-03-27 03:47:17,168 - crawl.py[line:47] - INFO: downloads\4111010006_北京航空航天大学\2024\May已经全部完成，无需再次进行！
2025-03-27 03:47:17,169 - crawl.py[line:43] - INFO: downloads\4111010006_北京航空航天大学\2024\December文件夹已经建立
2025-03-27 03:47:17,178 - crawl.py[line:47] - INFO: downloads\4111010006_北京航空航天大学\2024\December已经全部完成，无需再次进行！
2025-03-27 03:47:17,179 - crawl.py[line:47] - INFO: downloads\4111010006_北京航空航天大学\2024\June已经全部完成，无需再次进行！
2025-03-27 03:47:17,199 - crawl.py[line:43] - INFO: downloads\4111010007_北京理工大学\2022\January文件夹已经建立
2025-03-27 03:47:17,232 - crawl.py[line:47] - INFO: downloads\4111010007_北京理工大学\2022\January已经全部完成，无需再次进行！
2025-03-27 03:47:17,218 - crawl.py[line:43] - INFO: downloads\4111010007_北京理工大学\2022\February文件夹已经建立
2025-03-27 03:47:17,233 - crawl.py[line:43] - INFO: downloads\4111010007_北京理工大学\2022\March文件夹已经建立
2025-03-27 03:47:17,263 - crawl.py[line:47] - INFO: downloads\4111010007_北京理工大学\2022\March已经全部完成，无需再次进行！
2025-03-27 03:47:17,266 - crawl.py[line:43] - INFO: downloads\4111010007_北京理工大学\2022\April文件夹已经建立
2025-03-27 03:47:17,266 - crawl.py[line:47] - INFO: downloads\4111010007_北京理工大学\2022\April已经全部完成，无需再次进行！
2025-03-27 03:47:17,278 - crawl.py[line:47] - INFO: downloads\4111010007_北京理工大学\2022\February已经全部完成，无需再次进行！
2025-03-27 03:47:17,278 - crawl.py[line:43] - INFO: downloads\4111010007_北京理工大学\2022\June文件夹已经建立
2025-03-27 03:47:17,279 - crawl.py[line:47] - INFO: downloads\4111010007_北京理工大学\2022\June已经全部完成，无需再次进行！
2025-03-27 03:47:17,279 - crawl.py[line:43] - INFO: downloads\4111010007_北京理工大学\2022\July文件夹已经建立
2025-03-27 03:47:17,279 - crawl.py[line:47] - INFO: downloads\4111010007_北京理工大学\2022\July已经全部完成，无需再次进行！
2025-03-27 03:47:17,279 - crawl.py[line:43] - INFO: downloads\4111010007_北京理工大学\2022\August文件夹已经建立
2025-03-27 03:47:17,280 - crawl.py[line:47] - INFO: downloads\4111010007_北京理工大学\2022\August已经全部完成，无需再次进行！
2025-03-27 03:47:17,280 - crawl.py[line:43] - INFO: downloads\4111010007_北京理工大学\2022\September文件夹已经建立
2025-03-27 03:47:17,281 - crawl.py[line:43] - INFO: downloads\4111010007_北京理工大学\2022\May文件夹已经建立
2025-03-27 03:47:17,292 - crawl.py[line:47] - INFO: downloads\4111010007_北京理工大学\2022\May已经全部完成，无需再次进行！
2025-03-27 03:47:17,322 - crawl.py[line:43] - INFO: downloads\4111010007_北京理工大学\2022\October文件夹已经建立
2025-03-27 03:47:17,343 - crawl.py[line:47] - INFO: downloads\4111010007_北京理工大学\2022\October已经全部完成，无需再次进行！
2025-03-27 03:47:17,350 - crawl.py[line:43] - INFO: downloads\4111010007_北京理工大学\2022\November文件夹已经建立
2025-03-27 03:47:17,356 - crawl.py[line:47] - INFO: downloads\4111010007_北京理工大学\2022\November已经全部完成，无需再次进行！
2025-03-27 03:47:17,357 - crawl.py[line:43] - INFO: downloads\4111010007_北京理工大学\2022\December文件夹已经建立
2025-03-27 03:47:17,466 - crawl.py[line:47] - INFO: downloads\4111010007_北京理工大学\2022\December已经全部完成，无需再次进行！
2025-03-27 03:47:17,507 - crawl.py[line:43] - INFO: downloads\4111010007_北京理工大学\2023\January文件夹已经建立
2025-03-27 03:47:17,529 - crawl.py[line:47] - INFO: downloads\4111010007_北京理工大学\2023\January已经全部完成，无需再次进行！
2025-03-27 03:47:17,602 - crawl.py[line:43] - INFO: downloads\4111010007_北京理工大学\2023\February文件夹已经建立
2025-03-27 03:47:17,602 - crawl.py[line:47] - INFO: downloads\4111010007_北京理工大学\2023\February已经全部完成，无需再次进行！
2025-03-27 03:47:17,602 - crawl.py[line:43] - INFO: downloads\4111010007_北京理工大学\2023\March文件夹已经建立
2025-03-27 03:47:17,602 - crawl.py[line:47] - INFO: downloads\4111010007_北京理工大学\2023\March已经全部完成，无需再次进行！
2025-03-27 03:47:17,663 - crawl.py[line:43] - INFO: downloads\4111010007_北京理工大学\2023\April文件夹已经建立
2025-03-27 03:47:17,680 - crawl.py[line:47] - INFO: downloads\4111010007_北京理工大学\2023\April已经全部完成，无需再次进行！
2025-03-27 03:47:17,700 - crawl.py[line:43] - INFO: downloads\4111010007_北京理工大学\2023\May文件夹已经建立
2025-03-27 03:47:17,783 - crawl.py[line:47] - INFO: downloads\4111010007_北京理工大学\2023\May已经全部完成，无需再次进行！
2025-03-27 03:47:17,786 - crawl.py[line:43] - INFO: downloads\4111010007_北京理工大学\2023\June文件夹已经建立
2025-03-27 03:47:17,786 - crawl.py[line:47] - INFO: downloads\4111010007_北京理工大学\2023\June已经全部完成，无需再次进行！
2025-03-27 03:47:17,786 - crawl.py[line:43] - INFO: downloads\4111010007_北京理工大学\2023\July文件夹已经建立
2025-03-27 03:47:17,786 - crawl.py[line:47] - INFO: downloads\4111010007_北京理工大学\2023\July已经全部完成，无需再次进行！
2025-03-27 03:47:17,787 - crawl.py[line:43] - INFO: downloads\4111010007_北京理工大学\2023\August文件夹已经建立
2025-03-27 03:47:17,787 - crawl.py[line:47] - INFO: downloads\4111010007_北京理工大学\2023\August已经全部完成，无需再次进行！
2025-03-27 03:47:17,788 - crawl.py[line:43] - INFO: downloads\4111010007_北京理工大学\2023\September文件夹已经建立
2025-03-27 03:47:17,788 - crawl.py[line:47] - INFO: downloads\4111010007_北京理工大学\2023\September已经全部完成，无需再次进行！
2025-03-27 03:47:17,788 - crawl.py[line:43] - INFO: downloads\4111010007_北京理工大学\2023\October文件夹已经建立
2025-03-27 03:47:17,788 - crawl.py[line:47] - INFO: downloads\4111010007_北京理工大学\2023\October已经全部完成，无需再次进行！
2025-03-27 03:47:17,788 - crawl.py[line:43] - INFO: downloads\4111010007_北京理工大学\2023\November文件夹已经建立
2025-03-27 03:47:18,682 - crawl.py[line:43] - INFO: downloads\4111010007_北京理工大学\2023\December文件夹已经建立
2025-03-27 03:47:18,732 - crawl.py[line:47] - INFO: downloads\4111010007_北京理工大学\2023\December已经全部完成，无需再次进行！
2025-03-27 03:47:18,776 - crawl.py[line:43] - INFO: downloads\4111010007_北京理工大学\2024\January文件夹已经建立
2025-03-27 03:47:18,836 - crawl.py[line:47] - INFO: downloads\4111010007_北京理工大学\2024\January已经全部完成，无需再次进行！
2025-03-27 03:47:18,867 - crawl.py[line:43] - INFO: downloads\4111010007_北京理工大学\2024\February文件夹已经建立
2025-03-27 03:47:18,946 - crawl.py[line:47] - INFO: downloads\4111010007_北京理工大学\2024\February已经全部完成，无需再次进行！
2025-03-27 03:47:18,953 - crawl.py[line:43] - INFO: downloads\4111010007_北京理工大学\2024\March文件夹已经建立
2025-03-27 03:47:18,979 - crawl.py[line:47] - INFO: downloads\4111010007_北京理工大学\2024\March已经全部完成，无需再次进行！
2025-03-27 03:47:18,980 - crawl.py[line:43] - INFO: downloads\4111010007_北京理工大学\2024\April文件夹已经建立
2025-03-27 03:47:19,641 - crawl.py[line:43] - INFO: downloads\4111010007_北京理工大学\2024\May文件夹已经建立
2025-03-27 03:47:19,648 - crawl.py[line:43] - INFO: downloads\4111010007_北京理工大学\2024\June文件夹已经建立
2025-03-27 03:47:19,672 - crawl.py[line:47] - INFO: downloads\4111010007_北京理工大学\2024\June已经全部完成，无需再次进行！
2025-03-27 03:47:19,672 - crawl.py[line:47] - INFO: downloads\4111010007_北京理工大学\2024\May已经全部完成，无需再次进行！
2025-03-27 03:47:19,706 - crawl.py[line:43] - INFO: downloads\4111010007_北京理工大学\2024\July文件夹已经建立
2025-03-27 03:47:19,715 - crawl.py[line:43] - INFO: downloads\4111010007_北京理工大学\2024\August文件夹已经建立
2025-03-27 03:47:19,724 - crawl.py[line:43] - INFO: downloads\4111010007_北京理工大学\2024\September文件夹已经建立
2025-03-27 03:47:19,761 - crawl.py[line:47] - INFO: downloads\4111010007_北京理工大学\2024\July已经全部完成，无需再次进行！
2025-03-27 03:47:19,770 - crawl.py[line:47] - INFO: downloads\4111010007_北京理工大学\2024\August已经全部完成，无需再次进行！
2025-03-27 03:47:19,770 - crawl.py[line:47] - INFO: downloads\4111010007_北京理工大学\2024\September已经全部完成，无需再次进行！
2025-03-27 03:47:19,775 - crawl.py[line:43] - INFO: downloads\4111010007_北京理工大学\2024\October文件夹已经建立
2025-03-27 03:47:19,796 - crawl.py[line:43] - INFO: downloads\4111010007_北京理工大学\2024\November文件夹已经建立
2025-03-27 03:47:19,811 - crawl.py[line:47] - INFO: downloads\4111010007_北京理工大学\2024\October已经全部完成，无需再次进行！
2025-03-27 03:47:19,811 - crawl.py[line:43] - INFO: downloads\4111010007_北京理工大学\2024\December文件夹已经建立
2025-03-27 03:47:19,816 - crawl.py[line:47] - INFO: downloads\4111010007_北京理工大学\2024\November已经全部完成，无需再次进行！
2025-03-27 03:47:19,829 - crawl.py[line:43] - INFO: downloads\4111010009_北方工业大学\2022\January文件夹已经建立
2025-03-27 03:47:19,857 - crawl.py[line:43] - INFO: downloads\4111010009_北方工业大学\2022\February文件夹已经建立
2025-03-27 03:47:19,859 - crawl.py[line:47] - INFO: downloads\4111010007_北京理工大学\2024\December已经全部完成，无需再次进行！
2025-03-27 03:47:19,859 - crawl.py[line:47] - INFO: downloads\4111010009_北方工业大学\2022\January已经全部完成，无需再次进行！
2025-03-27 03:47:19,874 - crawl.py[line:47] - INFO: downloads\4111010009_北方工业大学\2022\February已经全部完成，无需再次进行！
2025-03-27 03:47:19,875 - crawl.py[line:43] - INFO: downloads\4111010009_北方工业大学\2022\March文件夹已经建立
2025-03-27 03:47:19,902 - crawl.py[line:43] - INFO: downloads\4111010009_北方工业大学\2022\April文件夹已经建立
2025-03-27 03:47:19,913 - crawl.py[line:43] - INFO: downloads\4111010009_北方工业大学\2022\May文件夹已经建立
2025-03-27 03:47:19,930 - crawl.py[line:47] - INFO: downloads\4111010009_北方工业大学\2022\March已经全部完成，无需再次进行！
2025-03-27 03:47:19,934 - crawl.py[line:47] - INFO: downloads\4111010009_北方工业大学\2022\April已经全部完成，无需再次进行！
2025-03-27 03:47:19,967 - crawl.py[line:43] - INFO: downloads\4111010009_北方工业大学\2022\June文件夹已经建立
2025-03-27 03:47:19,974 - crawl.py[line:43] - INFO: downloads\4111010009_北方工业大学\2022\July文件夹已经建立
2025-03-27 03:47:19,989 - crawl.py[line:47] - INFO: downloads\4111010009_北方工业大学\2022\June已经全部完成，无需再次进行！
2025-03-27 03:47:20,015 - crawl.py[line:47] - INFO: downloads\4111010009_北方工业大学\2022\July已经全部完成，无需再次进行！
2025-03-27 03:47:20,054 - crawl.py[line:43] - INFO: downloads\4111010009_北方工业大学\2022\August文件夹已经建立
2025-03-27 03:47:20,061 - crawl.py[line:43] - INFO: downloads\4111010009_北方工业大学\2022\September文件夹已经建立
2025-03-27 03:47:20,090 - crawl.py[line:47] - INFO: downloads\4111010009_北方工业大学\2022\September已经全部完成，无需再次进行！
2025-03-27 03:47:20,094 - crawl.py[line:47] - INFO: downloads\4111010009_北方工业大学\2022\August已经全部完成，无需再次进行！
2025-03-27 03:47:20,123 - crawl.py[line:43] - INFO: downloads\4111010009_北方工业大学\2022\November文件夹已经建立
2025-03-27 03:47:20,124 - crawl.py[line:43] - INFO: downloads\4111010009_北方工业大学\2022\October文件夹已经建立
2025-03-27 03:47:20,156 - crawl.py[line:47] - INFO: downloads\4111010009_北方工业大学\2022\November已经全部完成，无需再次进行！
2025-03-27 03:47:20,160 - crawl.py[line:47] - INFO: downloads\4111010009_北方工业大学\2022\October已经全部完成，无需再次进行！
2025-03-27 03:47:20,205 - crawl.py[line:43] - INFO: downloads\4111010009_北方工业大学\2022\December文件夹已经建立
2025-03-27 03:47:20,210 - crawl.py[line:43] - INFO: downloads\4111010009_北方工业大学\2023\January文件夹已经建立
2025-03-27 03:47:20,228 - crawl.py[line:47] - INFO: downloads\4111010009_北方工业大学\2022\December已经全部完成，无需再次进行！
2025-03-27 03:47:20,231 - crawl.py[line:47] - INFO: downloads\4111010009_北方工业大学\2023\January已经全部完成，无需再次进行！
2025-03-27 03:47:20,242 - crawl.py[line:43] - INFO: downloads\4111010009_北方工业大学\2023\February文件夹已经建立
2025-03-27 03:47:20,242 - crawl.py[line:43] - INFO: downloads\4111010009_北方工业大学\2023\March文件夹已经建立
2025-03-27 03:47:20,254 - crawl.py[line:43] - INFO: downloads\4111010009_北方工业大学\2023\April文件夹已经建立
2025-03-27 03:47:20,273 - crawl.py[line:47] - INFO: downloads\4111010009_北方工业大学\2023\February已经全部完成，无需再次进行！
2025-03-27 03:47:20,273 - crawl.py[line:47] - INFO: downloads\4111010009_北方工业大学\2023\March已经全部完成，无需再次进行！
2025-03-27 03:47:20,306 - crawl.py[line:43] - INFO: downloads\4111010009_北方工业大学\2023\May文件夹已经建立
2025-03-27 03:47:20,319 - crawl.py[line:43] - INFO: downloads\4111010009_北方工业大学\2023\June文件夹已经建立
2025-03-27 03:47:20,366 - crawl.py[line:47] - INFO: downloads\4111010009_北方工业大学\2023\May已经全部完成，无需再次进行！
2025-03-27 03:47:20,381 - crawl.py[line:47] - INFO: downloads\4111010009_北方工业大学\2023\June已经全部完成，无需再次进行！
2025-03-27 03:47:20,382 - crawl.py[line:43] - INFO: downloads\4111010009_北方工业大学\2023\August文件夹已经建立
2025-03-27 03:47:20,382 - crawl.py[line:47] - INFO: downloads\4111010009_北方工业大学\2023\August已经全部完成，无需再次进行！
2025-03-27 03:47:20,382 - crawl.py[line:43] - INFO: downloads\4111010009_北方工业大学\2023\September文件夹已经建立
2025-03-27 03:47:20,390 - crawl.py[line:47] - INFO: downloads\4111010009_北方工业大学\2023\September已经全部完成，无需再次进行！
2025-03-27 03:47:20,395 - crawl.py[line:43] - INFO: downloads\4111010009_北方工业大学\2023\October文件夹已经建立
2025-03-27 03:47:20,396 - crawl.py[line:47] - INFO: downloads\4111010009_北方工业大学\2023\October已经全部完成，无需再次进行！
2025-03-27 03:47:20,396 - crawl.py[line:43] - INFO: downloads\4111010009_北方工业大学\2023\July文件夹已经建立
2025-03-27 03:47:20,396 - crawl.py[line:43] - INFO: downloads\4111010009_北方工业大学\2023\November文件夹已经建立
2025-03-27 03:47:20,396 - crawl.py[line:47] - INFO: downloads\4111010009_北方工业大学\2023\July已经全部完成，无需再次进行！
2025-03-27 03:47:20,396 - crawl.py[line:47] - INFO: downloads\4111010009_北方工业大学\2023\November已经全部完成，无需再次进行！
2025-03-27 03:47:20,397 - crawl.py[line:43] - INFO: downloads\4111010009_北方工业大学\2024\January文件夹已经建立
2025-03-27 03:47:20,397 - crawl.py[line:47] - INFO: downloads\4111010009_北方工业大学\2024\January已经全部完成，无需再次进行！
2025-03-27 03:47:20,397 - crawl.py[line:43] - INFO: downloads\4111010009_北方工业大学\2023\December文件夹已经建立
2025-03-27 03:47:20,397 - crawl.py[line:43] - INFO: downloads\4111010009_北方工业大学\2024\February文件夹已经建立
2025-03-27 03:47:20,397 - crawl.py[line:47] - INFO: downloads\4111010009_北方工业大学\2024\February已经全部完成，无需再次进行！
2025-03-27 03:47:20,398 - crawl.py[line:43] - INFO: downloads\4111010009_北方工业大学\2024\March文件夹已经建立
2025-03-27 03:47:20,398 - crawl.py[line:47] - INFO: downloads\4111010009_北方工业大学\2024\March已经全部完成，无需再次进行！
2025-03-27 03:47:20,398 - crawl.py[line:47] - INFO: downloads\4111010009_北方工业大学\2023\December已经全部完成，无需再次进行！
2025-03-27 03:47:20,398 - crawl.py[line:43] - INFO: downloads\4111010009_北方工业大学\2024\April文件夹已经建立
2025-03-27 03:47:20,398 - crawl.py[line:47] - INFO: downloads\4111010009_北方工业大学\2024\April已经全部完成，无需再次进行！
2025-03-27 03:47:20,399 - crawl.py[line:43] - INFO: downloads\4111010009_北方工业大学\2024\May文件夹已经建立
2025-03-27 03:47:20,399 - crawl.py[line:43] - INFO: downloads\4111010009_北方工业大学\2024\June文件夹已经建立
2025-03-27 03:47:20,399 - crawl.py[line:47] - INFO: downloads\4111010009_北方工业大学\2024\May已经全部完成，无需再次进行！
2025-03-27 03:47:20,400 - crawl.py[line:43] - INFO: downloads\4111010009_北方工业大学\2024\July文件夹已经建立
2025-03-27 03:47:20,400 - crawl.py[line:47] - INFO: downloads\4111010009_北方工业大学\2024\July已经全部完成，无需再次进行！
2025-03-27 03:47:20,425 - crawl.py[line:43] - INFO: downloads\4111010009_北方工业大学\2024\August文件夹已经建立
2025-03-27 03:47:20,448 - crawl.py[line:47] - INFO: downloads\4111010009_北方工业大学\2024\August已经全部完成，无需再次进行！
2025-03-27 03:47:20,468 - crawl.py[line:43] - INFO: downloads\4111010009_北方工业大学\2024\September文件夹已经建立
2025-03-27 03:47:20,542 - crawl.py[line:47] - INFO: downloads\4111010009_北方工业大学\2024\September已经全部完成，无需再次进行！
2025-03-27 03:47:20,543 - crawl.py[line:43] - INFO: downloads\4111010009_北方工业大学\2024\October文件夹已经建立
2025-03-27 03:47:20,556 - crawl.py[line:47] - INFO: downloads\4111010009_北方工业大学\2024\October已经全部完成，无需再次进行！
2025-03-27 03:47:20,557 - crawl.py[line:43] - INFO: downloads\4111010009_北方工业大学\2024\November文件夹已经建立
2025-03-27 03:47:20,557 - crawl.py[line:47] - INFO: downloads\4111010009_北方工业大学\2024\November已经全部完成，无需再次进行！
2025-03-27 03:47:20,599 - crawl.py[line:43] - INFO: downloads\4111010009_北方工业大学\2024\December文件夹已经建立
2025-03-27 03:47:20,639 - crawl.py[line:47] - INFO: downloads\4111010009_北方工业大学\2024\December已经全部完成，无需再次进行！
2025-03-27 03:47:20,641 - crawl.py[line:43] - INFO: downloads\4111010016_北京建筑大学\2022\January文件夹已经建立
2025-03-27 03:47:20,641 - crawl.py[line:47] - INFO: downloads\4111010016_北京建筑大学\2022\January已经全部完成，无需再次进行！
2025-03-27 03:47:20,642 - crawl.py[line:43] - INFO: downloads\4111010016_北京建筑大学\2022\February文件夹已经建立
2025-03-27 03:47:20,642 - crawl.py[line:47] - INFO: downloads\4111010016_北京建筑大学\2022\February已经全部完成，无需再次进行！
2025-03-27 03:47:20,642 - crawl.py[line:43] - INFO: downloads\4111010016_北京建筑大学\2022\March文件夹已经建立
2025-03-27 03:47:20,643 - crawl.py[line:47] - INFO: downloads\4111010016_北京建筑大学\2022\March已经全部完成，无需再次进行！
2025-03-27 03:47:20,674 - crawl.py[line:43] - INFO: downloads\4111010016_北京建筑大学\2022\April文件夹已经建立
2025-03-27 03:47:21,120 - crawl.py[line:43] - INFO: downloads\4111010016_北京建筑大学\2022\May文件夹已经建立
2025-03-27 03:47:21,188 - crawl.py[line:47] - INFO: downloads\4111010016_北京建筑大学\2022\May已经全部完成，无需再次进行！
2025-03-27 03:47:21,225 - crawl.py[line:43] - INFO: downloads\4111010016_北京建筑大学\2022\June文件夹已经建立
2025-03-27 03:47:21,295 - crawl.py[line:47] - INFO: downloads\4111010016_北京建筑大学\2022\June已经全部完成，无需再次进行！
2025-03-27 03:47:21,385 - crawl.py[line:43] - INFO: downloads\4111010016_北京建筑大学\2022\July文件夹已经建立
2025-03-27 03:47:21,409 - crawl.py[line:47] - INFO: downloads\4111010016_北京建筑大学\2022\July已经全部完成，无需再次进行！
2025-03-27 03:47:21,410 - crawl.py[line:43] - INFO: downloads\4111010016_北京建筑大学\2022\August文件夹已经建立
2025-03-27 03:47:21,410 - crawl.py[line:47] - INFO: downloads\4111010016_北京建筑大学\2022\August已经全部完成，无需再次进行！
2025-03-27 03:47:21,426 - crawl.py[line:43] - INFO: downloads\4111010016_北京建筑大学\2022\September文件夹已经建立
2025-03-27 03:47:21,426 - crawl.py[line:47] - INFO: downloads\4111010016_北京建筑大学\2022\September已经全部完成，无需再次进行！
2025-03-27 03:47:21,429 - crawl.py[line:43] - INFO: downloads\4111010016_北京建筑大学\2022\October文件夹已经建立
2025-03-27 03:47:21,429 - crawl.py[line:47] - INFO: downloads\4111010016_北京建筑大学\2022\October已经全部完成，无需再次进行！
2025-03-27 03:47:21,430 - crawl.py[line:43] - INFO: downloads\4111010016_北京建筑大学\2022\November文件夹已经建立
2025-03-27 03:47:21,430 - crawl.py[line:47] - INFO: downloads\4111010016_北京建筑大学\2022\November已经全部完成，无需再次进行！
2025-03-27 03:47:21,430 - crawl.py[line:43] - INFO: downloads\4111010016_北京建筑大学\2022\December文件夹已经建立
2025-03-27 03:47:21,431 - crawl.py[line:47] - INFO: downloads\4111010016_北京建筑大学\2022\December已经全部完成，无需再次进行！
2025-03-27 03:47:21,432 - crawl.py[line:43] - INFO: downloads\4111010016_北京建筑大学\2023\January文件夹已经建立
2025-03-27 03:47:21,432 - crawl.py[line:47] - INFO: downloads\4111010016_北京建筑大学\2023\January已经全部完成，无需再次进行！
2025-03-27 03:47:21,433 - crawl.py[line:43] - INFO: downloads\4111010016_北京建筑大学\2023\February文件夹已经建立
2025-03-27 03:47:21,433 - crawl.py[line:47] - INFO: downloads\4111010016_北京建筑大学\2023\February已经全部完成，无需再次进行！
2025-03-27 03:47:21,433 - crawl.py[line:43] - INFO: downloads\4111010016_北京建筑大学\2023\March文件夹已经建立
2025-03-27 03:47:21,434 - crawl.py[line:47] - INFO: downloads\4111010016_北京建筑大学\2023\March已经全部完成，无需再次进行！
2025-03-27 03:47:21,434 - crawl.py[line:43] - INFO: downloads\4111010016_北京建筑大学\2023\April文件夹已经建立
2025-03-27 03:47:21,434 - crawl.py[line:47] - INFO: downloads\4111010016_北京建筑大学\2023\April已经全部完成，无需再次进行！
2025-03-27 03:47:21,435 - crawl.py[line:43] - INFO: downloads\4111010016_北京建筑大学\2023\May文件夹已经建立
2025-03-27 03:47:21,435 - crawl.py[line:47] - INFO: downloads\4111010016_北京建筑大学\2023\May已经全部完成，无需再次进行！
2025-03-27 03:47:21,436 - crawl.py[line:43] - INFO: downloads\4111010016_北京建筑大学\2023\June文件夹已经建立
2025-03-27 03:47:21,436 - crawl.py[line:47] - INFO: downloads\4111010016_北京建筑大学\2023\June已经全部完成，无需再次进行！
2025-03-27 03:47:21,437 - crawl.py[line:43] - INFO: downloads\4111010016_北京建筑大学\2023\July文件夹已经建立
2025-03-27 03:47:21,437 - crawl.py[line:47] - INFO: downloads\4111010016_北京建筑大学\2023\July已经全部完成，无需再次进行！
2025-03-27 03:47:21,438 - crawl.py[line:43] - INFO: downloads\4111010016_北京建筑大学\2023\August文件夹已经建立
2025-03-27 03:47:21,438 - crawl.py[line:47] - INFO: downloads\4111010016_北京建筑大学\2023\August已经全部完成，无需再次进行！
2025-03-27 03:47:21,438 - crawl.py[line:43] - INFO: downloads\4111010016_北京建筑大学\2023\September文件夹已经建立
2025-03-27 03:47:21,438 - crawl.py[line:47] - INFO: downloads\4111010016_北京建筑大学\2023\September已经全部完成，无需再次进行！
2025-03-27 03:47:21,439 - crawl.py[line:43] - INFO: downloads\4111010016_北京建筑大学\2023\October文件夹已经建立
2025-03-27 03:47:21,439 - crawl.py[line:47] - INFO: downloads\4111010016_北京建筑大学\2023\October已经全部完成，无需再次进行！
2025-03-27 03:47:21,440 - crawl.py[line:43] - INFO: downloads\4111010016_北京建筑大学\2023\November文件夹已经建立
2025-03-27 03:47:21,442 - crawl.py[line:47] - INFO: downloads\4111010016_北京建筑大学\2023\November已经全部完成，无需再次进行！
2025-03-27 03:47:21,473 - crawl.py[line:43] - INFO: downloads\4111010016_北京建筑大学\2023\December文件夹已经建立
2025-03-27 03:47:21,473 - crawl.py[line:47] - INFO: downloads\4111010016_北京建筑大学\2023\December已经全部完成，无需再次进行！
2025-03-27 03:47:21,474 - crawl.py[line:43] - INFO: downloads\4111010016_北京建筑大学\2024\January文件夹已经建立
2025-03-27 03:47:21,474 - crawl.py[line:47] - INFO: downloads\4111010016_北京建筑大学\2024\January已经全部完成，无需再次进行！
2025-03-27 03:47:21,499 - crawl.py[line:43] - INFO: downloads\4111010016_北京建筑大学\2024\February文件夹已经建立
2025-03-27 03:47:21,575 - crawl.py[line:47] - INFO: downloads\4111010016_北京建筑大学\2024\February已经全部完成，无需再次进行！
2025-03-27 03:47:21,585 - crawl.py[line:43] - INFO: downloads\4111010016_北京建筑大学\2024\March文件夹已经建立
2025-03-27 03:47:21,607 - crawl.py[line:47] - INFO: downloads\4111010016_北京建筑大学\2024\March已经全部完成，无需再次进行！
2025-03-27 03:47:21,609 - crawl.py[line:43] - INFO: downloads\4111010016_北京建筑大学\2024\April文件夹已经建立
2025-03-27 03:47:22,123 - crawl.py[line:43] - INFO: downloads\4111010016_北京建筑大学\2024\May文件夹已经建立
2025-03-27 03:47:22,191 - crawl.py[line:47] - INFO: downloads\4111010016_北京建筑大学\2024\May已经全部完成，无需再次进行！
2025-03-27 03:47:22,231 - crawl.py[line:43] - INFO: downloads\4111010016_北京建筑大学\2024\June文件夹已经建立
2025-03-27 03:47:22,277 - crawl.py[line:47] - INFO: downloads\4111010016_北京建筑大学\2024\June已经全部完成，无需再次进行！
2025-03-27 03:47:22,300 - crawl.py[line:43] - INFO: downloads\4111010016_北京建筑大学\2024\July文件夹已经建立
2025-03-27 03:47:22,308 - crawl.py[line:43] - INFO: downloads\4111010016_北京建筑大学\2024\August文件夹已经建立
2025-03-27 03:47:22,366 - crawl.py[line:47] - INFO: downloads\4111010016_北京建筑大学\2024\July已经全部完成，无需再次进行！
2025-03-27 03:47:22,398 - crawl.py[line:43] - INFO: downloads\4111010016_北京建筑大学\2024\September文件夹已经建立
2025-03-27 03:47:22,710 - crawl.py[line:43] - INFO: downloads\4111010016_北京建筑大学\2024\October文件夹已经建立
2025-03-27 03:47:23,264 - crawl.py[line:43] - INFO: downloads\4111010016_北京建筑大学\2024\November文件夹已经建立
2025-03-27 03:47:24,188 - crawl.py[line:43] - INFO: downloads\4111010016_北京建筑大学\2024\December文件夹已经建立
2025-03-27 03:47:25,216 - crawl.py[line:43] - INFO: downloads\4111010025_首都医科大学\2022\January文件夹已经建立
2025-03-27 03:47:25,453 - crawl.py[line:43] - INFO: downloads\4111010025_首都医科大学\2022\February文件夹已经建立
2025-03-27 03:47:25,940 - crawl.py[line:43] - INFO: downloads\4111010025_首都医科大学\2022\March文件夹已经建立
2025-03-27 03:47:26,437 - crawl.py[line:43] - INFO: downloads\4111010025_首都医科大学\2022\April文件夹已经建立
2025-03-27 03:47:27,454 - crawl.py[line:43] - INFO: downloads\4111010025_首都医科大学\2022\May文件夹已经建立
2025-03-27 03:47:28,243 - crawl.py[line:43] - INFO: downloads\4111010025_首都医科大学\2022\June文件夹已经建立
2025-03-27 03:47:29,103 - crawl.py[line:43] - INFO: downloads\4111010025_首都医科大学\2022\July文件夹已经建立
2025-03-27 03:47:29,136 - crawl.py[line:43] - INFO: downloads\4111010025_首都医科大学\2022\August文件夹已经建立
