2025-03-26 19:00:46,388 - make_task_list.py[line:51] - INFO: 任务是paper形
2025-03-26 19:00:46,393 - make_task_list.py[line:51] - INFO: 任务是paper形
2025-03-26 19:00:46,393 - crawl.py[line:81] - INFO: downloads\如何认识负利率政策及其影响文件夹已经建立
2025-03-26 19:00:46,394 - crawl.py[line:85] - INFO: downloads\如何认识负利率政策及其影响已经全部完成，无需再次进行！
2025-03-26 19:00:46,394 - crawl.py[line:81] - INFO: downloads\数据生产要素的基础理论构建：新结构经济学视角文件夹已经建立
2025-03-26 19:00:46,394 - crawl.py[line:85] - INFO: downloads\数据生产要素的基础理论构建：新结构经济学视角已经全部完成，无需再次进行！
2025-03-26 19:00:46,395 - crawl.py[line:81] - INFO: downloads\不同β受体阻滞剂对大鼠心肌间隙连接结构作用的对比研究文件夹已经建立
2025-03-26 19:00:46,395 - crawl.py[line:85] - INFO: downloads\不同β受体阻滞剂对大鼠心肌间隙连接结构作用的对比研究已经全部完成，无需再次进行！
2025-03-26 19:00:46,395 - crawl.py[line:81] - INFO: downloads\用于全口义齿计算机辅助设计的虚拟半可调文件夹已经建立
2025-03-26 19:00:46,396 - crawl.py[line:85] - INFO: downloads\用于全口义齿计算机辅助设计的虚拟半可调已经全部完成，无需再次进行！
2025-03-26 19:00:46,396 - crawl.py[line:81] - INFO: downloads\“东亚共同体”_地区与国家的观点文件夹已经建立
2025-03-26 19:00:46,397 - crawl.py[line:85] - INFO: downloads\“东亚共同体”_地区与国家的观点已经全部完成，无需再次进行！
2025-03-26 19:00:46,397 - crawl.py[line:81] - INFO: downloads\试论利益集团在美国对华政策中的影响——以美国对华最惠国待遇政策为例文件夹已经建立
2025-03-26 19:00:46,398 - crawl.py[line:85] - INFO: downloads\试论利益集团在美国对华政策中的影响——以美国对华最惠国待遇政策为例已经全部完成，无需再次进行！
2025-03-26 19:00:46,398 - crawl.py[line:81] - INFO: downloads\中美战略合作展望_对机遇与挑战前景的评估文件夹已经建立
2025-03-26 19:00:46,398 - crawl.py[line:85] - INFO: downloads\中美战略合作展望_对机遇与挑战前景的评估已经全部完成，无需再次进行！
2025-03-26 19:00:46,398 - crawl.py[line:81] - INFO: downloads\偏振模色散对光纤数字通信系统影响的讨论文件夹已经建立
2025-03-26 19:00:46,398 - crawl.py[line:85] - INFO: downloads\偏振模色散对光纤数字通信系统影响的讨论已经全部完成，无需再次进行！
2025-03-26 19:00:46,399 - crawl.py[line:81] - INFO: downloads\南疆行记文件夹已经建立
2025-03-26 19:00:46,399 - crawl.py[line:85] - INFO: downloads\南疆行记已经全部完成，无需再次进行！
2025-03-26 19:00:46,399 - crawl.py[line:81] - INFO: downloads\近年来CCA在气候分析与气候预测中的应用文件夹已经建立
2025-03-26 19:00:46,399 - crawl.py[line:85] - INFO: downloads\近年来CCA在气候分析与气候预测中的应用已经全部完成，无需再次进行！
2025-03-26 19:00:46,400 - crawl.py[line:81] - INFO: downloads\咬合板的临床应用特点文件夹已经建立
