2025-03-27 22:01:41,820 - make_task_list.py[line:106] - INFO: 任务是school-year-month形
2025-03-27 22:01:41,914 - make_task_list.py[line:106] - INFO: 任务是school-year-month形
2025-03-27 22:01:41,998 - crawl.py[line:43] - INFO: downloads\4111010006_北京航空航天大学\2022\January文件夹已经建立
2025-03-27 22:01:41,998 - crawl.py[line:43] - INFO: downloads\4111010006_北京航空航天大学\2022\March文件夹已经建立
2025-03-27 22:01:41,998 - crawl.py[line:43] - INFO: downloads\4111010006_北京航空航天大学\2022\May文件夹已经建立
2025-03-27 22:01:42,011 - crawl.py[line:43] - INFO: downloads\4111010006_北京航空航天大学\2022\February文件夹已经建立
2025-03-27 22:01:42,011 - crawl.py[line:43] - INFO: downloads\4111010006_北京航空航天大学\2022\April文件夹已经建立
2025-03-27 22:01:42,016 - crawl.py[line:47] - INFO: downloads\4111010006_北京航空航天大学\2022\January已经全部完成，无需再次进行！
2025-03-27 22:01:42,041 - crawl.py[line:47] - INFO: downloads\4111010006_北京航空航天大学\2022\March已经全部完成，无需再次进行！
2025-03-27 22:01:42,063 - crawl.py[line:47] - INFO: downloads\4111010006_北京航空航天大学\2022\May已经全部完成，无需再次进行！
2025-03-27 22:01:42,063 - crawl.py[line:47] - INFO: downloads\4111010006_北京航空航天大学\2022\February已经全部完成，无需再次进行！
2025-03-27 22:01:42,063 - crawl.py[line:47] - INFO: downloads\4111010006_北京航空航天大学\2022\April已经全部完成，无需再次进行！
2025-03-27 22:01:42,076 - crawl.py[line:43] - INFO: downloads\4111010006_北京航空航天大学\2022\June文件夹已经建立
2025-03-27 22:01:42,095 - crawl.py[line:43] - INFO: downloads\4111010006_北京航空航天大学\2022\July文件夹已经建立
2025-03-27 22:01:42,098 - crawl.py[line:43] - INFO: downloads\4111010006_北京航空航天大学\2022\August文件夹已经建立
2025-03-27 22:01:42,098 - crawl.py[line:43] - INFO: downloads\4111010006_北京航空航天大学\2022\September文件夹已经建立
2025-03-27 22:01:42,108 - crawl.py[line:47] - INFO: downloads\4111010006_北京航空航天大学\2022\June已经全部完成，无需再次进行！
2025-03-27 22:01:42,122 - crawl.py[line:47] - INFO: downloads\4111010006_北京航空航天大学\2022\July已经全部完成，无需再次进行！
2025-03-27 22:01:42,123 - crawl.py[line:43] - INFO: downloads\4111010006_北京航空航天大学\2022\October文件夹已经建立
2025-03-27 22:01:42,123 - crawl.py[line:47] - INFO: downloads\4111010006_北京航空航天大学\2022\August已经全部完成，无需再次进行！
2025-03-27 22:01:42,154 - crawl.py[line:43] - INFO: downloads\4111010006_北京航空航天大学\2022\November文件夹已经建立
2025-03-27 22:01:42,157 - crawl.py[line:47] - INFO: downloads\4111010006_北京航空航天大学\2022\September已经全部完成，无需再次进行！
2025-03-27 22:01:42,157 - crawl.py[line:43] - INFO: downloads\4111010006_北京航空航天大学\2022\December文件夹已经建立
2025-03-27 22:01:42,177 - crawl.py[line:47] - INFO: downloads\4111010006_北京航空航天大学\2022\October已经全部完成，无需再次进行！
2025-03-27 22:01:42,177 - crawl.py[line:43] - INFO: downloads\4111010006_北京航空航天大学\2023\January文件夹已经建立
2025-03-27 22:01:42,195 - crawl.py[line:47] - INFO: downloads\4111010006_北京航空航天大学\2022\November已经全部完成，无需再次进行！
2025-03-27 22:01:42,198 - crawl.py[line:43] - INFO: downloads\4111010006_北京航空航天大学\2023\February文件夹已经建立
2025-03-27 22:01:42,203 - crawl.py[line:47] - INFO: downloads\4111010006_北京航空航天大学\2022\December已经全部完成，无需再次进行！
2025-03-27 22:01:42,203 - crawl.py[line:43] - INFO: downloads\4111010006_北京航空航天大学\2023\March文件夹已经建立
2025-03-27 22:01:42,205 - crawl.py[line:47] - INFO: downloads\4111010006_北京航空航天大学\2023\January已经全部完成，无需再次进行！
2025-03-27 22:01:42,210 - crawl.py[line:43] - INFO: downloads\4111010006_北京航空航天大学\2023\April文件夹已经建立
2025-03-27 22:01:42,218 - crawl.py[line:43] - INFO: downloads\4111010006_北京航空航天大学\2023\May文件夹已经建立
2025-03-27 22:01:42,218 - crawl.py[line:47] - INFO: downloads\4111010006_北京航空航天大学\2023\February已经全部完成，无需再次进行！
2025-03-27 22:01:42,227 - crawl.py[line:47] - INFO: downloads\4111010006_北京航空航天大学\2023\March已经全部完成，无需再次进行！
2025-03-27 22:01:42,253 - crawl.py[line:43] - INFO: downloads\4111010006_北京航空航天大学\2023\June文件夹已经建立
2025-03-27 22:01:42,270 - crawl.py[line:43] - INFO: downloads\4111010006_北京航空航天大学\2023\July文件夹已经建立
2025-03-27 22:01:42,273 - crawl.py[line:43] - INFO: downloads\4111010006_北京航空航天大学\2023\August文件夹已经建立
2025-03-27 22:01:42,278 - crawl.py[line:47] - INFO: downloads\4111010006_北京航空航天大学\2023\April已经全部完成，无需再次进行！
2025-03-27 22:01:42,288 - crawl.py[line:47] - INFO: downloads\4111010006_北京航空航天大学\2023\May已经全部完成，无需再次进行！
2025-03-27 22:01:42,300 - crawl.py[line:47] - INFO: downloads\4111010006_北京航空航天大学\2023\June已经全部完成，无需再次进行！
2025-03-27 22:01:42,310 - crawl.py[line:47] - INFO: downloads\4111010006_北京航空航天大学\2023\July已经全部完成，无需再次进行！
2025-03-27 22:01:42,313 - crawl.py[line:47] - INFO: downloads\4111010006_北京航空航天大学\2023\August已经全部完成，无需再次进行！
2025-03-27 22:01:42,328 - crawl.py[line:43] - INFO: downloads\4111010006_北京航空航天大学\2023\September文件夹已经建立
2025-03-27 22:01:42,328 - crawl.py[line:43] - INFO: downloads\4111010006_北京航空航天大学\2023\October文件夹已经建立
2025-03-27 22:01:42,328 - crawl.py[line:43] - INFO: downloads\4111010006_北京航空航天大学\2023\November文件夹已经建立
2025-03-27 22:01:42,333 - crawl.py[line:43] - INFO: downloads\4111010006_北京航空航天大学\2023\December文件夹已经建立
2025-03-27 22:01:42,338 - crawl.py[line:43] - INFO: downloads\4111010006_北京航空航天大学\2024\January文件夹已经建立
2025-03-27 22:01:42,346 - crawl.py[line:47] - INFO: downloads\4111010006_北京航空航天大学\2023\September已经全部完成，无需再次进行！
2025-03-27 22:01:42,346 - crawl.py[line:47] - INFO: downloads\4111010006_北京航空航天大学\2023\November已经全部完成，无需再次进行！
2025-03-27 22:01:42,358 - crawl.py[line:47] - INFO: downloads\4111010006_北京航空航天大学\2023\December已经全部完成，无需再次进行！
2025-03-27 22:01:42,381 - crawl.py[line:47] - INFO: downloads\4111010006_北京航空航天大学\2023\October已经全部完成，无需再次进行！
2025-03-27 22:01:42,383 - crawl.py[line:47] - INFO: downloads\4111010006_北京航空航天大学\2024\January已经全部完成，无需再次进行！
2025-03-27 22:01:42,400 - crawl.py[line:43] - INFO: downloads\4111010006_北京航空航天大学\2024\February文件夹已经建立
2025-03-27 22:01:42,420 - crawl.py[line:43] - INFO: downloads\4111010006_北京航空航天大学\2024\April文件夹已经建立
2025-03-27 22:01:42,420 - crawl.py[line:43] - INFO: downloads\4111010006_北京航空航天大学\2024\March文件夹已经建立
2025-03-27 22:01:42,423 - crawl.py[line:43] - INFO: downloads\4111010006_北京航空航天大学\2024\May文件夹已经建立
2025-03-27 22:01:42,427 - crawl.py[line:43] - INFO: downloads\4111010006_北京航空航天大学\2024\June文件夹已经建立
2025-03-27 22:01:42,469 - crawl.py[line:47] - INFO: downloads\4111010006_北京航空航天大学\2024\February已经全部完成，无需再次进行！
2025-03-27 22:01:42,497 - crawl.py[line:47] - INFO: downloads\4111010006_北京航空航天大学\2024\April已经全部完成，无需再次进行！
2025-03-27 22:01:42,497 - crawl.py[line:47] - INFO: downloads\4111010006_北京航空航天大学\2024\May已经全部完成，无需再次进行！
2025-03-27 22:01:42,499 - crawl.py[line:43] - INFO: downloads\4111010006_北京航空航天大学\2024\July文件夹已经建立
2025-03-27 22:01:42,502 - crawl.py[line:47] - INFO: downloads\4111010006_北京航空航天大学\2024\June已经全部完成，无需再次进行！
2025-03-27 22:01:42,505 - crawl.py[line:43] - INFO: downloads\4111010006_北京航空航天大学\2024\August文件夹已经建立
2025-03-27 22:01:42,536 - crawl.py[line:47] - INFO: downloads\4111010006_北京航空航天大学\2024\July已经全部完成，无需再次进行！
2025-03-27 22:01:42,536 - crawl.py[line:43] - INFO: downloads\4111010006_北京航空航天大学\2024\September文件夹已经建立
2025-03-27 22:01:42,536 - crawl.py[line:43] - INFO: downloads\4111010006_北京航空航天大学\2024\October文件夹已经建立
2025-03-27 22:01:42,539 - crawl.py[line:47] - INFO: downloads\4111010006_北京航空航天大学\2024\August已经全部完成，无需再次进行！
2025-03-27 22:01:42,544 - crawl.py[line:43] - INFO: downloads\4111010006_北京航空航天大学\2024\November文件夹已经建立
2025-03-27 22:01:42,552 - crawl.py[line:47] - INFO: downloads\4111010006_北京航空航天大学\2024\September已经全部完成，无需再次进行！
2025-03-27 22:01:42,562 - crawl.py[line:43] - INFO: downloads\4111010006_北京航空航天大学\2024\December文件夹已经建立
2025-03-27 22:01:42,562 - crawl.py[line:47] - INFO: downloads\4111010006_北京航空航天大学\2024\October已经全部完成，无需再次进行！
2025-03-27 22:01:42,598 - crawl.py[line:43] - INFO: downloads\4111010007_北京理工大学\2022\January文件夹已经建立
2025-03-27 22:01:42,616 - crawl.py[line:43] - INFO: downloads\4111010007_北京理工大学\2022\February文件夹已经建立
2025-03-27 22:01:42,619 - crawl.py[line:47] - INFO: downloads\4111010006_北京航空航天大学\2024\December已经全部完成，无需再次进行！
2025-03-27 22:01:42,644 - crawl.py[line:47] - INFO: downloads\4111010007_北京理工大学\2022\February已经全部完成，无需再次进行！
2025-03-27 22:01:42,644 - crawl.py[line:47] - INFO: downloads\4111010007_北京理工大学\2022\January已经全部完成，无需再次进行！
2025-03-27 22:01:42,644 - crawl.py[line:43] - INFO: downloads\4111010007_北京理工大学\2022\March文件夹已经建立
2025-03-27 22:01:42,674 - crawl.py[line:43] - INFO: downloads\4111010007_北京理工大学\2022\April文件夹已经建立
2025-03-27 22:01:42,681 - crawl.py[line:43] - INFO: downloads\4111010007_北京理工大学\2022\May文件夹已经建立
2025-03-27 22:01:42,683 - crawl.py[line:47] - INFO: downloads\4111010007_北京理工大学\2022\March已经全部完成，无需再次进行！
2025-03-27 22:01:42,739 - crawl.py[line:47] - INFO: downloads\4111010007_北京理工大学\2022\April已经全部完成，无需再次进行！
2025-03-27 22:01:42,752 - crawl.py[line:47] - INFO: downloads\4111010007_北京理工大学\2022\May已经全部完成，无需再次进行！
2025-03-27 22:01:42,755 - crawl.py[line:43] - INFO: downloads\4111010007_北京理工大学\2022\June文件夹已经建立
2025-03-27 22:01:42,760 - crawl.py[line:43] - INFO: downloads\4111010007_北京理工大学\2022\July文件夹已经建立
2025-03-27 22:01:42,760 - crawl.py[line:43] - INFO: downloads\4111010007_北京理工大学\2022\August文件夹已经建立
2025-03-27 22:01:42,785 - crawl.py[line:47] - INFO: downloads\4111010007_北京理工大学\2022\June已经全部完成，无需再次进行！
2025-03-27 22:01:42,813 - crawl.py[line:47] - INFO: downloads\4111010007_北京理工大学\2022\July已经全部完成，无需再次进行！
2025-03-27 22:01:42,813 - crawl.py[line:43] - INFO: downloads\4111010007_北京理工大学\2022\September文件夹已经建立
2025-03-27 22:01:42,813 - crawl.py[line:47] - INFO: downloads\4111010007_北京理工大学\2022\August已经全部完成，无需再次进行！
2025-03-27 22:01:42,827 - crawl.py[line:43] - INFO: downloads\4111010007_北京理工大学\2022\October文件夹已经建立
2025-03-27 22:01:42,853 - crawl.py[line:43] - INFO: downloads\4111010007_北京理工大学\2022\November文件夹已经建立
2025-03-27 22:01:42,855 - crawl.py[line:47] - INFO: downloads\4111010007_北京理工大学\2022\October已经全部完成，无需再次进行！
2025-03-27 22:01:42,863 - crawl.py[line:43] - INFO: downloads\4111010007_北京理工大学\2022\December文件夹已经建立
2025-03-27 22:01:42,879 - crawl.py[line:47] - INFO: downloads\4111010007_北京理工大学\2022\November已经全部完成，无需再次进行！
2025-03-27 22:01:42,879 - crawl.py[line:47] - INFO: downloads\4111010007_北京理工大学\2022\December已经全部完成，无需再次进行！
2025-03-27 22:01:42,909 - crawl.py[line:43] - INFO: downloads\4111010007_北京理工大学\2023\January文件夹已经建立
2025-03-27 22:01:42,909 - crawl.py[line:43] - INFO: downloads\4111010007_北京理工大学\2023\February文件夹已经建立
2025-03-27 22:01:42,921 - crawl.py[line:47] - INFO: downloads\4111010007_北京理工大学\2023\January已经全部完成，无需再次进行！
2025-03-27 22:01:42,929 - crawl.py[line:47] - INFO: downloads\4111010007_北京理工大学\2023\February已经全部完成，无需再次进行！
2025-03-27 22:01:42,951 - crawl.py[line:43] - INFO: downloads\4111010007_北京理工大学\2023\March文件夹已经建立
2025-03-27 22:01:42,975 - crawl.py[line:43] - INFO: downloads\4111010007_北京理工大学\2023\April文件夹已经建立
2025-03-27 22:01:43,008 - crawl.py[line:47] - INFO: downloads\4111010007_北京理工大学\2023\March已经全部完成，无需再次进行！
2025-03-27 22:01:43,033 - crawl.py[line:47] - INFO: downloads\4111010007_北京理工大学\2023\April已经全部完成，无需再次进行！
2025-03-27 22:01:43,040 - crawl.py[line:43] - INFO: downloads\4111010007_北京理工大学\2023\May文件夹已经建立
2025-03-27 22:01:43,043 - crawl.py[line:43] - INFO: downloads\4111010007_北京理工大学\2023\June文件夹已经建立
2025-03-27 22:01:43,083 - crawl.py[line:47] - INFO: downloads\4111010007_北京理工大学\2023\May已经全部完成，无需再次进行！
2025-03-27 22:01:43,086 - crawl.py[line:47] - INFO: downloads\4111010007_北京理工大学\2023\June已经全部完成，无需再次进行！
2025-03-27 22:01:43,089 - crawl.py[line:43] - INFO: downloads\4111010007_北京理工大学\2023\July文件夹已经建立
2025-03-27 22:01:43,099 - crawl.py[line:43] - INFO: downloads\4111010007_北京理工大学\2023\August文件夹已经建立
2025-03-27 22:01:43,099 - crawl.py[line:47] - INFO: downloads\4111010007_北京理工大学\2023\July已经全部完成，无需再次进行！
2025-03-27 22:01:43,099 - crawl.py[line:47] - INFO: downloads\4111010007_北京理工大学\2023\August已经全部完成，无需再次进行！
2025-03-27 22:01:43,133 - crawl.py[line:43] - INFO: downloads\4111010007_北京理工大学\2023\October文件夹已经建立
2025-03-27 22:01:43,149 - crawl.py[line:43] - INFO: downloads\4111010007_北京理工大学\2023\September文件夹已经建立
2025-03-27 22:01:43,165 - crawl.py[line:47] - INFO: downloads\4111010007_北京理工大学\2023\October已经全部完成，无需再次进行！
2025-03-27 22:01:43,212 - crawl.py[line:43] - INFO: downloads\4111010007_北京理工大学\2023\November文件夹已经建立
2025-03-27 22:01:43,228 - crawl.py[line:47] - INFO: downloads\4111010007_北京理工大学\2023\September已经全部完成，无需再次进行！
2025-03-27 22:01:43,244 - crawl.py[line:47] - INFO: downloads\4111010007_北京理工大学\2023\November已经全部完成，无需再次进行！
2025-03-27 22:01:43,258 - crawl.py[line:43] - INFO: downloads\4111010007_北京理工大学\2023\December文件夹已经建立
2025-03-27 22:01:43,264 - crawl.py[line:43] - INFO: downloads\4111010007_北京理工大学\2024\January文件夹已经建立
2025-03-27 22:01:43,271 - crawl.py[line:47] - INFO: downloads\4111010007_北京理工大学\2023\December已经全部完成，无需再次进行！
2025-03-27 22:01:43,288 - crawl.py[line:47] - INFO: downloads\4111010007_北京理工大学\2024\January已经全部完成，无需再次进行！
2025-03-27 22:01:43,291 - crawl.py[line:43] - INFO: downloads\4111010007_北京理工大学\2024\February文件夹已经建立
2025-03-27 22:01:43,337 - crawl.py[line:43] - INFO: downloads\4111010007_北京理工大学\2024\March文件夹已经建立
2025-03-27 22:01:43,366 - crawl.py[line:47] - INFO: downloads\4111010007_北京理工大学\2024\February已经全部完成，无需再次进行！
2025-03-27 22:01:43,369 - crawl.py[line:47] - INFO: downloads\4111010007_北京理工大学\2024\March已经全部完成，无需再次进行！
2025-03-27 22:01:43,415 - crawl.py[line:43] - INFO: downloads\4111010007_北京理工大学\2024\April文件夹已经建立
2025-03-27 22:01:43,415 - crawl.py[line:43] - INFO: downloads\4111010007_北京理工大学\2024\May文件夹已经建立
2025-03-27 22:01:43,450 - crawl.py[line:47] - INFO: downloads\4111010007_北京理工大学\2024\May已经全部完成，无需再次进行！
2025-03-27 22:01:43,463 - crawl.py[line:47] - INFO: downloads\4111010007_北京理工大学\2024\April已经全部完成，无需再次进行！
2025-03-27 22:01:43,470 - crawl.py[line:43] - INFO: downloads\4111010007_北京理工大学\2024\June文件夹已经建立
2025-03-27 22:01:43,495 - crawl.py[line:43] - INFO: downloads\4111010007_北京理工大学\2024\July文件夹已经建立
2025-03-27 22:01:43,495 - crawl.py[line:47] - INFO: downloads\4111010007_北京理工大学\2024\June已经全部完成，无需再次进行！
2025-03-27 22:01:43,531 - crawl.py[line:47] - INFO: downloads\4111010007_北京理工大学\2024\July已经全部完成，无需再次进行！
2025-03-27 22:01:43,535 - crawl.py[line:43] - INFO: downloads\4111010007_北京理工大学\2024\August文件夹已经建立
2025-03-27 22:01:43,613 - crawl.py[line:43] - INFO: downloads\4111010007_北京理工大学\2024\September文件夹已经建立
2025-03-27 22:01:43,613 - crawl.py[line:47] - INFO: downloads\4111010007_北京理工大学\2024\August已经全部完成，无需再次进行！
2025-03-27 22:01:43,630 - crawl.py[line:47] - INFO: downloads\4111010007_北京理工大学\2024\September已经全部完成，无需再次进行！
2025-03-27 22:01:43,644 - crawl.py[line:43] - INFO: downloads\4111010007_北京理工大学\2024\October文件夹已经建立
2025-03-27 22:01:43,671 - crawl.py[line:43] - INFO: downloads\4111010007_北京理工大学\2024\November文件夹已经建立
2025-03-27 22:01:43,681 - crawl.py[line:47] - INFO: downloads\4111010007_北京理工大学\2024\October已经全部完成，无需再次进行！
2025-03-27 22:01:43,772 - crawl.py[line:47] - INFO: downloads\4111010007_北京理工大学\2024\November已经全部完成，无需再次进行！
2025-03-27 22:01:43,781 - crawl.py[line:43] - INFO: downloads\4111010007_北京理工大学\2024\December文件夹已经建立
2025-03-27 22:01:43,796 - crawl.py[line:43] - INFO: downloads\4111010009_北方工业大学\2022\January文件夹已经建立
2025-03-27 22:01:43,802 - crawl.py[line:47] - INFO: downloads\4111010007_北京理工大学\2024\December已经全部完成，无需再次进行！
2025-03-27 22:01:43,833 - crawl.py[line:47] - INFO: downloads\4111010009_北方工业大学\2022\January已经全部完成，无需再次进行！
2025-03-27 22:01:43,833 - crawl.py[line:43] - INFO: downloads\4111010009_北方工业大学\2022\February文件夹已经建立
2025-03-27 22:01:43,862 - crawl.py[line:43] - INFO: downloads\4111010009_北方工业大学\2022\March文件夹已经建立
2025-03-27 22:01:43,896 - crawl.py[line:47] - INFO: downloads\4111010009_北方工业大学\2022\March已经全部完成，无需再次进行！
2025-03-27 22:01:43,903 - crawl.py[line:47] - INFO: downloads\4111010009_北方工业大学\2022\February已经全部完成，无需再次进行！
2025-03-27 22:01:43,931 - crawl.py[line:43] - INFO: downloads\4111010009_北方工业大学\2022\April文件夹已经建立
2025-03-27 22:01:43,940 - crawl.py[line:43] - INFO: downloads\4111010009_北方工业大学\2022\May文件夹已经建立
2025-03-27 22:01:43,958 - crawl.py[line:47] - INFO: downloads\4111010009_北方工业大学\2022\May已经全部完成，无需再次进行！
2025-03-27 22:01:43,958 - crawl.py[line:47] - INFO: downloads\4111010009_北方工业大学\2022\April已经全部完成，无需再次进行！
2025-03-27 22:01:43,999 - crawl.py[line:43] - INFO: downloads\4111010009_北方工业大学\2022\June文件夹已经建立
2025-03-27 22:01:44,021 - crawl.py[line:43] - INFO: downloads\4111010009_北方工业大学\2022\July文件夹已经建立
2025-03-27 22:01:44,038 - crawl.py[line:47] - INFO: downloads\4111010009_北方工业大学\2022\June已经全部完成，无需再次进行！
2025-03-27 22:01:44,038 - crawl.py[line:47] - INFO: downloads\4111010009_北方工业大学\2022\July已经全部完成，无需再次进行！
2025-03-27 22:01:44,053 - crawl.py[line:43] - INFO: downloads\4111010009_北方工业大学\2022\September文件夹已经建立
2025-03-27 22:01:44,068 - crawl.py[line:47] - INFO: downloads\4111010009_北方工业大学\2022\September已经全部完成，无需再次进行！
2025-03-27 22:01:44,069 - crawl.py[line:43] - INFO: downloads\4111010009_北方工业大学\2022\August文件夹已经建立
2025-03-27 22:01:44,113 - crawl.py[line:43] - INFO: downloads\4111010009_北方工业大学\2022\October文件夹已经建立
2025-03-27 22:01:44,130 - crawl.py[line:47] - INFO: downloads\4111010009_北方工业大学\2022\August已经全部完成，无需再次进行！
2025-03-27 22:01:44,146 - crawl.py[line:43] - INFO: downloads\4111010009_北方工业大学\2022\November文件夹已经建立
2025-03-27 22:01:44,146 - crawl.py[line:47] - INFO: downloads\4111010009_北方工业大学\2022\October已经全部完成，无需再次进行！
2025-03-27 22:01:44,178 - crawl.py[line:43] - INFO: downloads\4111010009_北方工业大学\2022\December文件夹已经建立
2025-03-27 22:01:44,210 - crawl.py[line:47] - INFO: downloads\4111010009_北方工业大学\2022\November已经全部完成，无需再次进行！
2025-03-27 22:01:44,291 - crawl.py[line:47] - INFO: downloads\4111010009_北方工业大学\2022\December已经全部完成，无需再次进行！
2025-03-27 22:01:44,311 - crawl.py[line:43] - INFO: downloads\4111010009_北方工业大学\2023\February文件夹已经建立
2025-03-27 22:01:44,317 - crawl.py[line:43] - INFO: downloads\4111010009_北方工业大学\2023\January文件夹已经建立
2025-03-27 22:01:44,363 - crawl.py[line:47] - INFO: downloads\4111010009_北方工业大学\2023\February已经全部完成，无需再次进行！
2025-03-27 22:01:44,363 - crawl.py[line:47] - INFO: downloads\4111010009_北方工业大学\2023\January已经全部完成，无需再次进行！
2025-03-27 22:01:44,395 - crawl.py[line:43] - INFO: downloads\4111010009_北方工业大学\2023\April文件夹已经建立
2025-03-27 22:01:44,411 - crawl.py[line:43] - INFO: downloads\4111010009_北方工业大学\2023\March文件夹已经建立
2025-03-27 22:01:44,418 - crawl.py[line:47] - INFO: downloads\4111010009_北方工业大学\2023\March已经全部完成，无需再次进行！
2025-03-27 22:01:44,435 - crawl.py[line:43] - INFO: downloads\4111010009_北方工业大学\2023\May文件夹已经建立
2025-03-27 22:01:44,459 - crawl.py[line:47] - INFO: downloads\4111010009_北方工业大学\2023\April已经全部完成，无需再次进行！
2025-03-27 22:01:44,504 - crawl.py[line:47] - INFO: downloads\4111010009_北方工业大学\2023\May已经全部完成，无需再次进行！
2025-03-27 22:01:44,511 - crawl.py[line:43] - INFO: downloads\4111010009_北方工业大学\2023\July文件夹已经建立
2025-03-27 22:01:44,527 - crawl.py[line:43] - INFO: downloads\4111010009_北方工业大学\2023\June文件夹已经建立
2025-03-27 22:01:44,567 - crawl.py[line:47] - INFO: downloads\4111010009_北方工业大学\2023\July已经全部完成，无需再次进行！
2025-03-27 22:01:44,573 - crawl.py[line:47] - INFO: downloads\4111010009_北方工业大学\2023\June已经全部完成，无需再次进行！
2025-03-27 22:01:44,585 - crawl.py[line:43] - INFO: downloads\4111010009_北方工业大学\2023\August文件夹已经建立
2025-03-27 22:01:44,603 - crawl.py[line:43] - INFO: downloads\4111010009_北方工业大学\2023\September文件夹已经建立
2025-03-27 22:01:44,604 - crawl.py[line:47] - INFO: downloads\4111010009_北方工业大学\2023\August已经全部完成，无需再次进行！
2025-03-27 22:01:44,618 - crawl.py[line:47] - INFO: downloads\4111010009_北方工业大学\2023\September已经全部完成，无需再次进行！
2025-03-27 22:01:44,630 - crawl.py[line:43] - INFO: downloads\4111010009_北方工业大学\2023\October文件夹已经建立
2025-03-27 22:01:44,644 - crawl.py[line:47] - INFO: downloads\4111010009_北方工业大学\2023\October已经全部完成，无需再次进行！
2025-03-27 22:01:44,657 - crawl.py[line:43] - INFO: downloads\4111010009_北方工业大学\2023\November文件夹已经建立
2025-03-27 22:01:44,683 - crawl.py[line:43] - INFO: downloads\4111010009_北方工业大学\2023\December文件夹已经建立
2025-03-27 22:01:44,765 - crawl.py[line:47] - INFO: downloads\4111010009_北方工业大学\2023\November已经全部完成，无需再次进行！
2025-03-27 22:01:44,770 - crawl.py[line:47] - INFO: downloads\4111010009_北方工业大学\2023\December已经全部完成，无需再次进行！
2025-03-27 22:01:44,784 - crawl.py[line:43] - INFO: downloads\4111010009_北方工业大学\2024\January文件夹已经建立
2025-03-27 22:01:44,784 - crawl.py[line:43] - INFO: downloads\4111010009_北方工业大学\2024\February文件夹已经建立
2025-03-27 22:01:44,840 - crawl.py[line:47] - INFO: downloads\4111010009_北方工业大学\2024\February已经全部完成，无需再次进行！
2025-03-27 22:01:44,840 - crawl.py[line:47] - INFO: downloads\4111010009_北方工业大学\2024\January已经全部完成，无需再次进行！
2025-03-27 22:01:44,858 - crawl.py[line:43] - INFO: downloads\4111010009_北方工业大学\2024\March文件夹已经建立
2025-03-27 22:01:44,873 - crawl.py[line:43] - INFO: downloads\4111010009_北方工业大学\2024\April文件夹已经建立
2025-03-27 22:01:44,888 - crawl.py[line:47] - INFO: downloads\4111010009_北方工业大学\2024\March已经全部完成，无需再次进行！
2025-03-27 22:01:44,903 - crawl.py[line:47] - INFO: downloads\4111010009_北方工业大学\2024\April已经全部完成，无需再次进行！
2025-03-27 22:01:44,914 - crawl.py[line:43] - INFO: downloads\4111010009_北方工业大学\2024\June文件夹已经建立
2025-03-27 22:01:44,914 - crawl.py[line:43] - INFO: downloads\4111010009_北方工业大学\2024\May文件夹已经建立
2025-03-27 22:01:44,981 - crawl.py[line:47] - INFO: downloads\4111010009_北方工业大学\2024\June已经全部完成，无需再次进行！
2025-03-27 22:01:44,994 - crawl.py[line:47] - INFO: downloads\4111010009_北方工业大学\2024\May已经全部完成，无需再次进行！
2025-03-27 22:01:45,002 - crawl.py[line:43] - INFO: downloads\4111010009_北方工业大学\2024\July文件夹已经建立
2025-03-27 22:01:45,012 - crawl.py[line:43] - INFO: downloads\4111010009_北方工业大学\2024\August文件夹已经建立
2025-03-27 22:01:45,028 - crawl.py[line:47] - INFO: downloads\4111010009_北方工业大学\2024\July已经全部完成，无需再次进行！
2025-03-27 22:01:45,035 - crawl.py[line:47] - INFO: downloads\4111010009_北方工业大学\2024\August已经全部完成，无需再次进行！
2025-03-27 22:01:45,040 - crawl.py[line:43] - INFO: downloads\4111010009_北方工业大学\2024\September文件夹已经建立
2025-03-27 22:01:45,049 - crawl.py[line:43] - INFO: downloads\4111010009_北方工业大学\2024\October文件夹已经建立
2025-03-27 22:01:45,066 - crawl.py[line:47] - INFO: downloads\4111010009_北方工业大学\2024\September已经全部完成，无需再次进行！
2025-03-27 22:01:45,080 - crawl.py[line:47] - INFO: downloads\4111010009_北方工业大学\2024\October已经全部完成，无需再次进行！
2025-03-27 22:01:45,087 - crawl.py[line:43] - INFO: downloads\4111010009_北方工业大学\2024\November文件夹已经建立
2025-03-27 22:01:45,090 - crawl.py[line:43] - INFO: downloads\4111010009_北方工业大学\2024\December文件夹已经建立
2025-03-27 22:01:45,180 - crawl.py[line:47] - INFO: downloads\4111010009_北方工业大学\2024\November已经全部完成，无需再次进行！
2025-03-27 22:01:45,185 - crawl.py[line:47] - INFO: downloads\4111010009_北方工业大学\2024\December已经全部完成，无需再次进行！
2025-03-27 22:01:45,188 - crawl.py[line:43] - INFO: downloads\4111010016_北京建筑大学\2022\January文件夹已经建立
2025-03-27 22:01:45,195 - crawl.py[line:43] - INFO: downloads\4111010016_北京建筑大学\2022\February文件夹已经建立
2025-03-27 22:01:45,228 - crawl.py[line:47] - INFO: downloads\4111010016_北京建筑大学\2022\January已经全部完成，无需再次进行！
2025-03-27 22:01:45,282 - crawl.py[line:47] - INFO: downloads\4111010016_北京建筑大学\2022\February已经全部完成，无需再次进行！
2025-03-27 22:01:45,290 - crawl.py[line:43] - INFO: downloads\4111010016_北京建筑大学\2022\March文件夹已经建立
2025-03-27 22:01:45,333 - crawl.py[line:43] - INFO: downloads\4111010016_北京建筑大学\2022\April文件夹已经建立
2025-03-27 22:01:45,336 - crawl.py[line:47] - INFO: downloads\4111010016_北京建筑大学\2022\March已经全部完成，无需再次进行！
2025-03-27 22:01:45,353 - crawl.py[line:43] - INFO: downloads\4111010016_北京建筑大学\2022\May文件夹已经建立
2025-03-27 22:01:45,365 - crawl.py[line:47] - INFO: downloads\4111010016_北京建筑大学\2022\May已经全部完成，无需再次进行！
2025-03-27 22:01:45,373 - crawl.py[line:43] - INFO: downloads\4111010016_北京建筑大学\2022\June文件夹已经建立
2025-03-27 22:01:45,422 - crawl.py[line:47] - INFO: downloads\4111010016_北京建筑大学\2022\June已经全部完成，无需再次进行！
2025-03-27 22:01:45,447 - crawl.py[line:43] - INFO: downloads\4111010016_北京建筑大学\2022\July文件夹已经建立
2025-03-27 22:01:45,485 - crawl.py[line:47] - INFO: downloads\4111010016_北京建筑大学\2022\July已经全部完成，无需再次进行！
2025-03-27 22:01:45,525 - crawl.py[line:43] - INFO: downloads\4111010016_北京建筑大学\2022\August文件夹已经建立
2025-03-27 22:01:45,557 - crawl.py[line:47] - INFO: downloads\4111010016_北京建筑大学\2022\August已经全部完成，无需再次进行！
2025-03-27 22:01:45,583 - crawl.py[line:43] - INFO: downloads\4111010016_北京建筑大学\2022\September文件夹已经建立
2025-03-27 22:01:45,610 - crawl.py[line:47] - INFO: downloads\4111010016_北京建筑大学\2022\September已经全部完成，无需再次进行！
2025-03-27 22:01:45,633 - crawl.py[line:43] - INFO: downloads\4111010016_北京建筑大学\2022\October文件夹已经建立
2025-03-27 22:01:45,649 - crawl.py[line:47] - INFO: downloads\4111010016_北京建筑大学\2022\October已经全部完成，无需再次进行！
2025-03-27 22:01:45,685 - crawl.py[line:43] - INFO: downloads\4111010016_北京建筑大学\2022\November文件夹已经建立
2025-03-27 22:01:45,709 - crawl.py[line:47] - INFO: downloads\4111010016_北京建筑大学\2022\November已经全部完成，无需再次进行！
2025-03-27 22:01:45,756 - crawl.py[line:43] - INFO: downloads\4111010016_北京建筑大学\2022\December文件夹已经建立
2025-03-27 22:01:45,819 - crawl.py[line:47] - INFO: downloads\4111010016_北京建筑大学\2022\December已经全部完成，无需再次进行！
2025-03-27 22:01:45,857 - crawl.py[line:43] - INFO: downloads\4111010016_北京建筑大学\2023\January文件夹已经建立
2025-03-27 22:01:45,912 - crawl.py[line:47] - INFO: downloads\4111010016_北京建筑大学\2023\January已经全部完成，无需再次进行！
2025-03-27 22:01:45,945 - crawl.py[line:43] - INFO: downloads\4111010016_北京建筑大学\2023\February文件夹已经建立
2025-03-27 22:01:45,985 - crawl.py[line:47] - INFO: downloads\4111010016_北京建筑大学\2023\February已经全部完成，无需再次进行！
2025-03-27 22:01:46,011 - crawl.py[line:43] - INFO: downloads\4111010016_北京建筑大学\2023\March文件夹已经建立
2025-03-27 22:01:46,070 - crawl.py[line:47] - INFO: downloads\4111010016_北京建筑大学\2023\March已经全部完成，无需再次进行！
2025-03-27 22:01:46,107 - crawl.py[line:43] - INFO: downloads\4111010016_北京建筑大学\2023\April文件夹已经建立
2025-03-27 22:01:46,192 - crawl.py[line:47] - INFO: downloads\4111010016_北京建筑大学\2023\April已经全部完成，无需再次进行！
2025-03-27 22:01:46,220 - crawl.py[line:43] - INFO: downloads\4111010016_北京建筑大学\2023\May文件夹已经建立
2025-03-27 22:01:46,278 - crawl.py[line:47] - INFO: downloads\4111010016_北京建筑大学\2023\May已经全部完成，无需再次进行！
2025-03-27 22:01:46,326 - crawl.py[line:43] - INFO: downloads\4111010016_北京建筑大学\2023\June文件夹已经建立
2025-03-27 22:01:46,360 - crawl.py[line:47] - INFO: downloads\4111010016_北京建筑大学\2023\June已经全部完成，无需再次进行！
2025-03-27 22:01:46,392 - crawl.py[line:43] - INFO: downloads\4111010016_北京建筑大学\2023\July文件夹已经建立
2025-03-27 22:01:46,454 - crawl.py[line:47] - INFO: downloads\4111010016_北京建筑大学\2023\July已经全部完成，无需再次进行！
2025-03-27 22:01:46,492 - crawl.py[line:43] - INFO: downloads\4111010016_北京建筑大学\2023\August文件夹已经建立
2025-03-27 22:01:46,508 - crawl.py[line:47] - INFO: downloads\4111010016_北京建筑大学\2023\August已经全部完成，无需再次进行！
2025-03-27 22:01:46,521 - crawl.py[line:43] - INFO: downloads\4111010016_北京建筑大学\2023\September文件夹已经建立
2025-03-27 22:01:46,565 - crawl.py[line:47] - INFO: downloads\4111010016_北京建筑大学\2023\September已经全部完成，无需再次进行！
2025-03-27 22:01:46,705 - crawl.py[line:43] - INFO: downloads\4111010016_北京建筑大学\2023\October文件夹已经建立
2025-03-27 22:01:46,757 - crawl.py[line:47] - INFO: downloads\4111010016_北京建筑大学\2023\October已经全部完成，无需再次进行！
2025-03-27 22:01:46,799 - crawl.py[line:43] - INFO: downloads\4111010016_北京建筑大学\2023\November文件夹已经建立
2025-03-27 22:01:46,846 - crawl.py[line:47] - INFO: downloads\4111010016_北京建筑大学\2023\November已经全部完成，无需再次进行！
2025-03-27 22:01:46,987 - crawl.py[line:43] - INFO: downloads\4111010016_北京建筑大学\2023\December文件夹已经建立
2025-03-27 22:01:47,115 - crawl.py[line:47] - INFO: downloads\4111010016_北京建筑大学\2023\December已经全部完成，无需再次进行！
2025-03-27 22:01:47,147 - crawl.py[line:43] - INFO: downloads\4111010016_北京建筑大学\2024\January文件夹已经建立
2025-03-27 22:01:47,404 - crawl.py[line:47] - INFO: downloads\4111010016_北京建筑大学\2024\January已经全部完成，无需再次进行！
2025-03-27 22:01:47,522 - crawl.py[line:43] - INFO: downloads\4111010016_北京建筑大学\2024\February文件夹已经建立
2025-03-27 22:01:47,666 - crawl.py[line:47] - INFO: downloads\4111010016_北京建筑大学\2024\February已经全部完成，无需再次进行！
2025-03-27 22:01:47,780 - crawl.py[line:43] - INFO: downloads\4111010016_北京建筑大学\2024\March文件夹已经建立
2025-03-27 22:01:47,887 - crawl.py[line:47] - INFO: downloads\4111010016_北京建筑大学\2024\March已经全部完成，无需再次进行！
2025-03-27 22:01:47,938 - crawl.py[line:43] - INFO: downloads\4111010016_北京建筑大学\2024\April文件夹已经建立
2025-03-27 22:01:48,195 - crawl.py[line:47] - INFO: downloads\4111010016_北京建筑大学\2024\April已经全部完成，无需再次进行！
2025-03-27 22:01:48,343 - crawl.py[line:43] - INFO: downloads\4111010016_北京建筑大学\2024\May文件夹已经建立
2025-03-27 22:01:48,436 - crawl.py[line:47] - INFO: downloads\4111010016_北京建筑大学\2024\May已经全部完成，无需再次进行！
2025-03-27 22:01:48,557 - crawl.py[line:43] - INFO: downloads\4111010016_北京建筑大学\2024\June文件夹已经建立
2025-03-27 22:01:48,613 - crawl.py[line:47] - INFO: downloads\4111010016_北京建筑大学\2024\June已经全部完成，无需再次进行！
2025-03-27 22:01:48,636 - crawl.py[line:43] - INFO: downloads\4111010016_北京建筑大学\2024\July文件夹已经建立
2025-03-27 22:01:48,744 - crawl.py[line:47] - INFO: downloads\4111010016_北京建筑大学\2024\July已经全部完成，无需再次进行！
2025-03-27 22:01:48,835 - crawl.py[line:43] - INFO: downloads\4111010016_北京建筑大学\2024\August文件夹已经建立
2025-03-27 22:01:48,893 - crawl.py[line:47] - INFO: downloads\4111010016_北京建筑大学\2024\August已经全部完成，无需再次进行！
2025-03-27 22:01:49,097 - crawl.py[line:43] - INFO: downloads\4111010016_北京建筑大学\2024\September文件夹已经建立
2025-03-27 22:01:49,170 - crawl.py[line:47] - INFO: downloads\4111010016_北京建筑大学\2024\September已经全部完成，无需再次进行！
2025-03-27 22:01:49,183 - crawl.py[line:43] - INFO: downloads\4111010016_北京建筑大学\2024\October文件夹已经建立
2025-03-27 22:01:49,272 - crawl.py[line:47] - INFO: downloads\4111010016_北京建筑大学\2024\October已经全部完成，无需再次进行！
2025-03-27 22:01:49,288 - crawl.py[line:43] - INFO: downloads\4111010016_北京建筑大学\2024\November文件夹已经建立
2025-03-27 22:01:49,379 - crawl.py[line:47] - INFO: downloads\4111010016_北京建筑大学\2024\November已经全部完成，无需再次进行！
2025-03-27 22:01:49,435 - crawl.py[line:43] - INFO: downloads\4111010016_北京建筑大学\2024\December文件夹已经建立
2025-03-27 22:01:49,512 - crawl.py[line:47] - INFO: downloads\4111010016_北京建筑大学\2024\December已经全部完成，无需再次进行！
2025-03-27 22:01:49,581 - crawl.py[line:43] - INFO: downloads\4111010025_首都医科大学\2022\January文件夹已经建立
2025-03-27 22:01:49,652 - crawl.py[line:47] - INFO: downloads\4111010025_首都医科大学\2022\January已经全部完成，无需再次进行！
2025-03-27 22:01:49,675 - crawl.py[line:43] - INFO: downloads\4111010025_首都医科大学\2022\February文件夹已经建立
