2025-03-21 22:46:28,332 - make_task_list.py[line:106] - INFO: 任务是school-year-month形
2025-03-21 22:46:29,398 - make_task_list.py[line:106] - INFO: 任务是school-year-month形
2025-03-21 22:46:29,400 - crawl.py[line:81] - INFO: downloads\4111010001_北京大学\2022\January文件夹已经建立
2025-03-21 22:46:33,859 - crawl.py[line:189] - INFO: Click the search btn succeed
2025-03-21 22:46:40,822 - crawl.py[line:267] - INFO: 1022 records found, divided into 21 pages
2025-03-21 22:46:45,306 - common.py[line:135] - ERROR: 检查SHGC202201028是否已经处理过出错！
2025-03-21 22:46:49,105 - crawl.py[line:592] - INFO: 论文：SHGC202201028无关键词！
2025-03-21 22:46:49,109 - crawl.py[line:604] - INFO: 论文：SHGC202201028无基金资助！
2025-03-21 22:46:49,291 - crawl.py[line:379] - INFO: 论文：(SHGC202201028) 子页面信息提取完成！
2025-03-21 22:46:49,339 - crawl.py[line:472] - INFO: 论文：(SHGC202201028) 子页面信息处理全部结束！
2025-03-21 22:46:52,392 - crawl.py[line:592] - INFO: 论文：SHGC202201019无关键词！
2025-03-21 22:46:52,852 - crawl.py[line:379] - INFO: 论文：(SHGC202201019) 子页面信息提取完成！
2025-03-21 22:46:52,922 - crawl.py[line:472] - INFO: 论文：(SHGC202201019) 子页面信息处理全部结束！
2025-03-21 22:46:55,011 - crawl.py[line:592] - INFO: 论文：SHGC202201026无关键词！
2025-03-21 22:46:55,018 - crawl.py[line:604] - INFO: 论文：SHGC202201026无基金资助！
2025-03-21 22:46:55,212 - crawl.py[line:379] - INFO: 论文：(SHGC202201026) 子页面信息提取完成！
2025-03-21 22:46:55,252 - crawl.py[line:472] - INFO: 论文：(SHGC202201026) 子页面信息处理全部结束！
2025-03-21 22:46:57,649 - crawl.py[line:379] - INFO: 论文：(JYJY202201019) 子页面信息提取完成！
2025-03-21 22:46:57,731 - crawl.py[line:472] - INFO: 论文：(JYJY202201019) 子页面信息处理全部结束！
2025-03-21 22:47:00,014 - crawl.py[line:379] - INFO: 论文：(JIYJ202201002) 子页面信息提取完成！
2025-03-21 22:47:00,089 - crawl.py[line:472] - INFO: 论文：(JIYJ202201002) 子页面信息处理全部结束！
2025-03-21 22:47:04,217 - crawl.py[line:604] - INFO: 论文：DMSJ202201004无基金资助！
2025-03-21 22:47:04,385 - crawl.py[line:379] - INFO: 论文：(DMSJ202201004) 子页面信息提取完成！
2025-03-21 22:47:04,458 - crawl.py[line:472] - INFO: 论文：(DMSJ202201004) 子页面信息处理全部结束！
2025-03-21 22:47:07,108 - crawl.py[line:379] - INFO: 论文：(MBDH202201010) 子页面信息提取完成！
2025-03-21 22:47:07,161 - crawl.py[line:472] - INFO: 论文：(MBDH202201010) 子页面信息处理全部结束！
2025-03-21 22:47:09,267 - crawl.py[line:604] - INFO: 论文：MZBL202202048无基金资助！
2025-03-21 22:47:09,449 - crawl.py[line:379] - INFO: 论文：(MZBL202202048) 子页面信息提取完成！
2025-03-21 22:47:09,488 - crawl.py[line:472] - INFO: 论文：(MZBL202202048) 子页面信息处理全部结束！
2025-03-21 22:47:11,765 - crawl.py[line:604] - INFO: 论文：MZBL202202018无基金资助！
2025-03-21 22:47:11,931 - crawl.py[line:379] - INFO: 论文：(MZBL202202018) 子页面信息提取完成！
2025-03-21 22:47:11,995 - crawl.py[line:472] - INFO: 论文：(MZBL202202018) 子页面信息处理全部结束！
2025-03-21 22:47:12,136 - crawl.py[line:332] - ERROR: 不是期刊
2025-03-21 22:47:12,201 - crawl.py[line:332] - ERROR: 不是期刊
2025-03-21 22:47:12,238 - crawl.py[line:332] - ERROR: 不是期刊
2025-03-21 22:47:12,311 - crawl.py[line:332] - ERROR: 不是期刊
2025-03-21 22:47:12,374 - crawl.py[line:332] - ERROR: 不是期刊
2025-03-21 22:47:12,966 - crawl.py[line:332] - ERROR: 不是期刊
2025-03-21 22:47:13,689 - crawl.py[line:332] - ERROR: 不是期刊
2025-03-21 22:47:13,785 - crawl.py[line:332] - ERROR: 不是期刊
2025-03-21 22:47:13,821 - crawl.py[line:332] - ERROR: 不是期刊
2025-03-21 22:47:13,841 - crawl.py[line:332] - ERROR: 不是期刊
2025-03-21 22:47:13,863 - crawl.py[line:332] - ERROR: 不是期刊
2025-03-21 22:47:13,904 - crawl.py[line:332] - ERROR: 不是期刊
2025-03-21 22:47:14,015 - crawl.py[line:332] - ERROR: 不是期刊
2025-03-21 22:47:14,045 - crawl.py[line:332] - ERROR: 不是期刊
2025-03-21 22:47:14,066 - crawl.py[line:332] - ERROR: 不是期刊
2025-03-21 22:47:14,089 - crawl.py[line:332] - ERROR: 不是期刊
2025-03-21 22:47:14,188 - crawl.py[line:332] - ERROR: 不是期刊
2025-03-21 22:47:14,215 - crawl.py[line:332] - ERROR: 不是期刊
2025-03-21 22:47:14,235 - crawl.py[line:332] - ERROR: 不是期刊
2025-03-21 22:47:16,922 - crawl.py[line:379] - INFO: 论文：(ZLCY202201017) 子页面信息提取完成！
2025-03-21 22:47:17,008 - crawl.py[line:472] - INFO: 论文：(ZLCY202201017) 子页面信息处理全部结束！
2025-03-21 22:47:20,028 - crawl.py[line:379] - INFO: 论文：(QBLL202203003) 子页面信息提取完成！
2025-03-21 22:47:20,079 - crawl.py[line:472] - INFO: 论文：(QBLL202203003) 子页面信息处理全部结束！
2025-03-21 22:47:24,209 - crawl.py[line:379] - INFO: 论文：(ZLCY202201005) 子页面信息提取完成！
2025-03-21 22:47:24,266 - crawl.py[line:472] - INFO: 论文：(ZLCY202201005) 子页面信息处理全部结束！
2025-03-21 22:47:26,903 - crawl.py[line:379] - INFO: 论文：(GDYB202205004) 子页面信息提取完成！
2025-03-21 22:47:26,943 - crawl.py[line:472] - INFO: 论文：(GDYB202205004) 子页面信息处理全部结束！
2025-03-21 22:47:30,221 - crawl.py[line:379] - INFO: 论文：(HNZX202202014) 子页面信息提取完成！
2025-03-21 22:47:30,251 - crawl.py[line:472] - INFO: 论文：(HNZX202202014) 子页面信息处理全部结束！
2025-03-21 22:47:33,180 - crawl.py[line:379] - INFO: 论文：(TWSZ202206012) 子页面信息提取完成！
2025-03-21 22:47:33,208 - crawl.py[line:472] - INFO: 论文：(TWSZ202206012) 子页面信息处理全部结束！
2025-03-21 22:47:36,355 - crawl.py[line:592] - INFO: 论文：CSGH202201004无关键词！
2025-03-21 22:47:36,362 - crawl.py[line:604] - INFO: 论文：CSGH202201004无基金资助！
2025-03-21 22:47:36,604 - crawl.py[line:379] - INFO: 论文：(CSGH202201004) 子页面信息提取完成！
2025-03-21 22:47:36,669 - crawl.py[line:472] - INFO: 论文：(CSGH202201004) 子页面信息处理全部结束！
2025-03-21 22:47:40,232 - crawl.py[line:379] - INFO: 论文：(STXZ202208004) 子页面信息提取完成！
2025-03-21 22:47:40,284 - crawl.py[line:472] - INFO: 论文：(STXZ202208004) 子页面信息处理全部结束！
2025-03-21 22:47:43,788 - crawl.py[line:604] - INFO: 论文：QKYX202208012无基金资助！
2025-03-21 22:47:43,948 - crawl.py[line:379] - INFO: 论文：(QKYX202208012) 子页面信息提取完成！
2025-03-21 22:47:43,991 - crawl.py[line:472] - INFO: 论文：(QKYX202208012) 子页面信息处理全部结束！
2025-03-21 22:47:46,515 - crawl.py[line:379] - INFO: 论文：(HJGC202208001) 子页面信息提取完成！
2025-03-21 22:47:46,680 - crawl.py[line:472] - INFO: 论文：(HJGC202208001) 子页面信息处理全部结束！
2025-03-21 22:47:50,140 - crawl.py[line:379] - INFO: 论文：(QKYX202208009) 子页面信息提取完成！
2025-03-21 22:47:50,182 - crawl.py[line:472] - INFO: 论文：(QKYX202208009) 子页面信息处理全部结束！
2025-03-21 22:47:52,514 - crawl.py[line:379] - INFO: 论文：(DLKX202201009) 子页面信息提取完成！
2025-03-21 22:47:52,577 - crawl.py[line:472] - INFO: 论文：(DLKX202201009) 子页面信息处理全部结束！
2025-03-21 22:47:55,163 - crawl.py[line:604] - INFO: 论文：KXTB202203001无基金资助！
2025-03-21 22:47:55,329 - crawl.py[line:379] - INFO: 论文：(KXTB202203001) 子页面信息提取完成！
2025-03-21 22:47:55,367 - crawl.py[line:472] - INFO: 论文：(KXTB202203001) 子页面信息处理全部结束！
2025-03-21 22:47:57,500 - crawl.py[line:604] - INFO: 论文：RMLT202202010无基金资助！
2025-03-21 22:47:57,663 - crawl.py[line:379] - INFO: 论文：(RMLT202202010) 子页面信息提取完成！
2025-03-21 22:47:57,706 - crawl.py[line:472] - INFO: 论文：(RMLT202202010) 子页面信息处理全部结束！
2025-03-21 22:48:00,623 - crawl.py[line:379] - INFO: 论文：(YYPF202201013) 子页面信息提取完成！
2025-03-21 22:48:00,699 - crawl.py[line:472] - INFO: 论文：(YYPF202201013) 子页面信息处理全部结束！
2025-03-21 22:48:03,272 - crawl.py[line:379] - INFO: 论文：(ZLZD202201002) 子页面信息提取完成！
2025-03-21 22:48:03,348 - crawl.py[line:472] - INFO: 论文：(ZLZD202201002) 子页面信息处理全部结束！
2025-03-21 22:48:05,875 - crawl.py[line:379] - INFO: 论文：(ZLZD202201003) 子页面信息提取完成！
2025-03-21 22:48:05,949 - crawl.py[line:472] - INFO: 论文：(ZLZD202201003) 子页面信息处理全部结束！
2025-03-21 22:48:08,422 - crawl.py[line:379] - INFO: 论文：(ZLZD202201004) 子页面信息提取完成！
2025-03-21 22:48:08,514 - crawl.py[line:472] - INFO: 论文：(ZLZD202201004) 子页面信息处理全部结束！
2025-03-21 22:48:10,877 - crawl.py[line:379] - INFO: 论文：(ZLZD202201005) 子页面信息提取完成！
2025-03-21 22:48:10,948 - crawl.py[line:472] - INFO: 论文：(ZLZD202201005) 子页面信息处理全部结束！
2025-03-21 22:48:13,163 - crawl.py[line:379] - INFO: 论文：(ZGWK202202021) 子页面信息提取完成！
2025-03-21 22:48:13,233 - crawl.py[line:472] - INFO: 论文：(ZGWK202202021) 子页面信息处理全部结束！
2025-03-21 22:48:15,045 - crawl.py[line:604] - INFO: 论文：ZGZL202202010无基金资助！
2025-03-21 22:48:15,214 - crawl.py[line:379] - INFO: 论文：(ZGZL202202010) 子页面信息提取完成！
2025-03-21 22:48:15,284 - crawl.py[line:472] - INFO: 论文：(ZGZL202202010) 子页面信息处理全部结束！
2025-03-21 22:48:17,484 - crawl.py[line:379] - INFO: 论文：(ZLZD202201008) 子页面信息提取完成！
2025-03-21 22:48:17,554 - crawl.py[line:472] - INFO: 论文：(ZLZD202201008) 子页面信息处理全部结束！
2025-03-21 22:48:24,043 - crawl.py[line:379] - INFO: 论文：(ZLZD202201010) 子页面信息提取完成！
2025-03-21 22:48:24,113 - crawl.py[line:472] - INFO: 论文：(ZLZD202201010) 子页面信息处理全部结束！
2025-03-21 22:48:26,002 - crawl.py[line:379] - INFO: 论文：(ZLZD202201011) 子页面信息提取完成！
2025-03-21 22:48:26,077 - crawl.py[line:472] - INFO: 论文：(ZLZD202201011) 子页面信息处理全部结束！
2025-03-21 22:48:28,071 - crawl.py[line:379] - INFO: 论文：(ZLZD202201015) 子页面信息提取完成！
2025-03-21 22:48:28,154 - crawl.py[line:472] - INFO: 论文：(ZLZD202201015) 子页面信息处理全部结束！
2025-03-21 22:48:30,085 - crawl.py[line:379] - INFO: 论文：(ZLZD202201017) 子页面信息提取完成！
2025-03-21 22:48:30,214 - crawl.py[line:472] - INFO: 论文：(ZLZD202201017) 子页面信息处理全部结束！
2025-03-21 22:48:32,027 - crawl.py[line:592] - INFO: 论文：ZLZD202201018无关键词！
2025-03-21 22:48:32,032 - crawl.py[line:604] - INFO: 论文：ZLZD202201018无基金资助！
2025-03-21 22:48:32,105 - crawl.py[line:379] - INFO: 论文：(ZLZD202201018) 子页面信息提取完成！
2025-03-21 22:48:32,185 - crawl.py[line:472] - INFO: 论文：(ZLZD202201018) 子页面信息处理全部结束！
2025-03-21 22:48:34,404 - crawl.py[line:379] - INFO: 论文：(JPXB202201020) 子页面信息提取完成！
2025-03-21 22:48:34,470 - crawl.py[line:472] - INFO: 论文：(JPXB202201020) 子页面信息处理全部结束！
2025-03-21 22:48:36,718 - crawl.py[line:379] - INFO: 论文：(JPXB202201016) 子页面信息提取完成！
2025-03-21 22:48:36,794 - crawl.py[line:472] - INFO: 论文：(JPXB202201016) 子页面信息处理全部结束！
2025-03-21 22:48:38,960 - crawl.py[line:379] - INFO: 论文：(YYPF202201017) 子页面信息提取完成！
2025-03-21 22:48:39,043 - crawl.py[line:472] - INFO: 论文：(YYPF202201017) 子页面信息处理全部结束！
2025-03-21 22:48:41,228 - crawl.py[line:379] - INFO: 论文：(YYPF202201023) 子页面信息提取完成！
2025-03-21 22:48:41,299 - crawl.py[line:472] - INFO: 论文：(YYPF202201023) 子页面信息处理全部结束！
2025-03-21 22:48:43,333 - crawl.py[line:604] - INFO: 论文：YYPF202201026无基金资助！
2025-03-21 22:48:43,405 - crawl.py[line:379] - INFO: 论文：(YYPF202201026) 子页面信息提取完成！
2025-03-21 22:48:43,482 - crawl.py[line:472] - INFO: 论文：(YYPF202201026) 子页面信息处理全部结束！
2025-03-21 22:48:46,095 - crawl.py[line:379] - INFO: 论文：(WSYJ202201017) 子页面信息提取完成！
2025-03-21 22:48:46,161 - crawl.py[line:472] - INFO: 论文：(WSYJ202201017) 子页面信息处理全部结束！
2025-03-21 22:48:48,835 - crawl.py[line:379] - INFO: 论文：(GCDQ202201008) 子页面信息提取完成！
2025-03-21 22:48:48,870 - crawl.py[line:472] - INFO: 论文：(GCDQ202201008) 子页面信息处理全部结束！
2025-03-21 22:48:51,316 - crawl.py[line:379] - INFO: 论文：(NXDX202201011) 子页面信息提取完成！
2025-03-21 22:48:51,393 - crawl.py[line:472] - INFO: 论文：(NXDX202201011) 子页面信息处理全部结束！
2025-03-21 22:48:54,045 - crawl.py[line:604] - INFO: 论文：NXDX202201018无基金资助！
2025-03-21 22:48:54,251 - crawl.py[line:379] - INFO: 论文：(NXDX202201018) 子页面信息提取完成！
2025-03-21 22:48:54,311 - crawl.py[line:472] - INFO: 论文：(NXDX202201018) 子页面信息处理全部结束！
