2025-03-27 03:54:21,907 - make_task_list.py[line:106] - INFO: 任务是school-year-month形
2025-03-27 03:54:22,047 - make_task_list.py[line:106] - INFO: 任务是school-year-month形
2025-03-27 03:54:22,056 - crawl.py[line:43] - INFO: downloads\4111010006_北京航空航天大学\2022\January文件夹已经建立
2025-03-27 03:54:22,056 - crawl.py[line:47] - INFO: downloads\4111010006_北京航空航天大学\2022\January已经全部完成，无需再次进行！
2025-03-27 03:54:22,057 - crawl.py[line:43] - INFO: downloads\4111010006_北京航空航天大学\2022\February文件夹已经建立
2025-03-27 03:54:22,057 - crawl.py[line:47] - INFO: downloads\4111010006_北京航空航天大学\2022\February已经全部完成，无需再次进行！
2025-03-27 03:54:22,061 - crawl.py[line:43] - INFO: downloads\4111010006_北京航空航天大学\2022\March文件夹已经建立
2025-03-27 03:54:22,086 - crawl.py[line:47] - INFO: downloads\4111010006_北京航空航天大学\2022\March已经全部完成，无需再次进行！
2025-03-27 03:54:22,086 - crawl.py[line:43] - INFO: downloads\4111010006_北京航空航天大学\2022\August文件夹已经建立
2025-03-27 03:54:22,086 - crawl.py[line:47] - INFO: downloads\4111010006_北京航空航天大学\2022\August已经全部完成，无需再次进行！
2025-03-27 03:54:22,062 - crawl.py[line:43] - INFO: downloads\4111010006_北京航空航天大学\2022\April文件夹已经建立
2025-03-27 03:54:22,086 - crawl.py[line:43] - INFO: downloads\4111010006_北京航空航天大学\2022\June文件夹已经建立
2025-03-27 03:54:22,086 - crawl.py[line:43] - INFO: downloads\4111010006_北京航空航天大学\2022\May文件夹已经建立
2025-03-27 03:54:22,100 - crawl.py[line:43] - INFO: downloads\4111010006_北京航空航天大学\2022\September文件夹已经建立
2025-03-27 03:54:22,100 - crawl.py[line:47] - INFO: downloads\4111010006_北京航空航天大学\2022\June已经全部完成，无需再次进行！
2025-03-27 03:54:22,101 - crawl.py[line:47] - INFO: downloads\4111010006_北京航空航天大学\2022\April已经全部完成，无需再次进行！
2025-03-27 03:54:22,147 - crawl.py[line:43] - INFO: downloads\4111010006_北京航空航天大学\2022\July文件夹已经建立
2025-03-27 03:54:22,147 - crawl.py[line:47] - INFO: downloads\4111010006_北京航空航天大学\2022\September已经全部完成，无需再次进行！
2025-03-27 03:54:22,147 - crawl.py[line:43] - INFO: downloads\4111010006_北京航空航天大学\2022\October文件夹已经建立
2025-03-27 03:54:22,147 - crawl.py[line:47] - INFO: downloads\4111010006_北京航空航天大学\2022\May已经全部完成，无需再次进行！
2025-03-27 03:54:22,155 - crawl.py[line:47] - INFO: downloads\4111010006_北京航空航天大学\2022\July已经全部完成，无需再次进行！
2025-03-27 03:54:22,164 - crawl.py[line:43] - INFO: downloads\4111010006_北京航空航天大学\2022\November文件夹已经建立
2025-03-27 03:54:22,164 - crawl.py[line:43] - INFO: downloads\4111010006_北京航空航天大学\2022\December文件夹已经建立
2025-03-27 03:54:22,412 - crawl.py[line:47] - INFO: downloads\4111010006_北京航空航天大学\2022\November已经全部完成，无需再次进行！
2025-03-27 03:54:22,193 - crawl.py[line:43] - INFO: downloads\4111010006_北京航空航天大学\2023\January文件夹已经建立
2025-03-27 03:54:22,193 - crawl.py[line:47] - INFO: downloads\4111010006_北京航空航天大学\2022\October已经全部完成，无需再次进行！
2025-03-27 03:54:22,413 - crawl.py[line:47] - INFO: downloads\4111010006_北京航空航天大学\2022\December已经全部完成，无需再次进行！
2025-03-27 03:54:22,413 - crawl.py[line:47] - INFO: downloads\4111010006_北京航空航天大学\2023\January已经全部完成，无需再次进行！
2025-03-27 03:54:22,428 - crawl.py[line:43] - INFO: downloads\4111010006_北京航空航天大学\2023\April文件夹已经建立
2025-03-27 03:54:22,431 - crawl.py[line:43] - INFO: downloads\4111010006_北京航空航天大学\2023\March文件夹已经建立
2025-03-27 03:54:22,431 - crawl.py[line:43] - INFO: downloads\4111010006_北京航空航天大学\2023\June文件夹已经建立
2025-03-27 03:54:22,477 - crawl.py[line:47] - INFO: downloads\4111010006_北京航空航天大学\2023\June已经全部完成，无需再次进行！
2025-03-27 03:54:22,478 - crawl.py[line:43] - INFO: downloads\4111010006_北京航空航天大学\2023\July文件夹已经建立
2025-03-27 03:54:22,478 - crawl.py[line:47] - INFO: downloads\4111010006_北京航空航天大学\2023\July已经全部完成，无需再次进行！
2025-03-27 03:54:22,478 - crawl.py[line:43] - INFO: downloads\4111010006_北京航空航天大学\2023\August文件夹已经建立
2025-03-27 03:54:22,479 - crawl.py[line:47] - INFO: downloads\4111010006_北京航空航天大学\2023\August已经全部完成，无需再次进行！
2025-03-27 03:54:22,479 - crawl.py[line:43] - INFO: downloads\4111010006_北京航空航天大学\2023\September文件夹已经建立
2025-03-27 03:54:22,479 - crawl.py[line:47] - INFO: downloads\4111010006_北京航空航天大学\2023\September已经全部完成，无需再次进行！
2025-03-27 03:54:22,479 - crawl.py[line:43] - INFO: downloads\4111010006_北京航空航天大学\2023\October文件夹已经建立
2025-03-27 03:54:22,480 - crawl.py[line:47] - INFO: downloads\4111010006_北京航空航天大学\2023\October已经全部完成，无需再次进行！
2025-03-27 03:54:22,480 - crawl.py[line:43] - INFO: downloads\4111010006_北京航空航天大学\2023\November文件夹已经建立
2025-03-27 03:54:22,480 - crawl.py[line:47] - INFO: downloads\4111010006_北京航空航天大学\2023\November已经全部完成，无需再次进行！
2025-03-27 03:54:22,480 - crawl.py[line:43] - INFO: downloads\4111010006_北京航空航天大学\2023\December文件夹已经建立
2025-03-27 03:54:22,481 - crawl.py[line:47] - INFO: downloads\4111010006_北京航空航天大学\2023\December已经全部完成，无需再次进行！
2025-03-27 03:54:22,481 - crawl.py[line:43] - INFO: downloads\4111010006_北京航空航天大学\2024\January文件夹已经建立
2025-03-27 03:54:22,481 - crawl.py[line:47] - INFO: downloads\4111010006_北京航空航天大学\2024\January已经全部完成，无需再次进行！
2025-03-27 03:54:22,481 - crawl.py[line:43] - INFO: downloads\4111010006_北京航空航天大学\2024\February文件夹已经建立
2025-03-27 03:54:22,481 - crawl.py[line:47] - INFO: downloads\4111010006_北京航空航天大学\2024\February已经全部完成，无需再次进行！
2025-03-27 03:54:22,481 - crawl.py[line:43] - INFO: downloads\4111010006_北京航空航天大学\2024\March文件夹已经建立
2025-03-27 03:54:22,431 - crawl.py[line:43] - INFO: downloads\4111010006_北京航空航天大学\2023\May文件夹已经建立
2025-03-27 03:54:22,431 - crawl.py[line:43] - INFO: downloads\4111010006_北京航空航天大学\2023\February文件夹已经建立
2025-03-27 03:54:22,442 - crawl.py[line:47] - INFO: downloads\4111010006_北京航空航天大学\2023\April已经全部完成，无需再次进行！
2025-03-27 03:54:22,442 - crawl.py[line:47] - INFO: downloads\4111010006_北京航空航天大学\2023\March已经全部完成，无需再次进行！
2025-03-27 03:54:22,539 - crawl.py[line:47] - INFO: downloads\4111010006_北京航空航天大学\2023\February已经全部完成，无需再次进行！
2025-03-27 03:54:22,539 - crawl.py[line:47] - INFO: downloads\4111010006_北京航空航天大学\2023\May已经全部完成，无需再次进行！
2025-03-27 03:54:22,593 - crawl.py[line:43] - INFO: downloads\4111010006_北京航空航天大学\2024\July文件夹已经建立
2025-03-27 03:54:22,571 - crawl.py[line:43] - INFO: downloads\4111010006_北京航空航天大学\2024\May文件夹已经建立
2025-03-27 03:54:22,572 - crawl.py[line:43] - INFO: downloads\4111010006_北京航空航天大学\2024\April文件夹已经建立
2025-03-27 03:54:22,601 - crawl.py[line:43] - INFO: downloads\4111010006_北京航空航天大学\2024\June文件夹已经建立
2025-03-27 03:54:22,633 - crawl.py[line:47] - INFO: downloads\4111010006_北京航空航天大学\2024\May已经全部完成，无需再次进行！
2025-03-27 03:54:22,634 - crawl.py[line:47] - INFO: downloads\4111010006_北京航空航天大学\2024\April已经全部完成，无需再次进行！
2025-03-27 03:54:22,646 - crawl.py[line:47] - INFO: downloads\4111010006_北京航空航天大学\2024\June已经全部完成，无需再次进行！
2025-03-27 03:54:22,646 - crawl.py[line:43] - INFO: downloads\4111010006_北京航空航天大学\2024\August文件夹已经建立
2025-03-27 03:54:22,682 - crawl.py[line:43] - INFO: downloads\4111010006_北京航空航天大学\2024\September文件夹已经建立
2025-03-27 03:54:22,682 - crawl.py[line:43] - INFO: downloads\4111010006_北京航空航天大学\2024\October文件夹已经建立
2025-03-27 03:54:22,684 - crawl.py[line:47] - INFO: downloads\4111010006_北京航空航天大学\2024\August已经全部完成，无需再次进行！
2025-03-27 03:54:22,684 - crawl.py[line:47] - INFO: downloads\4111010006_北京航空航天大学\2024\September已经全部完成，无需再次进行！
2025-03-27 03:54:22,743 - crawl.py[line:43] - INFO: downloads\4111010006_北京航空航天大学\2024\December文件夹已经建立
2025-03-27 03:54:22,745 - crawl.py[line:47] - INFO: downloads\4111010006_北京航空航天大学\2024\December已经全部完成，无需再次进行！
2025-03-27 03:54:22,746 - crawl.py[line:43] - INFO: downloads\4111010007_北京理工大学\2022\January文件夹已经建立
2025-03-27 03:54:22,711 - crawl.py[line:47] - INFO: downloads\4111010006_北京航空航天大学\2024\October已经全部完成，无需再次进行！
2025-03-27 03:54:22,747 - crawl.py[line:43] - INFO: downloads\4111010007_北京理工大学\2022\February文件夹已经建立
2025-03-27 03:54:22,743 - crawl.py[line:43] - INFO: downloads\4111010006_北京航空航天大学\2024\November文件夹已经建立
2025-03-27 03:54:22,748 - crawl.py[line:47] - INFO: downloads\4111010007_北京理工大学\2022\January已经全部完成，无需再次进行！
2025-03-27 03:54:22,748 - crawl.py[line:43] - INFO: downloads\4111010007_北京理工大学\2022\March文件夹已经建立
2025-03-27 03:54:22,748 - crawl.py[line:47] - INFO: downloads\4111010007_北京理工大学\2022\March已经全部完成，无需再次进行！
2025-03-27 03:54:22,759 - crawl.py[line:47] - INFO: downloads\4111010007_北京理工大学\2022\February已经全部完成，无需再次进行！
2025-03-27 03:54:22,761 - crawl.py[line:43] - INFO: downloads\4111010007_北京理工大学\2022\April文件夹已经建立
2025-03-27 03:54:22,795 - crawl.py[line:43] - INFO: downloads\4111010007_北京理工大学\2022\May文件夹已经建立
2025-03-27 03:54:22,795 - crawl.py[line:47] - INFO: downloads\4111010007_北京理工大学\2022\April已经全部完成，无需再次进行！
2025-03-27 03:54:22,807 - crawl.py[line:43] - INFO: downloads\4111010007_北京理工大学\2022\June文件夹已经建立
2025-03-27 03:54:22,806 - crawl.py[line:47] - INFO: downloads\4111010007_北京理工大学\2022\May已经全部完成，无需再次进行！
2025-03-27 03:54:22,838 - crawl.py[line:43] - INFO: downloads\4111010007_北京理工大学\2022\July文件夹已经建立
2025-03-27 03:54:22,838 - crawl.py[line:47] - INFO: downloads\4111010007_北京理工大学\2022\July已经全部完成，无需再次进行！
2025-03-27 03:54:22,841 - crawl.py[line:47] - INFO: downloads\4111010007_北京理工大学\2022\June已经全部完成，无需再次进行！
2025-03-27 03:54:22,862 - crawl.py[line:43] - INFO: downloads\4111010007_北京理工大学\2022\September文件夹已经建立
2025-03-27 03:54:22,862 - crawl.py[line:43] - INFO: downloads\4111010007_北京理工大学\2022\August文件夹已经建立
2025-03-27 03:54:22,885 - crawl.py[line:47] - INFO: downloads\4111010007_北京理工大学\2022\August已经全部完成，无需再次进行！
2025-03-27 03:54:22,905 - crawl.py[line:43] - INFO: downloads\4111010007_北京理工大学\2022\October文件夹已经建立
2025-03-27 03:54:22,925 - crawl.py[line:47] - INFO: downloads\4111010007_北京理工大学\2022\October已经全部完成，无需再次进行！
2025-03-27 03:54:22,931 - crawl.py[line:43] - INFO: downloads\4111010007_北京理工大学\2022\November文件夹已经建立
2025-03-27 03:54:22,932 - crawl.py[line:47] - INFO: downloads\4111010007_北京理工大学\2022\November已经全部完成，无需再次进行！
2025-03-27 03:54:22,932 - crawl.py[line:43] - INFO: downloads\4111010007_北京理工大学\2022\December文件夹已经建立
2025-03-27 03:54:22,932 - crawl.py[line:47] - INFO: downloads\4111010007_北京理工大学\2022\December已经全部完成，无需再次进行！
2025-03-27 03:54:22,958 - crawl.py[line:43] - INFO: downloads\4111010007_北京理工大学\2023\January文件夹已经建立
2025-03-27 03:54:22,959 - crawl.py[line:47] - INFO: downloads\4111010007_北京理工大学\2023\January已经全部完成，无需再次进行！
2025-03-27 03:54:22,960 - crawl.py[line:43] - INFO: downloads\4111010007_北京理工大学\2023\February文件夹已经建立
2025-03-27 03:54:22,960 - crawl.py[line:47] - INFO: downloads\4111010007_北京理工大学\2023\February已经全部完成，无需再次进行！
2025-03-27 03:54:22,960 - crawl.py[line:43] - INFO: downloads\4111010007_北京理工大学\2023\March文件夹已经建立
2025-03-27 03:54:22,961 - crawl.py[line:47] - INFO: downloads\4111010007_北京理工大学\2023\March已经全部完成，无需再次进行！
2025-03-27 03:54:22,962 - crawl.py[line:43] - INFO: downloads\4111010007_北京理工大学\2023\April文件夹已经建立
2025-03-27 03:54:22,962 - crawl.py[line:47] - INFO: downloads\4111010007_北京理工大学\2023\April已经全部完成，无需再次进行！
2025-03-27 03:54:22,962 - crawl.py[line:43] - INFO: downloads\4111010007_北京理工大学\2023\May文件夹已经建立
2025-03-27 03:54:23,142 - crawl.py[line:47] - INFO: downloads\4111010007_北京理工大学\2023\May已经全部完成，无需再次进行！
2025-03-27 03:54:23,142 - crawl.py[line:43] - INFO: downloads\4111010007_北京理工大学\2023\June文件夹已经建立
2025-03-27 03:54:23,143 - crawl.py[line:47] - INFO: downloads\4111010007_北京理工大学\2023\June已经全部完成，无需再次进行！
2025-03-27 03:54:23,143 - crawl.py[line:43] - INFO: downloads\4111010007_北京理工大学\2023\July文件夹已经建立
2025-03-27 03:54:23,143 - crawl.py[line:47] - INFO: downloads\4111010007_北京理工大学\2023\July已经全部完成，无需再次进行！
2025-03-27 03:54:23,143 - crawl.py[line:43] - INFO: downloads\4111010007_北京理工大学\2023\August文件夹已经建立
2025-03-27 03:54:23,144 - crawl.py[line:47] - INFO: downloads\4111010007_北京理工大学\2023\August已经全部完成，无需再次进行！
2025-03-27 03:54:23,144 - crawl.py[line:43] - INFO: downloads\4111010007_北京理工大学\2023\September文件夹已经建立
2025-03-27 03:54:23,144 - crawl.py[line:47] - INFO: downloads\4111010007_北京理工大学\2023\September已经全部完成，无需再次进行！
2025-03-27 03:54:23,144 - crawl.py[line:43] - INFO: downloads\4111010007_北京理工大学\2023\October文件夹已经建立
2025-03-27 03:54:23,145 - crawl.py[line:47] - INFO: downloads\4111010007_北京理工大学\2023\October已经全部完成，无需再次进行！
2025-03-27 03:54:23,145 - crawl.py[line:43] - INFO: downloads\4111010007_北京理工大学\2023\November文件夹已经建立
