2025-03-24 22:49:01,900 - make_task_list.py[line:106] - INFO: 任务是school-year-month形
2025-03-24 22:49:02,084 - make_task_list.py[line:106] - INFO: 任务是school-year-month形
2025-03-24 22:49:02,130 - crawl.py[line:81] - INFO: downloads\4111010006_北京航空航天大学\2022\February文件夹已经建立
2025-03-24 22:49:02,130 - crawl.py[line:81] - INFO: downloads\4111010006_北京航空航天大学\2022\January文件夹已经建立
2025-03-24 22:49:02,130 - crawl.py[line:81] - INFO: downloads\4111010006_北京航空航天大学\2022\March文件夹已经建立
2025-03-24 22:49:02,131 - crawl.py[line:81] - INFO: downloads\4111010006_北京航空航天大学\2022\April文件夹已经建立
2025-03-24 22:49:02,131 - crawl.py[line:85] - INFO: downloads\4111010006_北京航空航天大学\2022\March已经全部完成，无需再次进行！
2025-03-24 22:49:02,131 - crawl.py[line:85] - INFO: downloads\4111010006_北京航空航天大学\2022\January已经全部完成，无需再次进行！
2025-03-24 22:49:02,132 - crawl.py[line:85] - INFO: downloads\4111010006_北京航空航天大学\2022\April已经全部完成，无需再次进行！
2025-03-24 22:49:02,133 - crawl.py[line:85] - INFO: downloads\4111010006_北京航空航天大学\2022\February已经全部完成，无需再次进行！
2025-03-24 22:49:02,133 - crawl.py[line:81] - INFO: downloads\4111010006_北京航空航天大学\2022\May文件夹已经建立
2025-03-24 22:49:02,134 - crawl.py[line:85] - INFO: downloads\4111010006_北京航空航天大学\2022\May已经全部完成，无需再次进行！
2025-03-24 22:49:02,134 - crawl.py[line:81] - INFO: downloads\4111010006_北京航空航天大学\2022\July文件夹已经建立
2025-03-24 22:49:02,134 - crawl.py[line:81] - INFO: downloads\4111010006_北京航空航天大学\2022\June文件夹已经建立
2025-03-24 22:49:02,135 - crawl.py[line:81] - INFO: downloads\4111010006_北京航空航天大学\2022\August文件夹已经建立
2025-03-24 22:49:02,136 - crawl.py[line:85] - INFO: downloads\4111010006_北京航空航天大学\2022\July已经全部完成，无需再次进行！
2025-03-24 22:49:02,136 - crawl.py[line:85] - INFO: downloads\4111010006_北京航空航天大学\2022\August已经全部完成，无需再次进行！
2025-03-24 22:49:02,136 - crawl.py[line:81] - INFO: downloads\4111010006_北京航空航天大学\2022\September文件夹已经建立
2025-03-24 22:49:02,137 - crawl.py[line:85] - INFO: downloads\4111010006_北京航空航天大学\2022\June已经全部完成，无需再次进行！
2025-03-24 22:49:02,138 - crawl.py[line:81] - INFO: downloads\4111010006_北京航空航天大学\2022\November文件夹已经建立
2025-03-24 22:49:02,138 - crawl.py[line:81] - INFO: downloads\4111010006_北京航空航天大学\2022\October文件夹已经建立
2025-03-24 22:49:02,139 - crawl.py[line:85] - INFO: downloads\4111010006_北京航空航天大学\2022\September已经全部完成，无需再次进行！
2025-03-24 22:49:02,139 - crawl.py[line:85] - INFO: downloads\4111010006_北京航空航天大学\2022\November已经全部完成，无需再次进行！
2025-03-24 22:49:02,139 - crawl.py[line:85] - INFO: downloads\4111010006_北京航空航天大学\2022\October已经全部完成，无需再次进行！
2025-03-24 22:49:02,140 - crawl.py[line:81] - INFO: downloads\4111010006_北京航空航天大学\2022\December文件夹已经建立
2025-03-24 22:49:02,140 - crawl.py[line:81] - INFO: downloads\4111010006_北京航空航天大学\2023\March文件夹已经建立
2025-03-24 22:49:02,141 - crawl.py[line:85] - INFO: downloads\4111010006_北京航空航天大学\2022\December已经全部完成，无需再次进行！
2025-03-24 22:49:02,141 - crawl.py[line:81] - INFO: downloads\4111010006_北京航空航天大学\2023\January文件夹已经建立
2025-03-24 22:49:02,141 - crawl.py[line:85] - INFO: downloads\4111010006_北京航空航天大学\2023\March已经全部完成，无需再次进行！
2025-03-24 22:49:02,142 - crawl.py[line:85] - INFO: downloads\4111010006_北京航空航天大学\2023\January已经全部完成，无需再次进行！
2025-03-24 22:49:02,142 - crawl.py[line:81] - INFO: downloads\4111010006_北京航空航天大学\2023\February文件夹已经建立
2025-03-24 22:49:02,142 - crawl.py[line:85] - INFO: downloads\4111010006_北京航空航天大学\2023\February已经全部完成，无需再次进行！
2025-03-24 22:49:02,144 - crawl.py[line:81] - INFO: downloads\4111010006_北京航空航天大学\2023\April文件夹已经建立
2025-03-24 22:49:02,155 - crawl.py[line:81] - INFO: downloads\4111010006_北京航空航天大学\2023\December文件夹已经建立
2025-03-24 22:49:02,155 - crawl.py[line:81] - INFO: downloads\4111010006_北京航空航天大学\2023\August文件夹已经建立
2025-03-24 22:49:02,156 - crawl.py[line:81] - INFO: downloads\4111010006_北京航空航天大学\2023\July文件夹已经建立
2025-03-24 22:49:02,156 - crawl.py[line:81] - INFO: downloads\4111010006_北京航空航天大学\2023\November文件夹已经建立
2025-03-24 22:49:02,156 - crawl.py[line:81] - INFO: downloads\4111010006_北京航空航天大学\2023\June文件夹已经建立
2025-03-24 22:49:02,192 - crawl.py[line:85] - INFO: downloads\4111010006_北京航空航天大学\2023\April已经全部完成，无需再次进行！
2025-03-24 22:49:02,171 - crawl.py[line:81] - INFO: downloads\4111010006_北京航空航天大学\2023\October文件夹已经建立
2025-03-24 22:49:02,172 - crawl.py[line:81] - INFO: downloads\4111010006_北京航空航天大学\2023\May文件夹已经建立
2025-03-24 22:49:02,172 - crawl.py[line:85] - INFO: downloads\4111010006_北京航空航天大学\2023\July已经全部完成，无需再次进行！
2025-03-24 22:49:02,192 - crawl.py[line:85] - INFO: downloads\4111010006_北京航空航天大学\2023\August已经全部完成，无需再次进行！
2025-03-24 22:49:02,156 - crawl.py[line:81] - INFO: downloads\4111010006_北京航空航天大学\2023\September文件夹已经建立
2025-03-24 22:49:02,203 - crawl.py[line:81] - INFO: downloads\4111010006_北京航空航天大学\2024\January文件夹已经建立
2025-03-24 22:49:02,233 - crawl.py[line:85] - INFO: downloads\4111010006_北京航空航天大学\2023\June已经全部完成，无需再次进行！
2025-03-24 22:49:02,282 - crawl.py[line:81] - INFO: downloads\4111010006_北京航空航天大学\2024\March文件夹已经建立
2025-03-24 22:49:02,296 - crawl.py[line:81] - INFO: downloads\4111010006_北京航空航天大学\2024\April文件夹已经建立
2025-03-24 22:49:02,297 - crawl.py[line:81] - INFO: downloads\4111010006_北京航空航天大学\2024\February文件夹已经建立
2025-03-24 22:49:02,297 - crawl.py[line:85] - INFO: downloads\4111010006_北京航空航天大学\2023\November已经全部完成，无需再次进行！
2025-03-24 22:49:02,298 - crawl.py[line:85] - INFO: downloads\4111010006_北京航空航天大学\2023\September已经全部完成，无需再次进行！
2025-03-24 22:49:02,331 - crawl.py[line:81] - INFO: downloads\4111010006_北京航空航天大学\2024\May文件夹已经建立
2025-03-24 22:49:02,357 - crawl.py[line:81] - INFO: downloads\4111010006_北京航空航天大学\2024\July文件夹已经建立
2025-03-24 22:49:02,358 - crawl.py[line:81] - INFO: downloads\4111010006_北京航空航天大学\2024\June文件夹已经建立
2025-03-24 22:50:10,596 - crawl.py[line:81] - INFO: downloads\4111010006_北京航空航天大学\2024\August文件夹已经建立
2025-03-24 22:50:10,969 - crawl.py[line:81] - INFO: downloads\4111010006_北京航空航天大学\2024\September文件夹已经建立
2025-03-24 22:50:11,031 - crawl.py[line:81] - INFO: downloads\4111010006_北京航空航天大学\2024\October文件夹已经建立
2025-03-24 22:50:11,203 - crawl.py[line:81] - INFO: downloads\4111010006_北京航空航天大学\2024\November文件夹已经建立
2025-03-24 22:50:11,386 - crawl.py[line:81] - INFO: downloads\4111010006_北京航空航天大学\2024\December文件夹已经建立
2025-03-24 22:50:11,669 - crawl.py[line:81] - INFO: downloads\4111010007_北京理工大学\2022\January文件夹已经建立
2025-03-24 22:50:11,914 - crawl.py[line:81] - INFO: downloads\4111010007_北京理工大学\2022\February文件夹已经建立
2025-03-24 22:50:11,964 - crawl.py[line:81] - INFO: downloads\4111010007_北京理工大学\2022\March文件夹已经建立
2025-03-24 22:50:12,158 - crawl.py[line:81] - INFO: downloads\4111010007_北京理工大学\2022\April文件夹已经建立
2025-03-24 22:50:30,406 - crawl.py[line:81] - INFO: downloads\4111010007_北京理工大学\2022\June文件夹已经建立
2025-03-24 22:50:30,409 - crawl.py[line:81] - INFO: downloads\4111010007_北京理工大学\2022\August文件夹已经建立
2025-03-24 22:50:30,409 - crawl.py[line:81] - INFO: downloads\4111010007_北京理工大学\2023\January文件夹已经建立
2025-03-24 22:50:30,410 - crawl.py[line:81] - INFO: downloads\4111010007_北京理工大学\2022\May文件夹已经建立
2025-03-24 22:50:30,410 - crawl.py[line:81] - INFO: downloads\4111010007_北京理工大学\2022\September文件夹已经建立
2025-03-24 22:50:30,410 - crawl.py[line:81] - INFO: downloads\4111010007_北京理工大学\2022\October文件夹已经建立
2025-03-24 22:50:30,411 - crawl.py[line:81] - INFO: downloads\4111010007_北京理工大学\2022\November文件夹已经建立
2025-03-24 22:50:30,414 - crawl.py[line:81] - INFO: downloads\4111010007_北京理工大学\2022\December文件夹已经建立
2025-03-24 22:50:30,417 - crawl.py[line:81] - INFO: downloads\4111010007_北京理工大学\2022\July文件夹已经建立
2025-03-24 22:50:30,579 - crawl.py[line:81] - INFO: downloads\4111010007_北京理工大学\2023\February文件夹已经建立
