2025-03-24 22:40:23,465 - make_task_list.py[line:106] - INFO: 任务是school-year-month形
2025-03-24 22:40:23,631 - make_task_list.py[line:106] - INFO: 任务是school-year-month形
2025-03-24 22:40:23,643 - crawl.py[line:81] - INFO: downloads\4111010006_北京航空航天大学\2022\January文件夹已经建立
2025-03-24 22:40:23,644 - crawl.py[line:81] - INFO: downloads\4111010006_北京航空航天大学\2022\February文件夹已经建立
2025-03-24 22:40:23,644 - crawl.py[line:85] - INFO: downloads\4111010006_北京航空航天大学\2022\January已经全部完成，无需再次进行！
2025-03-24 22:40:23,645 - crawl.py[line:85] - INFO: downloads\4111010006_北京航空航天大学\2022\February已经全部完成，无需再次进行！
2025-03-24 22:40:23,646 - crawl.py[line:81] - INFO: downloads\4111010006_北京航空航天大学\2022\March文件夹已经建立
2025-03-24 22:40:23,646 - crawl.py[line:81] - INFO: downloads\4111010006_北京航空航天大学\2022\May文件夹已经建立
2025-03-24 22:40:23,646 - crawl.py[line:81] - INFO: downloads\4111010006_北京航空航天大学\2022\April文件夹已经建立
2025-03-24 22:40:23,647 - crawl.py[line:81] - INFO: downloads\4111010006_北京航空航天大学\2022\June文件夹已经建立
2025-03-24 22:40:23,648 - crawl.py[line:81] - INFO: downloads\4111010006_北京航空航天大学\2022\July文件夹已经建立
2025-03-24 22:40:23,770 - crawl.py[line:85] - INFO: downloads\4111010006_北京航空航天大学\2022\July已经全部完成，无需再次进行！
2025-03-24 22:40:23,770 - crawl.py[line:81] - INFO: downloads\4111010006_北京航空航天大学\2023\January文件夹已经建立
2025-03-24 22:40:23,771 - crawl.py[line:85] - INFO: downloads\4111010006_北京航空航天大学\2023\January已经全部完成，无需再次进行！
2025-03-24 22:40:23,648 - crawl.py[line:81] - INFO: downloads\4111010006_北京航空航天大学\2022\August文件夹已经建立
2025-03-24 22:40:23,722 - crawl.py[line:81] - INFO: downloads\4111010006_北京航空航天大学\2022\December文件夹已经建立
2025-03-24 22:40:23,722 - crawl.py[line:85] - INFO: downloads\4111010006_北京航空航天大学\2022\March已经全部完成，无需再次进行！
2025-03-24 22:40:23,769 - crawl.py[line:85] - INFO: downloads\4111010006_北京航空航天大学\2022\April已经全部完成，无需再次进行！
2025-03-24 22:40:23,649 - crawl.py[line:81] - INFO: downloads\4111010006_北京航空航天大学\2022\September文件夹已经建立
2025-03-24 22:40:23,649 - crawl.py[line:81] - INFO: downloads\4111010006_北京航空航天大学\2022\October文件夹已经建立
2025-03-24 22:40:23,658 - crawl.py[line:81] - INFO: downloads\4111010006_北京航空航天大学\2022\November文件夹已经建立
2025-03-24 22:40:23,771 - crawl.py[line:85] - INFO: downloads\4111010006_北京航空航天大学\2022\May已经全部完成，无需再次进行！
2025-03-24 22:40:23,817 - crawl.py[line:85] - INFO: downloads\4111010006_北京航空航天大学\2022\October已经全部完成，无需再次进行！
2025-03-24 22:40:23,771 - crawl.py[line:85] - INFO: downloads\4111010006_北京航空航天大学\2022\June已经全部完成，无需再次进行！
2025-03-24 22:40:23,785 - crawl.py[line:85] - INFO: downloads\4111010006_北京航空航天大学\2022\August已经全部完成，无需再次进行！
2025-03-24 22:40:23,785 - crawl.py[line:85] - INFO: downloads\4111010006_北京航空航天大学\2022\December已经全部完成，无需再次进行！
2025-03-24 22:40:23,816 - crawl.py[line:81] - INFO: downloads\4111010006_北京航空航天大学\2023\March文件夹已经建立
2025-03-24 22:40:23,816 - crawl.py[line:81] - INFO: downloads\4111010006_北京航空航天大学\2023\April文件夹已经建立
2025-03-24 22:40:23,817 - crawl.py[line:85] - INFO: downloads\4111010006_北京航空航天大学\2022\September已经全部完成，无需再次进行！
2025-03-24 22:40:23,772 - crawl.py[line:81] - INFO: downloads\4111010006_北京航空航天大学\2023\February文件夹已经建立
2025-03-24 22:40:23,832 - crawl.py[line:81] - INFO: downloads\4111010006_北京航空航天大学\2023\May文件夹已经建立
2025-03-24 22:40:23,847 - crawl.py[line:81] - INFO: downloads\4111010006_北京航空航天大学\2023\June文件夹已经建立
2025-03-24 22:40:23,859 - crawl.py[line:81] - INFO: downloads\4111010006_北京航空航天大学\2023\July文件夹已经建立
2025-03-24 22:40:23,879 - crawl.py[line:81] - INFO: downloads\4111010006_北京航空航天大学\2023\August文件夹已经建立
2025-03-24 22:40:23,894 - crawl.py[line:85] - INFO: downloads\4111010006_北京航空航天大学\2022\November已经全部完成，无需再次进行！
2025-03-24 22:40:23,899 - crawl.py[line:81] - INFO: downloads\4111010006_北京航空航天大学\2023\September文件夹已经建立
2025-03-24 22:40:23,942 - crawl.py[line:85] - INFO: downloads\4111010006_北京航空航天大学\2023\March已经全部完成，无需再次进行！
2025-03-24 22:40:24,037 - crawl.py[line:81] - INFO: downloads\4111010006_北京航空航天大学\2023\December文件夹已经建立
2025-03-24 22:40:24,039 - crawl.py[line:85] - INFO: downloads\4111010006_北京航空航天大学\2023\September已经全部完成，无需再次进行！
2025-03-24 22:40:23,942 - crawl.py[line:85] - INFO: downloads\4111010006_北京航空航天大学\2023\April已经全部完成，无需再次进行！
2025-03-24 22:40:23,943 - crawl.py[line:81] - INFO: downloads\4111010006_北京航空航天大学\2023\October文件夹已经建立
2025-03-24 22:40:23,943 - crawl.py[line:85] - INFO: downloads\4111010006_北京航空航天大学\2023\February已经全部完成，无需再次进行！
2025-03-24 22:40:24,019 - crawl.py[line:85] - INFO: downloads\4111010006_北京航空航天大学\2023\August已经全部完成，无需再次进行！
2025-03-24 22:40:24,035 - crawl.py[line:81] - INFO: downloads\4111010006_北京航空航天大学\2023\November文件夹已经建立
2025-03-24 22:40:24,040 - crawl.py[line:81] - INFO: downloads\4111010006_北京航空航天大学\2024\January文件夹已经建立
2025-03-24 22:40:24,040 - crawl.py[line:81] - INFO: downloads\4111010006_北京航空航天大学\2024\February文件夹已经建立
2025-03-24 22:40:23,974 - crawl.py[line:85] - INFO: downloads\4111010006_北京航空航天大学\2023\July已经全部完成，无需再次进行！
2025-03-24 22:40:23,989 - crawl.py[line:85] - INFO: downloads\4111010006_北京航空航天大学\2023\June已经全部完成，无需再次进行！
2025-03-24 22:40:24,058 - crawl.py[line:81] - INFO: downloads\4111010006_北京航空航天大学\2024\March文件夹已经建立
2025-03-24 22:40:24,058 - crawl.py[line:85] - INFO: downloads\4111010006_北京航空航天大学\2023\November已经全部完成，无需再次进行！
2025-03-24 22:40:24,081 - crawl.py[line:81] - INFO: downloads\4111010006_北京航空航天大学\2024\April文件夹已经建立
2025-03-24 22:40:24,106 - crawl.py[line:81] - INFO: downloads\4111010006_北京航空航天大学\2024\May文件夹已经建立
2025-03-24 22:40:24,112 - crawl.py[line:81] - INFO: downloads\4111010006_北京航空航天大学\2024\June文件夹已经建立
2025-03-24 22:40:24,135 - crawl.py[line:81] - INFO: downloads\4111010006_北京航空航天大学\2024\July文件夹已经建立
2025-03-24 22:41:32,313 - crawl.py[line:81] - INFO: downloads\4111010006_北京航空航天大学\2024\August文件夹已经建立
2025-03-24 22:41:32,814 - crawl.py[line:81] - INFO: downloads\4111010006_北京航空航天大学\2024\September文件夹已经建立
2025-03-24 22:41:32,816 - crawl.py[line:81] - INFO: downloads\4111010006_北京航空航天大学\2024\October文件夹已经建立
2025-03-24 22:41:32,837 - crawl.py[line:81] - INFO: downloads\4111010006_北京航空航天大学\2024\November文件夹已经建立
2025-03-24 22:41:33,348 - crawl.py[line:195] - ERROR: 尝试次数超过设定次数，此次搜索作废，之后再议
2025-03-24 22:41:33,377 - crawl.py[line:81] - INFO: downloads\4111010006_北京航空航天大学\2024\December文件夹已经建立
2025-03-24 22:41:33,624 - crawl.py[line:81] - INFO: downloads\4111010007_北京理工大学\2022\January文件夹已经建立
2025-03-24 22:41:33,872 - crawl.py[line:81] - INFO: downloads\4111010007_北京理工大学\2022\February文件夹已经建立
2025-03-24 22:41:33,918 - crawl.py[line:195] - ERROR: 尝试次数超过设定次数，此次搜索作废，之后再议
2025-03-24 22:41:33,959 - crawl.py[line:81] - INFO: downloads\4111010007_北京理工大学\2022\March文件夹已经建立
2025-03-24 22:41:35,824 - crawl.py[line:195] - ERROR: 尝试次数超过设定次数，此次搜索作废，之后再议
2025-03-24 22:41:35,855 - crawl.py[line:81] - INFO: downloads\4111010007_北京理工大学\2022\April文件夹已经建立
2025-03-24 22:41:45,211 - crawl.py[line:195] - ERROR: 尝试次数超过设定次数，此次搜索作废，之后再议
2025-03-24 22:41:45,242 - crawl.py[line:81] - INFO: downloads\4111010007_北京理工大学\2022\May文件夹已经建立
2025-03-24 22:41:45,644 - crawl.py[line:195] - ERROR: 尝试次数超过设定次数，此次搜索作废，之后再议
2025-03-24 22:41:45,682 - crawl.py[line:81] - INFO: downloads\4111010007_北京理工大学\2022\June文件夹已经建立
2025-03-24 22:41:45,836 - crawl.py[line:195] - ERROR: 尝试次数超过设定次数，此次搜索作废，之后再议
2025-03-24 22:41:45,876 - crawl.py[line:81] - INFO: downloads\4111010007_北京理工大学\2022\July文件夹已经建立
2025-03-24 22:41:45,944 - crawl.py[line:195] - ERROR: 尝试次数超过设定次数，此次搜索作废，之后再议
2025-03-24 22:41:46,017 - crawl.py[line:81] - INFO: downloads\4111010007_北京理工大学\2022\August文件夹已经建立
2025-03-24 22:41:46,172 - crawl.py[line:195] - ERROR: 尝试次数超过设定次数，此次搜索作废，之后再议
2025-03-24 22:41:46,194 - crawl.py[line:81] - INFO: downloads\4111010007_北京理工大学\2022\September文件夹已经建立
2025-03-24 22:41:46,324 - crawl.py[line:195] - ERROR: 尝试次数超过设定次数，此次搜索作废，之后再议
2025-03-24 22:41:46,361 - crawl.py[line:81] - INFO: downloads\4111010007_北京理工大学\2022\October文件夹已经建立
2025-03-24 22:41:46,620 - crawl.py[line:195] - ERROR: 尝试次数超过设定次数，此次搜索作废，之后再议
2025-03-24 22:41:46,662 - crawl.py[line:81] - INFO: downloads\4111010007_北京理工大学\2022\November文件夹已经建立
2025-03-24 22:41:46,811 - crawl.py[line:195] - ERROR: 尝试次数超过设定次数，此次搜索作废，之后再议
2025-03-24 22:41:46,821 - crawl.py[line:81] - INFO: downloads\4111010007_北京理工大学\2022\December文件夹已经建立
2025-03-24 22:41:46,947 - crawl.py[line:195] - ERROR: 尝试次数超过设定次数，此次搜索作废，之后再议
2025-03-24 22:41:46,983 - crawl.py[line:81] - INFO: downloads\4111010007_北京理工大学\2023\January文件夹已经建立
2025-03-24 22:41:47,265 - crawl.py[line:195] - ERROR: 尝试次数超过设定次数，此次搜索作废，之后再议
2025-03-24 22:41:47,299 - crawl.py[line:81] - INFO: downloads\4111010007_北京理工大学\2023\February文件夹已经建立
