2025-03-26 19:22:03,993 - make_task_list.py[line:51] - INFO: 任务是paper形
2025-03-26 19:22:03,998 - make_task_list.py[line:51] - INFO: 任务是paper形
2025-03-26 19:22:04,005 - crawl.py[line:81] - INFO: downloads\如何认识负利率政策及其影响文件夹已经建立
2025-03-26 19:22:04,007 - crawl.py[line:81] - INFO: downloads\数据生产要素的基础理论构建：新结构经济学视角文件夹已经建立
2025-03-26 19:22:04,009 - crawl.py[line:81] - INFO: downloads\不同β受体阻滞剂对大鼠心肌间隙连接结构作用的对比研究文件夹已经建立
2025-03-26 19:22:04,012 - crawl.py[line:81] - INFO: downloads\用于全口义齿计算机辅助设计的虚拟半可调文件夹已经建立
2025-03-26 19:22:04,013 - crawl.py[line:81] - INFO: downloads\“东亚共同体”_地区与国家的观点文件夹已经建立
2025-03-26 19:22:04,014 - crawl.py[line:81] - INFO: downloads\试论利益集团在美国对华政策中的影响——以美国对华最惠国待遇政策为例文件夹已经建立
2025-03-26 19:22:04,028 - crawl.py[line:81] - INFO: downloads\中美战略合作展望_对机遇与挑战前景的评估文件夹已经建立
2025-03-26 19:22:04,042 - crawl.py[line:81] - INFO: downloads\偏振模色散对光纤数字通信系统影响的讨论文件夹已经建立
2025-03-26 19:22:04,071 - crawl.py[line:81] - INFO: downloads\南疆行记文件夹已经建立
2025-03-26 19:22:04,103 - crawl.py[line:81] - INFO: downloads\近年来CCA在气候分析与气候预测中的应用文件夹已经建立
2025-03-26 19:22:40,882 - crawl.py[line:123] - ERROR: 无法打开此网页，请检查是否网络出错或被封锁！
2025-03-26 19:22:41,120 - crawl.py[line:123] - ERROR: 无法打开此网页，请检查是否网络出错或被封锁！
2025-03-26 19:22:41,215 - crawl.py[line:123] - ERROR: 无法打开此网页，请检查是否网络出错或被封锁！
2025-03-26 19:22:41,215 - crawl.py[line:123] - ERROR: 无法打开此网页，请检查是否网络出错或被封锁！
2025-03-26 19:22:41,343 - crawl.py[line:123] - ERROR: 无法打开此网页，请检查是否网络出错或被封锁！
2025-03-26 19:22:41,532 - crawl.py[line:123] - ERROR: 无法打开此网页，请检查是否网络出错或被封锁！
2025-03-26 19:22:41,548 - crawl.py[line:123] - ERROR: 无法打开此网页，请检查是否网络出错或被封锁！
2025-03-26 19:22:41,673 - crawl.py[line:123] - ERROR: 无法打开此网页，请检查是否网络出错或被封锁！
2025-03-26 19:22:41,720 - crawl.py[line:123] - ERROR: 无法打开此网页，请检查是否网络出错或被封锁！
2025-03-26 19:22:42,420 - crawl.py[line:123] - ERROR: 无法打开此网页，请检查是否网络出错或被封锁！
2025-03-26 19:22:46,102 - crawl.py[line:81] - INFO: downloads\龟龄集胶囊治疗轻-中度老年认知障碍肾虚髓减证多中心随机双盲对照研究文件夹已经建立
2025-03-26 19:22:46,102 - crawl.py[line:81] - INFO: downloads\咬合板的临床应用特点文件夹已经建立
2025-03-26 19:22:46,321 - crawl.py[line:81] - INFO: downloads\专访富碳纳米材料领域代表人物——智林杰研究员文件夹已经建立
2025-03-26 19:23:19,476 - crawl.py[line:123] - ERROR: 无法打开此网页，请检查是否网络出错或被封锁！
2025-03-26 19:23:19,525 - crawl.py[line:123] - ERROR: 无法打开此网页，请检查是否网络出错或被封锁！
2025-03-26 19:23:19,540 - crawl.py[line:123] - ERROR: 无法打开此网页，请检查是否网络出错或被封锁！
